/scratch/chenyuan-data/SAGEN/llvm/llvm-4/clang/lib/Analysis/plugins/SAGenTestHandling/SAGenTestChecker.cpp: In member function ‘void {anonymous}::SAGenTestChecker::markFieldReleased(const clang::Expr*, llvm::StringRef, clang::ento::CheckerContext&) const’:
/scratch/chenyuan-data/SAGEN/llvm/llvm-4/clang/lib/Analysis/plugins/SAGenTestHandling/SAGenTestChecker.cpp:156:7: error: no matching function for call to ‘clang::ento::Loc::Loc()’
  156 |   Loc BL;
      |       ^~
In file included from /scratch/chenyuan-data/SAGEN/llvm/llvm-4/clang/include/clang/StaticAnalyzer/Core/PathSensitive/ConstraintManager.h:18,
                 from /scratch/chenyuan-data/SAGEN/llvm/llvm-4/clang/include/clang/StaticAnalyzer/Core/PathSensitive/ProgramState.h:17,
                 from /scratch/chenyuan-data/SAGEN/llvm/llvm-4/clang/include/clang/StaticAnalyzer/Core/PathSensitive/RangedConstraintManager.h:16,
                 from /scratch/chenyuan-data/SAGEN/llvm/llvm-4/clang/include/clang/StaticAnalyzer/Core/BugReporter/BugReporterVisitors.h:19,
                 from /scratch/chenyuan-data/SAGEN/llvm/llvm-4/clang/include/clang/StaticAnalyzer/Core/BugReporter/BugReporter.h:21,
                 from /scratch/chenyuan-data/SAGEN/llvm/llvm-4/clang/lib/Analysis/plugins/SAGenTestHandling/SAGenTestChecker.cpp:1:
/scratch/chenyuan-data/SAGEN/llvm/llvm-4/clang/include/clang/StaticAnalyzer/Core/PathSensitive/SVals.h:262:3: note: candidate: ‘clang::ento::Loc::Loc(clang::ento::SVal::SValKind, const void*)’
  262 |   Loc(SValKind Kind, const void *Data) : DefinedSVal(Kind, Data) {}
      |   ^~~
/scratch/chenyuan-data/SAGEN/llvm/llvm-4/clang/include/clang/StaticAnalyzer/Core/PathSensitive/SVals.h:262:3: note:   candidate expects 2 arguments, 0 provided
/scratch/chenyuan-data/SAGEN/llvm/llvm-4/clang/include/clang/StaticAnalyzer/Core/PathSensitive/SVals.h:260:7: note: candidate: ‘constexpr clang::ento::Loc::Loc(const clang::ento::Loc&)’
  260 | class Loc : public DefinedSVal {
      |       ^~~
/scratch/chenyuan-data/SAGEN/llvm/llvm-4/clang/include/clang/StaticAnalyzer/Core/PathSensitive/SVals.h:260:7: note:   candidate expects 1 argument, 0 provided
/scratch/chenyuan-data/SAGEN/llvm/llvm-4/clang/include/clang/StaticAnalyzer/Core/PathSensitive/SVals.h:260:7: note: candidate: ‘constexpr clang::ento::Loc::Loc(clang::ento::Loc&&)’
/scratch/chenyuan-data/SAGEN/llvm/llvm-4/clang/include/clang/StaticAnalyzer/Core/PathSensitive/SVals.h:260:7: note:   candidate expects 1 argument, 0 provided
/scratch/chenyuan-data/SAGEN/llvm/llvm-4/clang/lib/Analysis/plugins/SAGenTestHandling/SAGenTestChecker.cpp:162:23: error: ‘class clang::ento::SValBuilder’ has no member named ‘getLValue’; did you mean ‘getMinValue’?
  162 |   SVal FieldLoc = SVB.getLValue(TargetFD, BL);
      |                       ^~~~~~~~~
      |                       getMinValue
make[3]: *** [tools/clang/lib/Analysis/plugins/SAGenTestHandling/CMakeFiles/SAGenTestPlugin.dir/build.make:76: tools/clang/lib/Analysis/plugins/SAGenTestHandling/CMakeFiles/SAGenTestPlugin.dir/SAGenTestChecker.cpp.o] Error 1
make[2]: *** [CMakeFiles/Makefile2:31101: tools/clang/lib/Analysis/plugins/SAGenTestHandling/CMakeFiles/SAGenTestPlugin.dir/all] Error 2
make[1]: *** [CMakeFiles/Makefile2:31108: tools/clang/lib/Analysis/plugins/SAGenTestHandling/CMakeFiles/SAGenTestPlugin.dir/rule] Error 2
make: *** [Makefile:7495: SAGenTestPlugin] Error 2
