/scratch/chenyuan-data/SAGEN/llvm/llvm-4/clang/lib/Analysis/plugins/SAGenTestHandling/SAGenTestChecker.cpp: In member function ‘const clang::ento::MemRegion* {anonymous}::SAGenTestChecker::buildFieldRegion(const clang::ento::MemRegion*, const clang::FieldDecl*, clang::ento::CheckerContext&) const’:
/scratch/chenyuan-data/SAGEN/llvm/llvm-4/clang/lib/Analysis/plugins/SAGenTestHandling/SAGenTestChecker.cpp:179:35: error: invalid conversion from ‘const clang::ento::MemRegion*’ to ‘const clang::ento::SubRegion*’ [-fpermissive]
  179 |   return MRMgr.getFieldRegion(FD, BaseObj);
      |                                   ^~~~~~~
      |                                   |
      |                                   const clang::ento::MemRegion*
In file included from /scratch/chenyuan-data/SAGEN/llvm/llvm-4/clang/include/clang/StaticAnalyzer/Core/PathSensitive/BasicValueFactory.h:24,
                 from /scratch/chenyuan-data/SAGEN/llvm/llvm-4/clang/include/clang/StaticAnalyzer/Core/PathSensitive/SValBuilder.h:24,
                 from /scratch/chenyuan-data/SAGEN/llvm/llvm-4/clang/include/clang/StaticAnalyzer/Core/PathSensitive/ProgramState.h:21,
                 from /scratch/chenyuan-data/SAGEN/llvm/llvm-4/clang/include/clang/StaticAnalyzer/Core/PathSensitive/RangedConstraintManager.h:16,
                 from /scratch/chenyuan-data/SAGEN/llvm/llvm-4/clang/include/clang/StaticAnalyzer/Core/BugReporter/BugReporterVisitors.h:19,
                 from /scratch/chenyuan-data/SAGEN/llvm/llvm-4/clang/include/clang/StaticAnalyzer/Core/BugReporter/BugReporter.h:21,
                 from /scratch/chenyuan-data/SAGEN/llvm/llvm-4/clang/lib/Analysis/plugins/SAGenTestHandling/SAGenTestChecker.cpp:1:
/scratch/chenyuan-data/SAGEN/llvm/llvm-4/clang/include/clang/StaticAnalyzer/Core/PathSensitive/MemRegion.h:1519:54: note:   initializing argument 2 of ‘const clang::ento::FieldRegion* clang::ento::MemRegionManager::getFieldRegion(const clang::FieldDecl*, const clang::ento::SubRegion*)’
 1519 |                                     const SubRegion* superRegion);
      |                                     ~~~~~~~~~~~~~~~~~^~~~~~~~~~~
make[3]: *** [tools/clang/lib/Analysis/plugins/SAGenTestHandling/CMakeFiles/SAGenTestPlugin.dir/build.make:76: tools/clang/lib/Analysis/plugins/SAGenTestHandling/CMakeFiles/SAGenTestPlugin.dir/SAGenTestChecker.cpp.o] Error 1
make[2]: *** [CMakeFiles/Makefile2:31101: tools/clang/lib/Analysis/plugins/SAGenTestHandling/CMakeFiles/SAGenTestPlugin.dir/all] Error 2
make[1]: *** [CMakeFiles/Makefile2:31108: tools/clang/lib/Analysis/plugins/SAGenTestHandling/CMakeFiles/SAGenTestPlugin.dir/rule] Error 2
make: *** [Makefile:7495: SAGenTestPlugin] Error 2
