/scratch/chenyuan-data/SAGEN/llvm/llvm-4/clang/lib/Analysis/plugins/SAGenTestHandling/SAGenTestChecker.cpp:75:13: error: ‘Optional’ in namespace ‘llvm’ does not name a template type
   75 |       llvm::Optional<unsigned> getClassification(ProgramStateRef State, const MemRegion *R) const;
      |             ^~~~~~~~
/scratch/chenyuan-data/SAGEN/llvm/llvm-4/clang/lib/Analysis/plugins/SAGenTestHandling/SAGenTestChecker.cpp: In static member function ‘static const clang::ento::MemRegion* {anonymous}::SAGenTestChecker::resolveAlias(const clang::ento::MemRegion*, clang::ento::ProgramStateRef)’:
/scratch/chenyuan-data/SAGEN/llvm/llvm-4/clang/lib/Analysis/plugins/SAGenTestHandling/SAGenTestChecker.cpp:95:52: error: cannot convert ‘clang::ento::ProgramStatePartialTrait<llvm::ImmutableMap<const clang::ento::MemRegion*, const clang::ento::MemRegion*> >::lookup_type’ {aka ‘const clang::ento::MemRegion* const*’} to ‘const clang::ento::MemRegion*’ in initialization
   95 |     const MemRegion *Next = State->get<PtrAliasMap>(Cur);
      |                             ~~~~~~~~~~~~~~~~~~~~~~~^~~~~
      |                                                    |
      |                                                    clang::ento::ProgramStatePartialTrait<llvm::ImmutableMap<const clang::ento::MemRegion*, const clang::ento::MemRegion*> >::lookup_type {aka const clang::ento::MemRegion* const*}
/scratch/chenyuan-data/SAGEN/llvm/llvm-4/clang/lib/Analysis/plugins/SAGenTestHandling/SAGenTestChecker.cpp: In static member function ‘static const clang::Expr* {anonymous}::SAGenTestChecker::getRHSFromStore(const clang::Stmt*, const clang::ento::MemRegion*, clang::ento::CheckerContext&)’:
/scratch/chenyuan-data/SAGEN/llvm/llvm-4/clang/lib/Analysis/plugins/SAGenTestHandling/SAGenTestChecker.cpp:160:36: error: ‘class clang::ento::SValBuilder’ has no member named ‘getLValue’; did you mean ‘getMinValue’?
  160 |       SVal LV = C.getSValBuilder().getLValue(VD, C.getLocationContext());
      |                                    ^~~~~~~~~
      |                                    getMinValue
/scratch/chenyuan-data/SAGEN/llvm/llvm-4/clang/lib/Analysis/plugins/SAGenTestHandling/SAGenTestChecker.cpp: At global scope:
/scratch/chenyuan-data/SAGEN/llvm/llvm-4/clang/lib/Analysis/plugins/SAGenTestHandling/SAGenTestChecker.cpp:199:7: error: ‘Optional’ in namespace ‘llvm’ does not name a template type
  199 | llvm::Optional<unsigned> SAGenTestChecker::getClassification(ProgramStateRef State, const MemRegion *R) const {
      |       ^~~~~~~~
/scratch/chenyuan-data/SAGEN/llvm/llvm-4/clang/lib/Analysis/plugins/SAGenTestHandling/SAGenTestChecker.cpp: In member function ‘void {anonymous}::SAGenTestChecker::checkBind(clang::ento::SVal, clang::ento::SVal, const clang::Stmt*, clang::ento::CheckerContext&) const’:
/scratch/chenyuan-data/SAGEN/llvm/llvm-4/clang/lib/Analysis/plugins/SAGenTestHandling/SAGenTestChecker.cpp:255:20: error: ‘getClassification’ was not declared in this scope; did you mean ‘setClassification’?
  255 |       if (auto K = getClassification(State, RReg)) {
      |                    ^~~~~~~~~~~~~~~~~
      |                    setClassification
/scratch/chenyuan-data/SAGEN/llvm/llvm-4/clang/lib/Analysis/plugins/SAGenTestHandling/SAGenTestChecker.cpp: In member function ‘void {anonymous}::SAGenTestChecker::checkPostStmt(const clang::DeclStmt*, clang::ento::CheckerContext&) const’:
/scratch/chenyuan-data/SAGEN/llvm/llvm-4/clang/lib/Analysis/plugins/SAGenTestHandling/SAGenTestChecker.cpp:291:34: error: ‘class clang::ento::SValBuilder’ has no member named ‘getLValue’; did you mean ‘getMinValue’?
  291 |     SVal LV = C.getSValBuilder().getLValue(VD, C.getLocationContext());
      |                                  ^~~~~~~~~
      |                                  getMinValue
/scratch/chenyuan-data/SAGEN/llvm/llvm-4/clang/lib/Analysis/plugins/SAGenTestHandling/SAGenTestChecker.cpp:309:22: error: ‘getClassification’ was not declared in this scope; did you mean ‘setClassification’?
  309 |         if (auto K = getClassification(State, RReg)) {
      |                      ^~~~~~~~~~~~~~~~~
      |                      setClassification
make[3]: *** [tools/clang/lib/Analysis/plugins/SAGenTestHandling/CMakeFiles/SAGenTestPlugin.dir/build.make:76: tools/clang/lib/Analysis/plugins/SAGenTestHandling/CMakeFiles/SAGenTestPlugin.dir/SAGenTestChecker.cpp.o] Error 1
make[2]: *** [CMakeFiles/Makefile2:31101: tools/clang/lib/Analysis/plugins/SAGenTestHandling/CMakeFiles/SAGenTestPlugin.dir/all] Error 2
make[1]: *** [CMakeFiles/Makefile2:31108: tools/clang/lib/Analysis/plugins/SAGenTestHandling/CMakeFiles/SAGenTestPlugin.dir/rule] Error 2
make: *** [Makefile:7495: SAGenTestPlugin] Error 2
