In file included from /scratch/chenyuan-data/SAGEN/llvm/llvm-2/clang/include/clang/StaticAnalyzer/Core/PathSensitive/RangedConstraintManager.h:17,
                 from /scratch/chenyuan-data/SAGEN/llvm/llvm-2/clang/include/clang/StaticAnalyzer/Core/BugReporter/BugReporterVisitors.h:19,
                 from /scratch/chenyuan-data/SAGEN/llvm/llvm-2/clang/include/clang/StaticAnalyzer/Core/BugReporter/BugReporter.h:21,
                 from /scratch/chenyuan-data/SAGEN/llvm/llvm-2/clang/lib/Analysis/plugins/SAGenTestHandling/SAGenTestChecker.cpp:1:
/scratch/chenyuan-data/SAGEN/llvm/llvm-2/clang/include/clang/StaticAnalyzer/Core/PathSensitive/ProgramStateTrait.h:42:10: error: specialization of ‘template<class T> struct clang::ento::ProgramStateTrait’ in different namespace [-fpermissive]
   42 |   struct ProgramStateTrait<Name> : public ProgramStatePartialTrait<Name##Ty> { \
      |          ^~~~~~~~~~~~~~~~~~~~~~~
/scratch/chenyuan-data/SAGEN/llvm/llvm-2/clang/include/clang/StaticAnalyzer/Core/PathSensitive/ProgramStateTrait.h:42:10: note: in definition of macro ‘REGISTER_TRAIT_WITH_PROGRAMSTATE’
   42 |   struct ProgramStateTrait<Name> : public ProgramStatePartialTrait<Name##Ty> { \
      |          ^~~~~~~~~~~~~~~~~
/scratch/chenyuan-data/SAGEN/llvm/llvm-2/clang/lib/Analysis/plugins/SAGenTestHandling/SAGenTestChecker.cpp:27:1: note: in expansion of macro ‘REGISTER_MAP_WITH_PROGRAMSTATE’
   27 | REGISTER_MAP_WITH_PROGRAMSTATE(SymbolUpperBoundMap, SymbolRef, llvm::APSInt)
      | ^~~~~~~~~~~~~~~~~~~~~~~~~~~~~~
In file included from /scratch/chenyuan-data/SAGEN/llvm/llvm-2/clang/include/clang/StaticAnalyzer/Core/PathSensitive/RangedConstraintManager.h:16,
                 from /scratch/chenyuan-data/SAGEN/llvm/llvm-2/clang/include/clang/StaticAnalyzer/Core/BugReporter/BugReporterVisitors.h:19,
                 from /scratch/chenyuan-data/SAGEN/llvm/llvm-2/clang/include/clang/StaticAnalyzer/Core/BugReporter/BugReporter.h:21,
                 from /scratch/chenyuan-data/SAGEN/llvm/llvm-2/clang/lib/Analysis/plugins/SAGenTestHandling/SAGenTestChecker.cpp:1:
/scratch/chenyuan-data/SAGEN/llvm/llvm-2/clang/include/clang/StaticAnalyzer/Core/PathSensitive/ProgramState.h:51:30: note:   from definition of ‘template<class T> struct clang::ento::ProgramStateTrait’
   51 | template <typename T> struct ProgramStateTrait {
      |                              ^~~~~~~~~~~~~~~~~
In file included from /scratch/chenyuan-data/SAGEN/llvm/llvm-2/clang/include/clang/StaticAnalyzer/Core/PathSensitive/RangedConstraintManager.h:17,
                 from /scratch/chenyuan-data/SAGEN/llvm/llvm-2/clang/include/clang/StaticAnalyzer/Core/BugReporter/BugReporterVisitors.h:19,
                 from /scratch/chenyuan-data/SAGEN/llvm/llvm-2/clang/include/clang/StaticAnalyzer/Core/BugReporter/BugReporter.h:21,
                 from /scratch/chenyuan-data/SAGEN/llvm/llvm-2/clang/lib/Analysis/plugins/SAGenTestHandling/SAGenTestChecker.cpp:1:
/scratch/chenyuan-data/SAGEN/llvm/llvm-2/clang/include/clang/StaticAnalyzer/Core/PathSensitive/ProgramStateTrait.h:42:10: error: explicit specialization of ‘template<class T> struct clang::ento::ProgramStateTrait’ outside its namespace must use a nested-name-specifier [-fpermissive]
   42 |   struct ProgramStateTrait<Name> : public ProgramStatePartialTrait<Name##Ty> { \
      |          ^~~~~~~~~~~~~~~~~~~~~~~
/scratch/chenyuan-data/SAGEN/llvm/llvm-2/clang/include/clang/StaticAnalyzer/Core/PathSensitive/ProgramStateTrait.h:42:10: note: in definition of macro ‘REGISTER_TRAIT_WITH_PROGRAMSTATE’
   42 |   struct ProgramStateTrait<Name> : public ProgramStatePartialTrait<Name##Ty> { \
      |          ^~~~~~~~~~~~~~~~~
/scratch/chenyuan-data/SAGEN/llvm/llvm-2/clang/lib/Analysis/plugins/SAGenTestHandling/SAGenTestChecker.cpp:27:1: note: in expansion of macro ‘REGISTER_MAP_WITH_PROGRAMSTATE’
   27 | REGISTER_MAP_WITH_PROGRAMSTATE(SymbolUpperBoundMap, SymbolRef, llvm::APSInt)
      | ^~~~~~~~~~~~~~~~~~~~~~~~~~~~~~
/scratch/chenyuan-data/SAGEN/llvm/llvm-2/clang/include/clang/StaticAnalyzer/Core/PathSensitive/ProgramStateTrait.h:43:27: error: definition of ‘static void* clang::ento::ProgramStateTrait<{anonymous}::{anonymous}::SymbolUpperBoundMap>::GDMIndex()’ is not in namespace enclosing ‘clang::ento::ProgramStateTrait<{anonymous}::{anonymous}::SymbolUpperBoundMap>’ [-fpermissive]
   43 |     static void *GDMIndex() {                                                  \
      |                           ^
/scratch/chenyuan-data/SAGEN/llvm/llvm-2/clang/include/clang/StaticAnalyzer/Core/PathSensitive/ProgramStateTrait.h:88:5: note: in expansion of macro ‘REGISTER_TRAIT_WITH_PROGRAMSTATE’
   88 |     REGISTER_TRAIT_WITH_PROGRAMSTATE(Name, \
      |     ^~~~~~~~~~~~~~~~~~~~~~~~~~~~~~~~
/scratch/chenyuan-data/SAGEN/llvm/llvm-2/clang/lib/Analysis/plugins/SAGenTestHandling/SAGenTestChecker.cpp:27:1: note: in expansion of macro ‘REGISTER_MAP_WITH_PROGRAMSTATE’
   27 | REGISTER_MAP_WITH_PROGRAMSTATE(SymbolUpperBoundMap, SymbolRef, llvm::APSInt)
      | ^~~~~~~~~~~~~~~~~~~~~~~~~~~~~~
/scratch/chenyuan-data/SAGEN/llvm/llvm-2/clang/lib/Analysis/plugins/SAGenTestHandling/SAGenTestChecker.cpp: In static member function ‘static bool {anonymous}::SAGenTestChecker::getUpperBoundForCount(const clang::Expr*, clang::ento::CheckerContext&, llvm::APInt&, bool&, bool&)’:
/scratch/chenyuan-data/SAGEN/llvm/llvm-2/clang/lib/Analysis/plugins/SAGenTestHandling/SAGenTestChecker.cpp:184:55: error: could not convert ‘Map’ from ‘llvm::ImmutableMap<const clang::ento::SymExpr*, llvm::APSInt>’ to ‘bool’
  184 |       if (auto Map = State->get<SymbolUpperBoundMap>()) {
      |                                                       ^
      |                                                       |
      |                                                       llvm::ImmutableMap<const clang::ento::SymExpr*, llvm::APSInt>
/scratch/chenyuan-data/SAGEN/llvm/llvm-2/clang/lib/Analysis/plugins/SAGenTestHandling/SAGenTestChecker.cpp:196:53: error: could not convert ‘Map’ from ‘llvm::ImmutableMap<const clang::ento::SymExpr*, llvm::APSInt>’ to ‘bool’
  196 |     if (auto Map = State->get<SymbolUpperBoundMap>()) {
      |                                                     ^
      |                                                     |
      |                                                     llvm::ImmutableMap<const clang::ento::SymExpr*, llvm::APSInt>
/scratch/chenyuan-data/SAGEN/llvm/llvm-2/clang/lib/Analysis/plugins/SAGenTestHandling/SAGenTestChecker.cpp: In lambda function:
/scratch/chenyuan-data/SAGEN/llvm/llvm-2/clang/lib/Analysis/plugins/SAGenTestHandling/SAGenTestChecker.cpp:355:15: error: ‘class llvm::ImmutableMap<const clang::ento::SymExpr*, llvm::APSInt>’ has no member named ‘add’
  355 |     Map = Map.add(S, UB);
      |               ^~~
/scratch/chenyuan-data/SAGEN/llvm/llvm-2/clang/lib/Analysis/plugins/SAGenTestHandling/SAGenTestChecker.cpp: In member function ‘clang::ento::ProgramStateRef {anonymous}::SAGenTestChecker::recordUpperBoundFromBinarySymExpr(clang::ento::ProgramStateRef, const clang::ento::BinarySymExpr*, bool, const clang::ASTContext&) const’:
/scratch/chenyuan-data/SAGEN/llvm/llvm-2/clang/lib/Analysis/plugins/SAGenTestHandling/SAGenTestChecker.cpp:380:14: error: no match for ‘operator-=’ (operand types are ‘llvm::APSInt’ and ‘int’)
  380 |           UB -= 1;
      |           ~~~^~~~
In file included from /scratch/chenyuan-data/SAGEN/llvm/llvm-2/llvm/include/llvm/ADT/APFixedPoint.h:19,
                 from /scratch/chenyuan-data/SAGEN/llvm/llvm-2/clang/include/clang/AST/APValue.h:17,
                 from /scratch/chenyuan-data/SAGEN/llvm/llvm-2/clang/include/clang/AST/Stmt.h:16,
                 from /scratch/chenyuan-data/SAGEN/llvm/llvm-2/clang/include/clang/Analysis/PathDiagnostic.h:16,
                 from /scratch/chenyuan-data/SAGEN/llvm/llvm-2/clang/include/clang/StaticAnalyzer/Core/BugReporter/BugReporter.h:17,
                 from /scratch/chenyuan-data/SAGEN/llvm/llvm-2/clang/lib/Analysis/plugins/SAGenTestHandling/SAGenTestChecker.cpp:1:
/scratch/chenyuan-data/SAGEN/llvm/llvm-2/llvm/include/llvm/ADT/APSInt.h:244:11: note: candidate: ‘llvm::APSInt& llvm::APSInt::operator-=(const llvm::APSInt&)’
  244 |   APSInt &operator-=(const APSInt &RHS) {
      |           ^~~~~~~~
/scratch/chenyuan-data/SAGEN/llvm/llvm-2/llvm/include/llvm/ADT/APSInt.h:244:36: note:   no known conversion for argument 1 from ‘int’ to ‘const llvm::APSInt&’
  244 |   APSInt &operator-=(const APSInt &RHS) {
      |                      ~~~~~~~~~~~~~~^~~
/scratch/chenyuan-data/SAGEN/llvm/llvm-2/clang/lib/Analysis/plugins/SAGenTestHandling/SAGenTestChecker.cpp:392:14: error: no match for ‘operator-=’ (operand types are ‘llvm::APSInt’ and ‘int’)
  392 |           UB -= 1;
      |           ~~~^~~~
In file included from /scratch/chenyuan-data/SAGEN/llvm/llvm-2/llvm/include/llvm/ADT/APFixedPoint.h:19,
                 from /scratch/chenyuan-data/SAGEN/llvm/llvm-2/clang/include/clang/AST/APValue.h:17,
                 from /scratch/chenyuan-data/SAGEN/llvm/llvm-2/clang/include/clang/AST/Stmt.h:16,
                 from /scratch/chenyuan-data/SAGEN/llvm/llvm-2/clang/include/clang/Analysis/PathDiagnostic.h:16,
                 from /scratch/chenyuan-data/SAGEN/llvm/llvm-2/clang/include/clang/StaticAnalyzer/Core/BugReporter/BugReporter.h:17,
                 from /scratch/chenyuan-data/SAGEN/llvm/llvm-2/clang/lib/Analysis/plugins/SAGenTestHandling/SAGenTestChecker.cpp:1:
/scratch/chenyuan-data/SAGEN/llvm/llvm-2/llvm/include/llvm/ADT/APSInt.h:244:11: note: candidate: ‘llvm::APSInt& llvm::APSInt::operator-=(const llvm::APSInt&)’
  244 |   APSInt &operator-=(const APSInt &RHS) {
      |           ^~~~~~~~
/scratch/chenyuan-data/SAGEN/llvm/llvm-2/llvm/include/llvm/ADT/APSInt.h:244:36: note:   no known conversion for argument 1 from ‘int’ to ‘const llvm::APSInt&’
  244 |   APSInt &operator-=(const APSInt &RHS) {
      |                      ~~~~~~~~~~~~~~^~~
/scratch/chenyuan-data/SAGEN/llvm/llvm-2/clang/lib/Analysis/plugins/SAGenTestHandling/SAGenTestChecker.cpp:423:14: error: no match for ‘operator-=’ (operand types are ‘llvm::APSInt’ and ‘int’)
  423 |           UB -= 1;
      |           ~~~^~~~
In file included from /scratch/chenyuan-data/SAGEN/llvm/llvm-2/llvm/include/llvm/ADT/APFixedPoint.h:19,
                 from /scratch/chenyuan-data/SAGEN/llvm/llvm-2/clang/include/clang/AST/APValue.h:17,
                 from /scratch/chenyuan-data/SAGEN/llvm/llvm-2/clang/include/clang/AST/Stmt.h:16,
                 from /scratch/chenyuan-data/SAGEN/llvm/llvm-2/clang/include/clang/Analysis/PathDiagnostic.h:16,
                 from /scratch/chenyuan-data/SAGEN/llvm/llvm-2/clang/include/clang/StaticAnalyzer/Core/BugReporter/BugReporter.h:17,
                 from /scratch/chenyuan-data/SAGEN/llvm/llvm-2/clang/lib/Analysis/plugins/SAGenTestHandling/SAGenTestChecker.cpp:1:
/scratch/chenyuan-data/SAGEN/llvm/llvm-2/llvm/include/llvm/ADT/APSInt.h:244:11: note: candidate: ‘llvm::APSInt& llvm::APSInt::operator-=(const llvm::APSInt&)’
  244 |   APSInt &operator-=(const APSInt &RHS) {
      |           ^~~~~~~~
/scratch/chenyuan-data/SAGEN/llvm/llvm-2/llvm/include/llvm/ADT/APSInt.h:244:36: note:   no known conversion for argument 1 from ‘int’ to ‘const llvm::APSInt&’
  244 |   APSInt &operator-=(const APSInt &RHS) {
      |                      ~~~~~~~~~~~~~~^~~
/scratch/chenyuan-data/SAGEN/llvm/llvm-2/clang/lib/Analysis/plugins/SAGenTestHandling/SAGenTestChecker.cpp:441:14: error: no match for ‘operator-=’ (operand types are ‘llvm::APSInt’ and ‘int’)
  441 |           UB -= 1;
      |           ~~~^~~~
In file included from /scratch/chenyuan-data/SAGEN/llvm/llvm-2/llvm/include/llvm/ADT/APFixedPoint.h:19,
                 from /scratch/chenyuan-data/SAGEN/llvm/llvm-2/clang/include/clang/AST/APValue.h:17,
                 from /scratch/chenyuan-data/SAGEN/llvm/llvm-2/clang/include/clang/AST/Stmt.h:16,
                 from /scratch/chenyuan-data/SAGEN/llvm/llvm-2/clang/include/clang/Analysis/PathDiagnostic.h:16,
                 from /scratch/chenyuan-data/SAGEN/llvm/llvm-2/clang/include/clang/StaticAnalyzer/Core/BugReporter/BugReporter.h:17,
                 from /scratch/chenyuan-data/SAGEN/llvm/llvm-2/clang/lib/Analysis/plugins/SAGenTestHandling/SAGenTestChecker.cpp:1:
/scratch/chenyuan-data/SAGEN/llvm/llvm-2/llvm/include/llvm/ADT/APSInt.h:244:11: note: candidate: ‘llvm::APSInt& llvm::APSInt::operator-=(const llvm::APSInt&)’
  244 |   APSInt &operator-=(const APSInt &RHS) {
      |           ^~~~~~~~
/scratch/chenyuan-data/SAGEN/llvm/llvm-2/llvm/include/llvm/ADT/APSInt.h:244:36: note:   no known conversion for argument 1 from ‘int’ to ‘const llvm::APSInt&’
  244 |   APSInt &operator-=(const APSInt &RHS) {
      |                      ~~~~~~~~~~~~~~^~~
In file included from /scratch/chenyuan-data/SAGEN/llvm/llvm-2/clang/include/clang/Basic/LLVM.h:21,
                 from /scratch/chenyuan-data/SAGEN/llvm/llvm-2/clang/include/clang/AST/APValue.h:16,
                 from /scratch/chenyuan-data/SAGEN/llvm/llvm-2/clang/include/clang/AST/Stmt.h:16,
                 from /scratch/chenyuan-data/SAGEN/llvm/llvm-2/clang/include/clang/Analysis/PathDiagnostic.h:16,
                 from /scratch/chenyuan-data/SAGEN/llvm/llvm-2/clang/include/clang/StaticAnalyzer/Core/BugReporter/BugReporter.h:17,
                 from /scratch/chenyuan-data/SAGEN/llvm/llvm-2/clang/lib/Analysis/plugins/SAGenTestHandling/SAGenTestChecker.cpp:1:
/scratch/chenyuan-data/SAGEN/llvm/llvm-2/llvm/include/llvm/Support/Casting.h: In instantiation of ‘static bool llvm::isa_impl<To, From, Enabler>::doit(const From&) [with To = clang::ento::nonloc::SymbolVal; From = clang::ento::NonLoc; Enabler = void]’:
/scratch/chenyuan-data/SAGEN/llvm/llvm-2/llvm/include/llvm/Support/Casting.h:110:36:   required from ‘static bool llvm::isa_impl_cl<To, const From*>::doit(const From*) [with To = clang::ento::nonloc::SymbolVal; From = clang::ento::NonLoc]’
/scratch/chenyuan-data/SAGEN/llvm/llvm-2/llvm/include/llvm/Support/Casting.h:137:41:   required from ‘static bool llvm::isa_impl_wrap<To, FromTy, FromTy>::doit(const FromTy&) [with To = clang::ento::nonloc::SymbolVal; FromTy = const clang::ento::NonLoc*]’
/scratch/chenyuan-data/SAGEN/llvm/llvm-2/llvm/include/llvm/Support/Casting.h:129:13:   required from ‘static bool llvm::isa_impl_wrap<To, From, SimpleFrom>::doit(const From&) [with To = clang::ento::nonloc::SymbolVal; From = clang::ento::NonLoc* const; SimpleFrom = const clang::ento::NonLoc*]’
/scratch/chenyuan-data/SAGEN/llvm/llvm-2/llvm/include/llvm/Support/Casting.h:257:62:   required from ‘static bool llvm::CastIsPossible<To, From, Enable>::isPossible(const From&) [with To = clang::ento::nonloc::SymbolVal; From = clang::ento::NonLoc*; Enable = void]’
/scratch/chenyuan-data/SAGEN/llvm/llvm-2/llvm/include/llvm/Support/Casting.h:493:26:   required from ‘static llvm::CastInfo<To, From, Enable>::CastReturnType llvm::CastInfo<To, From, Enable>::doCastIfPossible(const From&) [with To = clang::ento::nonloc::SymbolVal; From = clang::ento::NonLoc*; Enable = void; llvm::CastInfo<To, From, Enable>::CastReturnType = clang::ento::nonloc::SymbolVal*]’
/scratch/chenyuan-data/SAGEN/llvm/llvm-2/llvm/include/llvm/Support/Casting.h:663:48:   required from ‘decltype(auto) llvm::dyn_cast(From*) [with To = clang::ento::nonloc::SymbolVal; From = clang::ento::NonLoc]’
/scratch/chenyuan-data/SAGEN/llvm/llvm-2/clang/lib/Analysis/plugins/SAGenTestHandling/SAGenTestChecker.cpp:460:53:   required from here
/scratch/chenyuan-data/SAGEN/llvm/llvm-2/llvm/include/llvm/Support/Casting.h:64:64: error: cannot convert ‘const clang::ento::NonLoc*’ to ‘clang::ento::SVal’
   64 |   static inline bool doit(const From &Val) { return To::classof(&Val); }
      |                                                     ~~~~~~~~~~~^~~~~~
In file included from /scratch/chenyuan-data/SAGEN/llvm/llvm-2/clang/include/clang/StaticAnalyzer/Core/PathSensitive/ConstraintManager.h:18,
                 from /scratch/chenyuan-data/SAGEN/llvm/llvm-2/clang/include/clang/StaticAnalyzer/Core/PathSensitive/ProgramState.h:17,
                 from /scratch/chenyuan-data/SAGEN/llvm/llvm-2/clang/include/clang/StaticAnalyzer/Core/PathSensitive/RangedConstraintManager.h:16,
                 from /scratch/chenyuan-data/SAGEN/llvm/llvm-2/clang/include/clang/StaticAnalyzer/Core/BugReporter/BugReporterVisitors.h:19,
                 from /scratch/chenyuan-data/SAGEN/llvm/llvm-2/clang/include/clang/StaticAnalyzer/Core/BugReporter/BugReporter.h:21,
                 from /scratch/chenyuan-data/SAGEN/llvm/llvm-2/clang/lib/Analysis/plugins/SAGenTestHandling/SAGenTestChecker.cpp:1:
/scratch/chenyuan-data/SAGEN/llvm/llvm-2/clang/include/clang/StaticAnalyzer/Core/PathSensitive/SVals.h:301:28: note:   initializing argument 1 of ‘static bool clang::ento::nonloc::SymbolVal::classof(clang::ento::SVal)’
  301 |   static bool classof(SVal V) { return V.getKind() == SymbolValKind; }
      |                       ~~~~~^
make[3]: *** [tools/clang/lib/Analysis/plugins/SAGenTestHandling/CMakeFiles/SAGenTestPlugin.dir/build.make:76: tools/clang/lib/Analysis/plugins/SAGenTestHandling/CMakeFiles/SAGenTestPlugin.dir/SAGenTestChecker.cpp.o] Error 1
make[2]: *** [CMakeFiles/Makefile2:29772: tools/clang/lib/Analysis/plugins/SAGenTestHandling/CMakeFiles/SAGenTestPlugin.dir/all] Error 2
make[1]: *** [CMakeFiles/Makefile2:29779: tools/clang/lib/Analysis/plugins/SAGenTestHandling/CMakeFiles/SAGenTestPlugin.dir/rule] Error 2
make: *** [Makefile:7495: SAGenTestPlugin] Error 2
