[  0%] Built target SAGenTestPlugin_exports
[  0%] Built target obj.clangSupport
[  0%] Built target LLVMSupportBlake3
[  0%] Built target llvm_vcsrevision_h
[  3%] Built target LLVMDemangle
[  3%] Built target obj.LLVMTableGenCommon
[ 13%] Built target LLVMSupport
[ 13%] Built target clangSupport
[ 13%] Built target LLVMBitstreamReader
[ 13%] Built target LLVMDebugInfoMSF
[ 13%] Built target LLVMTableGen
[ 13%] Built target LLVMOption
[ 16%] Built target LLVMDebugInfoCodeView
[ 16%] Built target llvm-min-tblgen
[ 16%] Built target clang-tblgen
[ 16%] Building RISCVTargetParserDef.inc...
[ 16%] Building GenVT.inc...
[ 16%] Building OMP.h.inc...
[ 16%] Building Attributes.inc...
[ 16%] Building NodeClasses.inc...
[ 16%] Building Attrs.inc...
[ 16%] Building AttrTextNodeDump.inc...
[ 16%] Building AttrImpl.inc...
[ 16%] Built target vt_gen
[ 16%] Building OMP.inc...
[ 16%] Building IntrinsicImpl.inc...
[ 16%] Built target ClangSyntaxNodeClasses
[ 16%] Built target omp_gen
[ 16%] Built target ClangAttrTextDump
[ 16%] Building AttrNodeTraverse.inc...
[ 16%] Built target ClangAttrClasses
[ 16%] Building AttrVisitor.inc...
[ 16%] Building IntrinsicEnums.inc...
[ 16%] Built target ClangAttrImpl
[ 16%] Building StmtNodes.inc...
[ 16%] Building DeclNodes.inc...
[ 16%] Built target ClangAttrTraverse
[ 16%] Building TypeNodes.inc...
[ 16%] Built target ClangStmtNodes
[ 16%] Built target ClangAttrVisitor
[ 16%] Building IntrinsicsAArch64.h...
[ 16%] Built target ClangDeclNodes
[ 16%] Built target ClangTypeNodes
[ 16%] Building AbstractBasicReader.inc...
[ 16%] Building AbstractBasicWriter.inc...
[ 16%] Building AbstractTypeReader.inc...
[ 16%] Building AbstractTypeWriter.inc...
[ 16%] Built target ClangAbstractBasicReader
[ 16%] Built target ClangAbstractTypeReader
[ 16%] Built target ClangAbstractBasicWriter
[ 16%] Building IntrinsicsAMDGPU.h...
[ 16%] Built target ClangAbstractTypeWriter
[ 16%] Building IntrinsicsARM.h...
[ 16%] Building CommentNodes.inc...
[ 16%] Building CommentHTMLTags.inc...
[ 16%] Built target ClangCommentNodes
[ 16%] Built target ClangCommentHTMLTags
[ 16%] Building CommentHTMLTagsProperties.inc...
[ 16%] Building CommentHTMLNamedCharacterReferences.inc...
[ 16%] Built target ClangCommentHTMLTagsProperties
[ 16%] Built target ClangCommentHTMLNamedCharacterReferences
[ 16%] Building CommentCommandInfo.inc...
[ 16%] Building CommentCommandList.inc...
[ 16%] Built target ClangCommentCommandInfo
[ 16%] Built target ClangCommentCommandList
[ 16%] Building DiagnosticAnalysisKinds.inc...
[ 16%] Building StmtDataCollectors.inc...
[ 16%] Built target StmtDataCollectors
[ 16%] Building DiagnosticASTKinds.inc...
[ 16%] Built target ClangDiagnosticAnalysis
[ 16%] Building DiagnosticCommentKinds.inc...
[ 16%] Built target ClangDiagnosticAST
[ 16%] Building DiagnosticCommonKinds.inc...
[ 16%] Built target ClangDiagnosticComment
[ 16%] Building IntrinsicsDirectX.h...
[ 16%] Building IntrinsicsBPF.h...
[ 16%] Built target ClangDiagnosticCommon
[ 16%] Building IntrinsicsHexagon.h...
[ 16%] Building DiagnosticCrossTUKinds.inc...
[ 16%] Building IntrinsicsLoongArch.h...
[ 16%] Building IntrinsicsMips.h...
[ 16%] Building DiagnosticDriverKinds.inc...
[ 16%] Built target ClangDiagnosticCrossTU
[ 16%] Building IntrinsicsNVPTX.h...
[ 16%] Built target ClangDiagnosticDriver
[ 16%] Building DiagnosticFrontendKinds.inc...
[ 16%] Built target ClangDiagnosticFrontend
[ 16%] Building DiagnosticLexKinds.inc...
[ 16%] Building DiagnosticParseKinds.inc...
[ 16%] Building IntrinsicsPowerPC.h...
[ 16%] Built target ClangDiagnosticLex
[ 16%] Building DiagnosticRefactoringKinds.inc...
[ 16%] Building IntrinsicsR600.h...
[ 16%] Built target ClangDiagnosticParse
[ 16%] Building DiagnosticSemaKinds.inc...
[ 16%] Building IntrinsicsRISCV.h...
[ 16%] Built target ClangDiagnosticRefactoring
[ 16%] Building IntrinsicsSPIRV.h...
[ 16%] Building IntrinsicsS390.h...
[ 16%] Built target ClangDiagnosticSema
[ 16%] Building DiagnosticSerializationKinds.inc...
[ 16%] Building IntrinsicsWebAssembly.h...
[ 16%] Built target ClangDiagnosticSerialization
[ 16%] Building DiagnosticGroups.inc...
[ 16%] Built target ClangDiagnosticGroups
[ 16%] Building DiagnosticIndexName.inc...
[ 16%] Building AttrList.inc...
[ 16%] Built target ClangAttrList
[ 16%] Built target ClangDiagnosticIndexName
[ 16%] Building AttrLeftSideMustPrintList.inc...
[ 16%] Building AttrLeftSideCanPrintList.inc...
[ 16%] Building AttrSubMatchRulesList.inc...
[ 16%] Built target ClangAttrMustPrintLeftList
[ 16%] Built target ClangAttrCanPrintLeftList
[ 16%] Building IntrinsicsX86.h...
[ 16%] Built target ClangAttrSubjectMatchRuleList
[ 16%] Building AttrHasAttributeImpl.inc...
[ 16%] Building RegularKeywordAttrInfo.inc...
[ 16%] Building arm_neon.inc...
[ 16%] Built target ClangAttrHasAttributeImpl
[ 16%] Built target ClangRegularKeywordAttrInfo
[ 16%] Building IntrinsicsXCore.h...
[ 16%] Building arm_fp16.inc...
[ 16%] Built target ClangARMNeon
[ 16%] Building IntrinsicsVE.h...
[ 16%] Built target ClangARMFP16
[ 16%] Building arm_mve_builtins.inc...
[ 16%] Building arm_mve_builtin_cg.inc...
[ 16%] Building arm_mve_builtin_sema.inc...
[ 16%] Building arm_mve_builtin_aliases.inc...
[ 16%] Built target ClangARMMveBuiltinsDef
[ 16%] Built target ClangARMMveBuiltinSema
[ 16%] Built target ClangARMMveBuiltinCG
[ 16%] Building arm_sve_builtins.inc...
[ 16%] Built target ClangARMMveBuiltinAliases
[ 16%] Building arm_sve_builtin_cg.inc...
[ 16%] Building arm_sve_typeflags.inc...
[ 16%] Building arm_sve_sema_rangechecks.inc...
[ 16%] Built target ClangARMSveTypeFlags
[ 16%] Built target RISCVTargetParserTableGen
[ 16%] Building arm_sve_streaming_attrs.inc...
[ 16%] Building arm_sme_builtins.inc...
[ 16%] Built target ClangARMSmeBuiltins
[ 16%] Built target ClangARMSveStreamingAttrs
[ 16%] Building arm_sme_builtin_cg.inc...
[ 16%] Building arm_sme_sema_rangechecks.inc...
[ 16%] Built target ClangARMSmeBuiltinCG
[ 16%] Built target ClangARMSveBuiltins
[ 16%] Built target ClangARMSveBuiltinCG
[ 16%] Built target ClangARMSmeSemaRangeChecks
[ 16%] Built target ClangARMSveSemaRangeChecks
[ 16%] Building arm_sme_streaming_attrs.inc...
[ 16%] Building arm_cde_builtin_cg.inc...
[ 16%] Building arm_cde_builtins.inc...
[ 16%] Building arm_sme_builtins_za_state.inc...
[ 16%] Built target ClangARMSmeStreamingAttrs
[ 16%] Building arm_cde_builtin_sema.inc...
[ 16%] Built target ClangARMCdeBuiltinsDef
[ 16%] Built target ClangARMCdeBuiltinCG
[ 16%] Built target ClangARMSmeBuiltinsZAState
[ 16%] Built target ClangARMCdeBuiltinSema
[ 16%] Building arm_cde_builtin_aliases.inc...
[ 16%] Building riscv_vector_builtins.inc...
[ 16%] Building riscv_vector_builtin_cg.inc...
[ 16%] Building riscv_vector_builtin_sema.inc...
[ 16%] Building riscv_sifive_vector_builtins.inc...
[ 16%] Built target ClangARMCdeBuiltinAliases
[ 16%] Building riscv_sifive_vector_builtin_cg.inc...
[ 16%] Built target ClangRISCVSiFiveVectorBuiltins
[ 16%] Built target ClangRISCVSiFiveVectorBuiltinCG
[ 16%] Building riscv_sifive_vector_builtin_sema.inc...
[ 16%] Built target ClangRISCVSiFiveVectorBuiltinSema
[ 16%] Built target LLVMCodeGenTypes
[ 16%] Building AttrParserStringSwitches.inc...
[ 16%] Built target LLVMTableGenGlobalISel
[ 16%] Built target intrinsics_gen
[ 16%] Building AttrSubMatchRulesParserStringSwitches.inc...
[ 16%] Building AttrTemplateInstantiate.inc...
[ 16%] Building AttrParsedAttrList.inc...
[ 16%] Built target ClangAttrParserStringSwitches
[ 16%] Building AttrParsedAttrKinds.inc...
[ 16%] Built target ClangAttrSubMatchRulesParserStringSwitches
[ 16%] Built target ClangAttrParsedAttrList
[ 16%] Built target ClangAttrTemplateInstantiate
[ 16%] Building AttrSpellingListIndex.inc...
[ 16%] Built target ClangAttrParsedAttrKinds
[ 16%] Building AttrParsedAttrImpl.inc...
[ 16%] Building AttrPCHRead.inc...
[ 16%] Building AttrPCHWrite.inc...
[ 16%] Built target ClangAttrSpellingListIndex
[ 16%] Building Checkers.inc...
[ 16%] Built target ClangSACheckers
[ 16%] Built target ClangAttrPCHWrite
[ 16%] Building Nodes.inc...
[ 16%] Built target ClangAttrPCHRead
[ 16%] Built target ClangAttrParsedAttrImpl
[ 16%] Built target ClangSyntaxNodeList
[ 16%] Built target ClangRISCVVectorBuiltins
[ 16%] Built target LLVMTargetParser
[ 16%] Built target LLVMDebugInfoBTF
[ 20%] Built target LLVMRemarks
[ 20%] Built target ClangRISCVVectorBuiltinSema
[ 20%] Built target ClangRISCVVectorBuiltinCG
[ 20%] Built target LLVMWindowsDriver
[ 20%] Built target LLVMBinaryFormat
[ 23%] Built target llvm-tblgen
[ 26%] Built target LLVMTextAPI
[ 26%] Building Options.inc...
[ 30%] Built target LLVMMC
[ 33%] Built target LLVMCore
[ 36%] Built target LLVMMCParser
[ 36%] Built target LLVMFrontendHLSL
[ 36%] Built target ClangDriverOptions
[ 36%] Built target LLVMBitReader
[ 36%] Built target LLVMAsmParser
[ 36%] Built target clang-tablegen-targets
[ 36%] Built target LLVMIRReader
[ 36%] Building AttrDocTable.inc...
[ 36%] Building Opcodes.inc...
[ 40%] Building OpenCLBuiltins.inc...
[ 43%] Built target obj.clangAPINotes
[ 43%] Built target obj.clangASTMatchers
[ 43%] Built target obj.clangLex
[ 43%] Built target Opcodes
[ 43%] Built target ClangAttrDocTable
[ 46%] Built target obj.clangParse
[ 46%] Built target obj.clangEdit
[ 46%] Built target obj.clangCrossTU
[ 50%] Built target obj.clangBasic
[ 50%] Built target obj.clangRewrite
[ 53%] Built target obj.clangAnalysis
[ 53%] Built target obj.clangSerialization
[ 53%] Built target obj.clangToolingCore
[ 53%] Built target obj.clangToolingInclusions
[ 53%] Built target obj.clangIndex
[ 56%] Built target obj.clangFrontend
[ 56%] Built target obj.clangFormat
[ 60%] Built target obj.clangDriver
[ 60%] Built target ClangOpenCLBuiltinsImpl
[ 60%] Built target obj.clangStaticAnalyzerFrontend
[ 63%] Built target LLVMObject
[ 66%] Built target obj.clangStaticAnalyzerCore
[ 66%] Built target LLVMDebugInfoDWARF
[ 70%] Built target obj.clangSema
[ 73%] Built target obj.clangAST
[ 76%] Built target LLVMDebugInfoPDB
[ 76%] Built target LLVMSymbolize
[ 83%] Built target obj.clangStaticAnalyzerCheckers
[ 83%] Built target LLVMProfileData
[ 86%] Built target LLVMAnalysis
[ 90%] Built target LLVMTransformUtils
[ 90%] Built target LLVMFrontendOffloading
[ 90%] Built target LLVMAggressiveInstCombine
[ 93%] Built target LLVMInstCombine
[ 96%] Built target LLVMScalarOpts
[ 96%] Built target LLVMFrontendOpenMP
[ 96%] Built target clangBasic
[ 96%] Built target clangLex
[ 96%] Built target clangDriver
[ 96%] Built target clangAPINotes
[ 96%] Built target clangRewrite
[ 96%] Built target clangAST
[ 96%] Built target clangToolingCore
[ 96%] Built target clangASTMatchers
[ 96%] Built target clangEdit
[ 96%] Built target clangToolingInclusions
[ 96%] Built target clangAnalysis
[ 96%] Built target clangFormat
[ 96%] Built target clangSema
[ 96%] Built target clangSerialization
[ 96%] Built target clangParse
[ 96%] Built target clangFrontend
[ 96%] Built target clangIndex
[ 96%] Built target clangCrossTU
[ 96%] Built target clangStaticAnalyzerCore
[ 96%] Built target clangStaticAnalyzerCheckers
[ 96%] Built target clangStaticAnalyzerFrontend
Consolidate compiler generated dependencies of target SAGenTestPlugin
[ 96%] Building CXX object tools/clang/lib/Analysis/plugins/SAGenTestHandling/CMakeFiles/SAGenTestPlugin.dir/SAGenTestChecker.cpp.o
[100%] Linking CXX shared module ../../../../../../lib/SAGenTestPlugin.so
[100%] Built target SAGenTestPlugin
