/scratch/chenyuan-data/SAGEN/llvm/llvm-4/clang/lib/Analysis/plugins/SAGenTestHandling/SAGenTestChecker.cpp: In member function ‘void {anonymous}::SAGenTestChecker::checkPostStmt(const clang::BinaryOperator*, clang::ento::CheckerContext&) const’:
/scratch/chenyuan-data/SAGEN/llvm/llvm-4/clang/lib/Analysis/plugins/SAGenTestHandling/SAGenTestChecker.cpp:333:35: error: ‘class clang::Expr’ has no member named ‘IgnoreParenImpCacts’; did you mean ‘IgnoreParenImpCasts’?
  333 |   const Expr *RHS = BO->getRHS()->IgnoreParenImpCacts();
      |                                   ^~~~~~~~~~~~~~~~~~~
      |                                   IgnoreParenImpCasts
/scratch/chenyuan-data/SAGEN/llvm/llvm-4/clang/lib/Analysis/plugins/SAGenTestHandling/SAGenTestChecker.cpp:333:15: warning: unused variable ‘RHS’ [-Wunused-variable]
  333 |   const Expr *RHS = BO->getRHS()->IgnoreParenImpCacts();
      |               ^~~
/scratch/chenyuan-data/SAGEN/llvm/llvm-4/clang/lib/Analysis/plugins/SAGenTestHandling/SAGenTestChecker.cpp: In member function ‘void {anonymous}::SAGenTestChecker::checkEndFunction(const clang::ReturnStmt*, clang::ento::CheckerContext&) const’:
/scratch/chenyuan-data/SAGEN/llvm/llvm-4/clang/lib/Analysis/plugins/SAGenTestHandling/SAGenTestChecker.cpp:519:22: warning: unused variable ‘BaseR’ [-Wunused-variable]
  519 |     const MemRegion *BaseR = It->first;
      |                      ^~~~~
/scratch/chenyuan-data/SAGEN/llvm/llvm-4/clang/lib/Analysis/plugins/SAGenTestHandling/SAGenTestChecker.cpp: At global scope:
/scratch/chenyuan-data/SAGEN/llvm/llvm-4/clang/lib/Analysis/plugins/SAGenTestHandling/SAGenTestChecker.cpp:232:6: warning: ‘bool {anonymous}::SAGenTestChecker::isNullPtrValue(const clang::Expr*, clang::ento::CheckerContext&) const’ defined but not used [-Wunused-function]
  232 | bool SAGenTestChecker::isNullPtrValue(const Expr *E, CheckerContext &C) const {
      |      ^~~~~~~~~~~~~~~~
make[3]: *** [tools/clang/lib/Analysis/plugins/SAGenTestHandling/CMakeFiles/SAGenTestPlugin.dir/build.make:76: tools/clang/lib/Analysis/plugins/SAGenTestHandling/CMakeFiles/SAGenTestPlugin.dir/SAGenTestChecker.cpp.o] Error 1
make[2]: *** [CMakeFiles/Makefile2:31101: tools/clang/lib/Analysis/plugins/SAGenTestHandling/CMakeFiles/SAGenTestPlugin.dir/all] Error 2
make[1]: *** [CMakeFiles/Makefile2:31108: tools/clang/lib/Analysis/plugins/SAGenTestHandling/CMakeFiles/SAGenTestPlugin.dir/rule] Error 2
make: *** [Makefile:7495: SAGenTestPlugin] Error 2
