/scratch/chenyuan-data/SAGEN/llvm/llvm-4/clang/lib/Analysis/plugins/SAGenTestHandling/SAGenTestChecker.cpp: In static member function ‘static bool {anonymous}::SAGenTestChecker::getFieldRegionAndBase(const clang::Expr*, clang::ento::CheckerContext&, const clang::ento::FieldRegion*&, const clang::ento::MemRegion*&)’:
/scratch/chenyuan-data/SAGEN/llvm/llvm-4/clang/lib/Analysis/plugins/SAGenTestHandling/SAGenTestChecker.cpp:137:16: error: ‘const class clang::ento::MemRegion’ has no member named ‘getSuperRegion’; did you mean ‘getBaseRegion’?
  137 |     Cur = Cur->getSuperRegion();
      |                ^~~~~~~~~~~~~~
      |                getBaseRegion
/scratch/chenyuan-data/SAGEN/llvm/llvm-4/clang/lib/Analysis/plugins/SAGenTestHandling/SAGenTestChecker.cpp:153:18: error: ‘const class clang::ento::MemRegion’ has no member named ‘getSuperRegion’; did you mean ‘getBaseRegion’?
  153 |       Cur = Cur->getSuperRegion();
      |                  ^~~~~~~~~~~~~~
      |                  getBaseRegion
/scratch/chenyuan-data/SAGEN/llvm/llvm-4/clang/lib/Analysis/plugins/SAGenTestHandling/SAGenTestChecker.cpp: In static member function ‘static bool {anonymous}::SAGenTestChecker::getCountFieldForFlexArray(const clang::FieldDecl*, const clang::FieldDecl*&)’:
/scratch/chenyuan-data/SAGEN/llvm/llvm-4/clang/lib/Analysis/plugins/SAGenTestHandling/SAGenTestChecker.cpp:176:30: error: ‘const class clang::CountedByAttr’ has no member named ‘getCountedBy’; did you mean ‘AT_CountedBy’?
  176 |     if (const Expr *E = CBA->getCountedBy()) {
      |                              ^~~~~~~~~~~~
      |                              AT_CountedBy
/scratch/chenyuan-data/SAGEN/llvm/llvm-4/clang/lib/Analysis/plugins/SAGenTestHandling/SAGenTestChecker.cpp: In member function ‘void {anonymous}::SAGenTestChecker::checkBind(clang::ento::SVal, clang::ento::SVal, const clang::Stmt*, clang::ento::CheckerContext&) const’:
/scratch/chenyuan-data/SAGEN/llvm/llvm-4/clang/lib/Analysis/plugins/SAGenTestHandling/SAGenTestChecker.cpp:312:16: error: ‘const class clang::ento::MemRegion’ has no member named ‘getSuperRegion’; did you mean ‘getBaseRegion’?
  312 |     Cur = Cur->getSuperRegion();
      |                ^~~~~~~~~~~~~~
      |                getBaseRegion
make[3]: *** [tools/clang/lib/Analysis/plugins/SAGenTestHandling/CMakeFiles/SAGenTestPlugin.dir/build.make:76: tools/clang/lib/Analysis/plugins/SAGenTestHandling/CMakeFiles/SAGenTestPlugin.dir/SAGenTestChecker.cpp.o] Error 1
make[2]: *** [CMakeFiles/Makefile2:31101: tools/clang/lib/Analysis/plugins/SAGenTestHandling/CMakeFiles/SAGenTestPlugin.dir/all] Error 2
make[1]: *** [CMakeFiles/Makefile2:31108: tools/clang/lib/Analysis/plugins/SAGenTestHandling/CMakeFiles/SAGenTestPlugin.dir/rule] Error 2
make: *** [Makefile:7495: SAGenTestPlugin] Error 2
