/scratch/chenyuan-data/SAGEN/llvm/llvm-2/clang/lib/Analysis/plugins/SAGenTestHandling/SAGenTestChecker.cpp: In member function ‘bool {anonymous}::SAGenTestChecker::isLoggingCallName(llvm::StringRef) const’:
/scratch/chenyuan-data/SAGEN/llvm/llvm-2/clang/lib/Analysis/plugins/SAGenTestHandling/SAGenTestChecker.cpp:283:22: warning: ‘bool llvm::StringRef::startswith(llvm::StringRef) const’ is deprecated: Use starts_with instead [-Wdeprecated-declarations]
  283 |   if (Name.startswith("pr_")) // pr_err, pr_warn, pr_info, pr_debug, etc.
      |       ~~~~~~~~~~~~~~~^~~~~~~
In file included from /scratch/chenyuan-data/SAGEN/llvm/llvm-2/llvm/include/llvm/ADT/SmallString.h:18,
                 from /scratch/chenyuan-data/SAGEN/llvm/llvm-2/llvm/include/llvm/ADT/APFixedPoint.h:22,
                 from /scratch/chenyuan-data/SAGEN/llvm/llvm-2/clang/include/clang/AST/APValue.h:17,
                 from /scratch/chenyuan-data/SAGEN/llvm/llvm-2/clang/include/clang/AST/Stmt.h:16,
                 from /scratch/chenyuan-data/SAGEN/llvm/llvm-2/clang/include/clang/Analysis/PathDiagnostic.h:16,
                 from /scratch/chenyuan-data/SAGEN/llvm/llvm-2/clang/include/clang/StaticAnalyzer/Core/BugReporter/BugReporter.h:17,
                 from /scratch/chenyuan-data/SAGEN/llvm/llvm-2/clang/lib/Analysis/plugins/SAGenTestHandling/SAGenTestChecker.cpp:1:
/scratch/chenyuan-data/SAGEN/llvm/llvm-2/llvm/include/llvm/ADT/StringRef.h:263:29: note: declared here
  263 |         "starts_with") bool startswith(StringRef Prefix) const {
      |                             ^~~~~~~~~~
/scratch/chenyuan-data/SAGEN/llvm/llvm-2/clang/lib/Analysis/plugins/SAGenTestHandling/SAGenTestChecker.cpp:285:22: warning: ‘bool llvm::StringRef::startswith(llvm::StringRef) const’ is deprecated: Use starts_with instead [-Wdeprecated-declarations]
  285 |   if (Name.startswith("dev_")) // dev_err, dev_warn, dev_dbg, ...
      |       ~~~~~~~~~~~~~~~^~~~~~~~
In file included from /scratch/chenyuan-data/SAGEN/llvm/llvm-2/llvm/include/llvm/ADT/SmallString.h:18,
                 from /scratch/chenyuan-data/SAGEN/llvm/llvm-2/llvm/include/llvm/ADT/APFixedPoint.h:22,
                 from /scratch/chenyuan-data/SAGEN/llvm/llvm-2/clang/include/clang/AST/APValue.h:17,
                 from /scratch/chenyuan-data/SAGEN/llvm/llvm-2/clang/include/clang/AST/Stmt.h:16,
                 from /scratch/chenyuan-data/SAGEN/llvm/llvm-2/clang/include/clang/Analysis/PathDiagnostic.h:16,
                 from /scratch/chenyuan-data/SAGEN/llvm/llvm-2/clang/include/clang/StaticAnalyzer/Core/BugReporter/BugReporter.h:17,
                 from /scratch/chenyuan-data/SAGEN/llvm/llvm-2/clang/lib/Analysis/plugins/SAGenTestHandling/SAGenTestChecker.cpp:1:
/scratch/chenyuan-data/SAGEN/llvm/llvm-2/llvm/include/llvm/ADT/StringRef.h:263:29: note: declared here
  263 |         "starts_with") bool startswith(StringRef Prefix) const {
      |                             ^~~~~~~~~~
/scratch/chenyuan-data/SAGEN/llvm/llvm-2/clang/lib/Analysis/plugins/SAGenTestHandling/SAGenTestChecker.cpp:287:22: warning: ‘bool llvm::StringRef::startswith(llvm::StringRef) const’ is deprecated: Use starts_with instead [-Wdeprecated-declarations]
  287 |   if (Name.startswith("netdev_")) // netdev_err, netdev_warn, ...
      |       ~~~~~~~~~~~~~~~^~~~~~~~~~~
In file included from /scratch/chenyuan-data/SAGEN/llvm/llvm-2/llvm/include/llvm/ADT/SmallString.h:18,
                 from /scratch/chenyuan-data/SAGEN/llvm/llvm-2/llvm/include/llvm/ADT/APFixedPoint.h:22,
                 from /scratch/chenyuan-data/SAGEN/llvm/llvm-2/clang/include/clang/AST/APValue.h:17,
                 from /scratch/chenyuan-data/SAGEN/llvm/llvm-2/clang/include/clang/AST/Stmt.h:16,
                 from /scratch/chenyuan-data/SAGEN/llvm/llvm-2/clang/include/clang/Analysis/PathDiagnostic.h:16,
                 from /scratch/chenyuan-data/SAGEN/llvm/llvm-2/clang/include/clang/StaticAnalyzer/Core/BugReporter/BugReporter.h:17,
                 from /scratch/chenyuan-data/SAGEN/llvm/llvm-2/clang/lib/Analysis/plugins/SAGenTestHandling/SAGenTestChecker.cpp:1:
/scratch/chenyuan-data/SAGEN/llvm/llvm-2/llvm/include/llvm/ADT/StringRef.h:263:29: note: declared here
  263 |         "starts_with") bool startswith(StringRef Prefix) const {
      |                             ^~~~~~~~~~
/scratch/chenyuan-data/SAGEN/llvm/llvm-2/clang/lib/Analysis/plugins/SAGenTestHandling/SAGenTestChecker.cpp: In member function ‘bool {anonymous}::SAGenTestChecker::isFalsePositive(const clang::ento::MemRegion*, const clang::Stmt*, clang::ento::CheckerContext&) const’:
/scratch/chenyuan-data/SAGEN/llvm/llvm-2/clang/lib/Analysis/plugins/SAGenTestHandling/SAGenTestChecker.cpp:366:46: error: cannot convert ‘clang::ento::ProgramStatePartialTrait<llvm::ImmutableMap<const clang::ento::MemRegion*, const clang::Stmt*> >::lookup_type’ {aka ‘const clang::Stmt* const*’} to ‘const clang::Stmt*’ in initialization
  366 |   const Stmt *Then = State->get<PtrToThenMap>(R);
      |                      ~~~~~~~~~~~~~~~~~~~~~~~~^~~
      |                                              |
      |                                              clang::ento::ProgramStatePartialTrait<llvm::ImmutableMap<const clang::ento::MemRegion*, const clang::Stmt*> >::lookup_type {aka const clang::Stmt* const*}
make[3]: *** [tools/clang/lib/Analysis/plugins/SAGenTestHandling/CMakeFiles/SAGenTestPlugin.dir/build.make:76: tools/clang/lib/Analysis/plugins/SAGenTestHandling/CMakeFiles/SAGenTestPlugin.dir/SAGenTestChecker.cpp.o] Error 1
make[2]: *** [CMakeFiles/Makefile2:29772: tools/clang/lib/Analysis/plugins/SAGenTestHandling/CMakeFiles/SAGenTestPlugin.dir/all] Error 2
make[1]: *** [CMakeFiles/Makefile2:29779: tools/clang/lib/Analysis/plugins/SAGenTestHandling/CMakeFiles/SAGenTestPlugin.dir/rule] Error 2
make: *** [Makefile:7495: SAGenTestPlugin] Error 2
