/scratch/chenyuan-data/SAGEN/llvm/llvm-2/clang/lib/Analysis/plugins/SAGenTestHandling/SAGenTestChecker.cpp: In static member function ‘static bool {anonymous}::SAGenTestChecker::isLoggingName(llvm::StringRef)’:
/scratch/chenyuan-data/SAGEN/llvm/llvm-2/clang/lib/Analysis/plugins/SAGenTestHandling/SAGenTestChecker.cpp:207:22: warning: ‘bool llvm::StringRef::startswith(llvm::StringRef) const’ is deprecated: Use starts_with instead [-Wdeprecated-declarations]
  207 |          L.startswith("pr_") ||
      |          ~~~~~~~~~~~~^~~~~~~
In file included from /scratch/chenyuan-data/SAGEN/llvm/llvm-2/llvm/include/llvm/ADT/SmallString.h:18,
                 from /scratch/chenyuan-data/SAGEN/llvm/llvm-2/llvm/include/llvm/ADT/APFixedPoint.h:22,
                 from /scratch/chenyuan-data/SAGEN/llvm/llvm-2/clang/include/clang/AST/APValue.h:17,
                 from /scratch/chenyuan-data/SAGEN/llvm/llvm-2/clang/include/clang/AST/Stmt.h:16,
                 from /scratch/chenyuan-data/SAGEN/llvm/llvm-2/clang/include/clang/Analysis/PathDiagnostic.h:16,
                 from /scratch/chenyuan-data/SAGEN/llvm/llvm-2/clang/include/clang/StaticAnalyzer/Core/BugReporter/BugReporter.h:17,
                 from /scratch/chenyuan-data/SAGEN/llvm/llvm-2/clang/lib/Analysis/plugins/SAGenTestHandling/SAGenTestChecker.cpp:1:
/scratch/chenyuan-data/SAGEN/llvm/llvm-2/llvm/include/llvm/ADT/StringRef.h:263:29: note: declared here
  263 |         "starts_with") bool startswith(StringRef Prefix) const {
      |                             ^~~~~~~~~~
/scratch/chenyuan-data/SAGEN/llvm/llvm-2/clang/lib/Analysis/plugins/SAGenTestHandling/SAGenTestChecker.cpp:209:22: warning: ‘bool llvm::StringRef::startswith(llvm::StringRef) const’ is deprecated: Use starts_with instead [-Wdeprecated-declarations]
  209 |          L.startswith("dev_") ||
      |          ~~~~~~~~~~~~^~~~~~~~
In file included from /scratch/chenyuan-data/SAGEN/llvm/llvm-2/llvm/include/llvm/ADT/SmallString.h:18,
                 from /scratch/chenyuan-data/SAGEN/llvm/llvm-2/llvm/include/llvm/ADT/APFixedPoint.h:22,
                 from /scratch/chenyuan-data/SAGEN/llvm/llvm-2/clang/include/clang/AST/APValue.h:17,
                 from /scratch/chenyuan-data/SAGEN/llvm/llvm-2/clang/include/clang/AST/Stmt.h:16,
                 from /scratch/chenyuan-data/SAGEN/llvm/llvm-2/clang/include/clang/Analysis/PathDiagnostic.h:16,
                 from /scratch/chenyuan-data/SAGEN/llvm/llvm-2/clang/include/clang/StaticAnalyzer/Core/BugReporter/BugReporter.h:17,
                 from /scratch/chenyuan-data/SAGEN/llvm/llvm-2/clang/lib/Analysis/plugins/SAGenTestHandling/SAGenTestChecker.cpp:1:
/scratch/chenyuan-data/SAGEN/llvm/llvm-2/llvm/include/llvm/ADT/StringRef.h:263:29: note: declared here
  263 |         "starts_with") bool startswith(StringRef Prefix) const {
      |                             ^~~~~~~~~~
/scratch/chenyuan-data/SAGEN/llvm/llvm-2/clang/lib/Analysis/plugins/SAGenTestHandling/SAGenTestChecker.cpp: At global scope:
/scratch/chenyuan-data/SAGEN/llvm/llvm-2/clang/lib/Analysis/plugins/SAGenTestHandling/SAGenTestChecker.cpp:177:6: warning: ‘bool {anonymous}::SAGenTestChecker::thenHasEarlyExit(const clang::Stmt*, clang::ento::CheckerContext&) const’ defined but not used [-Wunused-function]
  177 | bool SAGenTestChecker::thenHasEarlyExit(const Stmt *Then, CheckerContext &C) const {
      |      ^~~~~~~~~~~~~~~~
