/scratch/chenyuan-data/SAGEN/llvm/llvm-2/clang/lib/Analysis/plugins/SAGenTestHandling/SAGenTestChecker.cpp:44:6: warning: ‘bool {anonymous}::EvaluateExprToInt(llvm::APSInt&, const clang::Expr*, clang::ento::CheckerContext&)’ declared ‘static’ but never defined [-Wunused-function]
   44 | bool EvaluateExprToInt(llvm::APSInt &EvalRes, const Expr *expr, CheckerContext &C);
      |      ^~~~~~~~~~~~~~~~~
/scratch/chenyuan-data/SAGEN/llvm/llvm-2/clang/lib/Analysis/plugins/SAGenTestHandling/SAGenTestChecker.cpp:46:21: warning: ‘const llvm::APSInt* {anonymous}::inferSymbolMaxVal(clang::ento::SymbolRef, clang::ento::CheckerContext&)’ declared ‘static’ but never defined [-Wunused-function]
   46 | const llvm::APSInt *inferSymbolMaxVal(SymbolRef Sym, CheckerContext &C);
      |                     ^~~~~~~~~~~~~~~~~
/scratch/chenyuan-data/SAGEN/llvm/llvm-2/clang/lib/Analysis/plugins/SAGenTestHandling/SAGenTestChecker.cpp:48:6: warning: ‘bool {anonymous}::getArraySizeFromExpr(llvm::APInt&, const clang::Expr*)’ declared ‘static’ but never defined [-Wunused-function]
   48 | bool getArraySizeFromExpr(llvm::APInt &ArraySize, const Expr *E);
      |      ^~~~~~~~~~~~~~~~~~~~
/scratch/chenyuan-data/SAGEN/llvm/llvm-2/clang/lib/Analysis/plugins/SAGenTestHandling/SAGenTestChecker.cpp:50:6: warning: ‘bool {anonymous}::getStringSize(llvm::APInt&, const clang::Expr*)’ declared ‘static’ but never defined [-Wunused-function]
   50 | bool getStringSize(llvm::APInt &StringSize, const Expr *E);
      |      ^~~~~~~~~~~~~
/scratch/chenyuan-data/SAGEN/llvm/llvm-2/clang/lib/Analysis/plugins/SAGenTestHandling/SAGenTestChecker.cpp:52:18: warning: ‘const clang::ento::MemRegion* {anonymous}::getMemRegionFromExpr(const clang::Expr*, clang::ento::CheckerContext&)’ declared ‘static’ but never defined [-Wunused-function]
   52 | const MemRegion* getMemRegionFromExpr(const Expr* E, CheckerContext &C);
      |                  ^~~~~~~~~~~~~~~~~~~~
/scratch/chenyuan-data/SAGEN/llvm/llvm-2/clang/lib/Analysis/plugins/SAGenTestHandling/SAGenTestChecker.cpp:59:6: warning: ‘bool {anonymous}::functionKnownToDeref(const clang::ento::CallEvent&, llvm::SmallVectorImpl<unsigned int>&)’ declared ‘static’ but never defined [-Wunused-function]
   59 | bool functionKnownToDeref(const CallEvent &Call,
      |      ^~~~~~~~~~~~~~~~~~~~
/scratch/chenyuan-data/SAGEN/llvm/llvm-2/clang/lib/Analysis/plugins/SAGenTestHandling/SAGenTestChecker.cpp:62:6: warning: ‘bool {anonymous}::ExprHasName(const clang::Expr*, llvm::StringRef, clang::ento::CheckerContext&)’ declared ‘static’ but never defined [-Wunused-function]
   62 | bool ExprHasName(const Expr *E, StringRef Name, CheckerContext &C);
      |      ^~~~~~~~~~~
/scratch/chenyuan-data/SAGEN/llvm/llvm-2/clang/lib/Analysis/plugins/SAGenTestHandling/SAGenTestChecker.cpp:52:18: warning: ‘const clang::ento::MemRegion* {anonymous}::getMemRegionFromExpr(const clang::Expr*, clang::ento::CheckerContext&)’ used but never defined
   52 | const MemRegion* getMemRegionFromExpr(const Expr* E, CheckerContext &C);
      |                  ^~~~~~~~~~~~~~~~~~~~
/scratch/chenyuan-data/SAGEN/llvm/llvm-2/clang/lib/Analysis/plugins/SAGenTestHandling/SAGenTestChecker.cpp:39:10: warning: ‘const T* {anonymous}::findSpecificTypeInParents(const clang::Stmt*, clang::ento::CheckerContext&) [with T = clang::IfStmt]’ used but never defined
   39 | const T* findSpecificTypeInParents(const Stmt *S, CheckerContext &C);
      |          ^~~~~~~~~~~~~~~~~~~~~~~~~
/scratch/chenyuan-data/SAGEN/llvm/llvm-2/clang/lib/Analysis/plugins/SAGenTestHandling/SAGenTestChecker.cpp:39:10: warning: ‘const T* {anonymous}::findSpecificTypeInParents(const clang::Stmt*, clang::ento::CheckerContext&) [with T = clang::LabelStmt]’ used but never defined
/scratch/chenyuan-data/SAGEN/llvm/llvm-2/clang/lib/Analysis/plugins/SAGenTestHandling/SAGenTestChecker.cpp:62:6: warning: ‘bool {anonymous}::ExprHasName(const clang::Expr*, llvm::StringRef, clang::ento::CheckerContext&)’ used but never defined
   62 | bool ExprHasName(const Expr *E, StringRef Name, CheckerContext &C);
      |      ^~~~~~~~~~~
