/scratch/chenyuan-data/SAGEN/llvm/llvm-4/clang/lib/Analysis/plugins/SAGenTestHandling/SAGenTestChecker.cpp:49:77: error: static member function ‘static bool {anonymous}::SAGenTestChecker::isFreeLike(const clang::ento::CallEvent&, clang::ento::CheckerContext&)’ declared with type qualifiers
   49 | bool SAGenTestChecker::isFreeLike(const CallEvent &Call, CheckerContext &C) const {
      |                                                                             ^~~~~
/scratch/chenyuan-data/SAGEN/llvm/llvm-4/clang/lib/Analysis/plugins/SAGenTestHandling/SAGenTestChecker.cpp: In static member function ‘static const clang::MemberExpr* {anonymous}::SAGenTestChecker::findMemberExprWithSuffix(const clang::Stmt*, llvm::StringRef)’:
/scratch/chenyuan-data/SAGEN/llvm/llvm-4/clang/lib/Analysis/plugins/SAGenTestHandling/SAGenTestChecker.cpp:105:24: warning: ‘bool llvm::StringRef::endswith(llvm::StringRef) const’ is deprecated: Use ends_with instead [-Wdeprecated-declarations]
  105 |       if (Name.endswith(Suffix))
      |           ~~~~~~~~~~~~~^~~~~~~~
In file included from /scratch/chenyuan-data/SAGEN/llvm/llvm-4/llvm/include/llvm/ADT/SmallString.h:18,
                 from /scratch/chenyuan-data/SAGEN/llvm/llvm-4/llvm/include/llvm/ADT/APFixedPoint.h:22,
                 from /scratch/chenyuan-data/SAGEN/llvm/llvm-4/clang/include/clang/AST/APValue.h:17,
                 from /scratch/chenyuan-data/SAGEN/llvm/llvm-4/clang/include/clang/AST/Stmt.h:16,
                 from /scratch/chenyuan-data/SAGEN/llvm/llvm-4/clang/include/clang/Analysis/PathDiagnostic.h:16,
                 from /scratch/chenyuan-data/SAGEN/llvm/llvm-4/clang/include/clang/StaticAnalyzer/Core/BugReporter/BugReporter.h:17,
                 from /scratch/chenyuan-data/SAGEN/llvm/llvm-4/clang/lib/Analysis/plugins/SAGenTestHandling/SAGenTestChecker.cpp:1:
/scratch/chenyuan-data/SAGEN/llvm/llvm-4/llvm/include/llvm/ADT/StringRef.h:278:27: note: declared here
  278 |         "ends_with") bool endswith(StringRef Suffix) const {
      |                           ^~~~~~~~
make[3]: *** [tools/clang/lib/Analysis/plugins/SAGenTestHandling/CMakeFiles/SAGenTestPlugin.dir/build.make:76: tools/clang/lib/Analysis/plugins/SAGenTestHandling/CMakeFiles/SAGenTestPlugin.dir/SAGenTestChecker.cpp.o] Error 1
make[2]: *** [CMakeFiles/Makefile2:31101: tools/clang/lib/Analysis/plugins/SAGenTestHandling/CMakeFiles/SAGenTestPlugin.dir/all] Error 2
make[1]: *** [CMakeFiles/Makefile2:31108: tools/clang/lib/Analysis/plugins/SAGenTestHandling/CMakeFiles/SAGenTestPlugin.dir/rule] Error 2
make: *** [Makefile:7495: SAGenTestPlugin] Error 2
