/scratch/chenyuan-data/SAGEN/llvm/llvm-4/clang/lib/Analysis/plugins/SAGenTestHandling/SAGenTestChecker.cpp: In member function ‘void {anonymous}::SAGenTestChecker::checkPreCall(const clang::ento::CallEvent&, clang::ento::CheckerContext&) const’:
/scratch/chenyuan-data/SAGEN/llvm/llvm-4/clang/lib/Analysis/plugins/SAGenTestHandling/SAGenTestChecker.cpp:140:44: error: invalid conversion from ‘clang::ento::ProgramStatePartialTrait<llvm::ImmutableMap<const clang::ento::MemRegion*, const clang::Stmt*> >::lookup_type’ {aka ‘const clang::Stmt* const*’} to ‘const clang::Stmt**’ [-fpermissive]
  140 |   const Stmt **Val = State->get<TempBufMap>(FR);
      |                      ~~~~~~~~~~~~~~~~~~~~~~^~~~
      |                                            |
      |                                            clang::ento::ProgramStatePartialTrait<llvm::ImmutableMap<const clang::ento::MemRegion*, const clang::Stmt*> >::lookup_type {aka const clang::Stmt* const*}
/scratch/chenyuan-data/SAGEN/llvm/llvm-4/clang/lib/Analysis/plugins/SAGenTestHandling/SAGenTestChecker.cpp: In member function ‘void {anonymous}::SAGenTestChecker::checkPreStmt(const clang::ReturnStmt*, clang::ento::CheckerContext&) const’:
/scratch/chenyuan-data/SAGEN/llvm/llvm-4/clang/lib/Analysis/plugins/SAGenTestHandling/SAGenTestChecker.cpp:163:56: error: invalid conversion from ‘clang::ento::ProgramStatePartialTrait<llvm::ImmutableMap<const clang::ento::MemRegion*, const clang::Stmt*> >::lookup_type’ {aka ‘const clang::Stmt* const*’} to ‘const clang::Stmt**’ [-fpermissive]
  163 |         const Stmt **AllocSite = State->get<TempBufMap>(RetR);
      |                                  ~~~~~~~~~~~~~~~~~~~~~~^~~~~~
      |                                                        |
      |                                                        clang::ento::ProgramStatePartialTrait<llvm::ImmutableMap<const clang::ento::MemRegion*, const clang::Stmt*> >::lookup_type {aka const clang::Stmt* const*}
/scratch/chenyuan-data/SAGEN/llvm/llvm-4/clang/lib/Analysis/plugins/SAGenTestHandling/SAGenTestChecker.cpp:177:59: error: invalid conversion from ‘clang::ento::ProgramStatePartialTrait<llvm::ImmutableMap<const clang::ento::MemRegion*, const clang::Stmt*> >::lookup_type’ {aka ‘const clang::Stmt* const*’} to ‘const clang::Stmt**’ [-fpermissive]
  177 |     const Stmt **AfterRealloc = State->get<ReallocSeenMap>(R);
      |                                 ~~~~~~~~~~~~~~~~~~~~~~~~~~^~~
      |                                                           |
      |                                                           clang::ento::ProgramStatePartialTrait<llvm::ImmutableMap<const clang::ento::MemRegion*, const clang::Stmt*> >::lookup_type {aka const clang::Stmt* const*}
make[3]: *** [tools/clang/lib/Analysis/plugins/SAGenTestHandling/CMakeFiles/SAGenTestPlugin.dir/build.make:76: tools/clang/lib/Analysis/plugins/SAGenTestHandling/CMakeFiles/SAGenTestPlugin.dir/SAGenTestChecker.cpp.o] Error 1
make[2]: *** [CMakeFiles/Makefile2:31101: tools/clang/lib/Analysis/plugins/SAGenTestHandling/CMakeFiles/SAGenTestPlugin.dir/all] Error 2
make[1]: *** [CMakeFiles/Makefile2:31108: tools/clang/lib/Analysis/plugins/SAGenTestHandling/CMakeFiles/SAGenTestPlugin.dir/rule] Error 2
make: *** [Makefile:7495: SAGenTestPlugin] Error 2
