/scratch/chenyuan-data/SAGEN/llvm/llvm-4/clang/lib/Analysis/plugins/SAGenTestHandling/SAGenTestChecker.cpp:49:50: error: invalid use of incomplete type ‘struct clang::ento::ProgramStatePartialTrait<clang::ento::PtrAliasMapTy>’
   49 | struct ProgramStateTrait<::PtrAliasMap> : public ProgramStatePartialTrait<PtrAliasMapTy> {
      |                                                  ^~~~~~~~~~~~~~~~~~~~~~~~~~~~~~~~~~~~~~~
In file included from /scratch/chenyuan-data/SAGEN/llvm/llvm-4/clang/include/clang/StaticAnalyzer/Core/PathSensitive/RangedConstraintManager.h:17,
                 from /scratch/chenyuan-data/SAGEN/llvm/llvm-4/clang/include/clang/StaticAnalyzer/Core/BugReporter/BugReporterVisitors.h:19,
                 from /scratch/chenyuan-data/SAGEN/llvm/llvm-4/clang/include/clang/StaticAnalyzer/Core/BugReporter/BugReporter.h:21,
                 from /scratch/chenyuan-data/SAGEN/llvm/llvm-4/clang/lib/Analysis/plugins/SAGenTestHandling/SAGenTestChecker.cpp:1:
/scratch/chenyuan-data/SAGEN/llvm/llvm-4/clang/include/clang/StaticAnalyzer/Core/PathSensitive/ProgramStateTrait.h:29:54: note: declaration of ‘struct clang::ento::ProgramStatePartialTrait<clang::ento::PtrAliasMapTy>’
   29 | template <typename T, typename Enable = void> struct ProgramStatePartialTrait;
      |                                                      ^~~~~~~~~~~~~~~~~~~~~~~~
/scratch/chenyuan-data/SAGEN/llvm/llvm-4/clang/lib/Analysis/plugins/SAGenTestHandling/SAGenTestChecker.cpp:62:52: error: invalid use of incomplete type ‘struct clang::ento::ProgramStatePartialTrait<clang::ento::FieldAliasMapTy>’
   62 | struct ProgramStateTrait<::FieldAliasMap> : public ProgramStatePartialTrait<FieldAliasMapTy> {
      |                                                    ^~~~~~~~~~~~~~~~~~~~~~~~~~~~~~~~~~~~~~~~~
In file included from /scratch/chenyuan-data/SAGEN/llvm/llvm-4/clang/include/clang/StaticAnalyzer/Core/PathSensitive/RangedConstraintManager.h:17,
                 from /scratch/chenyuan-data/SAGEN/llvm/llvm-4/clang/include/clang/StaticAnalyzer/Core/BugReporter/BugReporterVisitors.h:19,
                 from /scratch/chenyuan-data/SAGEN/llvm/llvm-4/clang/include/clang/StaticAnalyzer/Core/BugReporter/BugReporter.h:21,
                 from /scratch/chenyuan-data/SAGEN/llvm/llvm-4/clang/lib/Analysis/plugins/SAGenTestHandling/SAGenTestChecker.cpp:1:
/scratch/chenyuan-data/SAGEN/llvm/llvm-4/clang/include/clang/StaticAnalyzer/Core/PathSensitive/ProgramStateTrait.h:29:54: note: declaration of ‘struct clang::ento::ProgramStatePartialTrait<clang::ento::FieldAliasMapTy>’
   29 | template <typename T, typename Enable = void> struct ProgramStatePartialTrait;
      |                                                      ^~~~~~~~~~~~~~~~~~~~~~~~
/scratch/chenyuan-data/SAGEN/llvm/llvm-4/clang/lib/Analysis/plugins/SAGenTestHandling/SAGenTestChecker.cpp:75:52: error: invalid use of incomplete type ‘struct clang::ento::ProgramStatePartialTrait<clang::ento::FreedFieldSetTy>’
   75 | struct ProgramStateTrait<::FreedFieldSet> : public ProgramStatePartialTrait<FreedFieldSetTy> {
      |                                                    ^~~~~~~~~~~~~~~~~~~~~~~~~~~~~~~~~~~~~~~~~
In file included from /scratch/chenyuan-data/SAGEN/llvm/llvm-4/clang/include/clang/StaticAnalyzer/Core/PathSensitive/RangedConstraintManager.h:17,
                 from /scratch/chenyuan-data/SAGEN/llvm/llvm-4/clang/include/clang/StaticAnalyzer/Core/BugReporter/BugReporterVisitors.h:19,
                 from /scratch/chenyuan-data/SAGEN/llvm/llvm-4/clang/include/clang/StaticAnalyzer/Core/BugReporter/BugReporter.h:21,
                 from /scratch/chenyuan-data/SAGEN/llvm/llvm-4/clang/lib/Analysis/plugins/SAGenTestHandling/SAGenTestChecker.cpp:1:
/scratch/chenyuan-data/SAGEN/llvm/llvm-4/clang/include/clang/StaticAnalyzer/Core/PathSensitive/ProgramStateTrait.h:29:54: note: declaration of ‘struct clang::ento::ProgramStatePartialTrait<clang::ento::FreedFieldSetTy>’
   29 | template <typename T, typename Enable = void> struct ProgramStatePartialTrait;
      |                                                      ^~~~~~~~~~~~~~~~~~~~~~~~
/scratch/chenyuan-data/SAGEN/llvm/llvm-4/clang/lib/Analysis/plugins/SAGenTestHandling/SAGenTestChecker.cpp:88:53: error: invalid use of incomplete type ‘struct clang::ento::ProgramStatePartialTrait<clang::ento::FreedFieldsMapTy>’
   88 | struct ProgramStateTrait<::FreedFieldsMap> : public ProgramStatePartialTrait<FreedFieldsMapTy> {
      |                                                     ^~~~~~~~~~~~~~~~~~~~~~~~~~~~~~~~~~~~~~~~~~
In file included from /scratch/chenyuan-data/SAGEN/llvm/llvm-4/clang/include/clang/StaticAnalyzer/Core/PathSensitive/RangedConstraintManager.h:17,
                 from /scratch/chenyuan-data/SAGEN/llvm/llvm-4/clang/include/clang/StaticAnalyzer/Core/BugReporter/BugReporterVisitors.h:19,
                 from /scratch/chenyuan-data/SAGEN/llvm/llvm-4/clang/include/clang/StaticAnalyzer/Core/BugReporter/BugReporter.h:21,
                 from /scratch/chenyuan-data/SAGEN/llvm/llvm-4/clang/lib/Analysis/plugins/SAGenTestHandling/SAGenTestChecker.cpp:1:
/scratch/chenyuan-data/SAGEN/llvm/llvm-4/clang/include/clang/StaticAnalyzer/Core/PathSensitive/ProgramStateTrait.h:29:54: note: declaration of ‘struct clang::ento::ProgramStatePartialTrait<clang::ento::FreedFieldsMapTy>’
   29 | template <typename T, typename Enable = void> struct ProgramStatePartialTrait;
      |                                                      ^~~~~~~~~~~~~~~~~~~~~~~~
/scratch/chenyuan-data/SAGEN/llvm/llvm-4/clang/lib/Analysis/plugins/SAGenTestHandling/SAGenTestChecker.cpp: In static member function ‘static const clang::ento::MemRegion* {anonymous}::SAGenTestChecker::canonicalBase(const clang::ento::MemRegion*, clang::ento::ProgramStateRef)’:
/scratch/chenyuan-data/SAGEN/llvm/llvm-4/clang/lib/Analysis/plugins/SAGenTestHandling/SAGenTestChecker.cpp:151:66: error: no matching function for call to ‘clang::ento::ProgramState::get<PtrAliasMap>(const clang::ento::MemRegion*&) const’
  151 |     if (const MemRegion *const *NextPtr = State->get<PtrAliasMap>(Base))
      |                                           ~~~~~~~~~~~~~~~~~~~~~~~^~~~~~
In file included from /scratch/chenyuan-data/SAGEN/llvm/llvm-4/clang/include/clang/StaticAnalyzer/Core/PathSensitive/RangedConstraintManager.h:16,
                 from /scratch/chenyuan-data/SAGEN/llvm/llvm-4/clang/include/clang/StaticAnalyzer/Core/BugReporter/BugReporterVisitors.h:19,
                 from /scratch/chenyuan-data/SAGEN/llvm/llvm-4/clang/include/clang/StaticAnalyzer/Core/BugReporter/BugReporter.h:21,
                 from /scratch/chenyuan-data/SAGEN/llvm/llvm-4/clang/lib/Analysis/plugins/SAGenTestHandling/SAGenTestChecker.cpp:1:
/scratch/chenyuan-data/SAGEN/llvm/llvm-4/clang/include/clang/StaticAnalyzer/Core/PathSensitive/ProgramState.h:427:3: note: candidate: ‘template<class T> typename clang::ento::ProgramStateTrait<T>::data_type clang::ento::ProgramState::get() const’
  427 |   get() const {
      |   ^~~
/scratch/chenyuan-data/SAGEN/llvm/llvm-4/clang/include/clang/StaticAnalyzer/Core/PathSensitive/ProgramState.h:427:3: note:   template argument deduction/substitution failed:
/scratch/chenyuan-data/SAGEN/llvm/llvm-4/clang/include/clang/StaticAnalyzer/Core/PathSensitive/ProgramState.h: In substitution of ‘template<class T> typename clang::ento::ProgramStateTrait<T>::data_type clang::ento::ProgramState::get() const [with T = PtrAliasMap]’:
/scratch/chenyuan-data/SAGEN/llvm/llvm-4/clang/lib/Analysis/plugins/SAGenTestHandling/SAGenTestChecker.cpp:151:66:   required from here
/scratch/chenyuan-data/SAGEN/llvm/llvm-4/clang/include/clang/StaticAnalyzer/Core/PathSensitive/ProgramState.h:427:3: error: no type named ‘data_type’ in ‘struct clang::ento::ProgramStateTrait<PtrAliasMap>’
/scratch/chenyuan-data/SAGEN/llvm/llvm-4/clang/include/clang/StaticAnalyzer/Core/PathSensitive/ProgramState.h:433:3: note: candidate: ‘template<class T> typename clang::ento::ProgramStateTrait<T>::lookup_type clang::ento::ProgramState::get(typename clang::ento::ProgramStateTrait<T>::key_type) const’
  433 |   get(typename ProgramStateTrait<T>::key_type key) const {
      |   ^~~
/scratch/chenyuan-data/SAGEN/llvm/llvm-4/clang/include/clang/StaticAnalyzer/Core/PathSensitive/ProgramState.h:433:3: note:   template argument deduction/substitution failed:
/scratch/chenyuan-data/SAGEN/llvm/llvm-4/clang/include/clang/StaticAnalyzer/Core/PathSensitive/ProgramState.h: In substitution of ‘template<class T> typename clang::ento::ProgramStateTrait<T>::lookup_type clang::ento::ProgramState::get(typename clang::ento::ProgramStateTrait<T>::key_type) const [with T = PtrAliasMap]’:
/scratch/chenyuan-data/SAGEN/llvm/llvm-4/clang/lib/Analysis/plugins/SAGenTestHandling/SAGenTestChecker.cpp:151:66:   required from here
/scratch/chenyuan-data/SAGEN/llvm/llvm-4/clang/include/clang/StaticAnalyzer/Core/PathSensitive/ProgramState.h:433:3: error: no type named ‘lookup_type’ in ‘struct clang::ento::ProgramStateTrait<PtrAliasMap>’
/scratch/chenyuan-data/SAGEN/llvm/llvm-4/clang/lib/Analysis/plugins/SAGenTestHandling/SAGenTestChecker.cpp: In static member function ‘static clang::ento::ProgramStateRef {anonymous}::SAGenTestChecker::addFreedField(clang::ento::ProgramStateRef, const clang::ento::MemRegion*, const clang::IdentifierInfo*, clang::ento::CheckerContext&)’:
/scratch/chenyuan-data/SAGEN/llvm/llvm-4/clang/lib/Analysis/plugins/SAGenTestHandling/SAGenTestChecker.cpp:214:54: error: no matching function for call to ‘clang::ento::ProgramState::get<FreedFieldsMap>(const clang::ento::MemRegion*&) const’
  214 |   const FieldSet *CurSet = State->get<FreedFieldsMap>(Base);
      |                            ~~~~~~~~~~~~~~~~~~~~~~~~~~^~~~~~
In file included from /scratch/chenyuan-data/SAGEN/llvm/llvm-4/clang/include/clang/StaticAnalyzer/Core/PathSensitive/RangedConstraintManager.h:16,
                 from /scratch/chenyuan-data/SAGEN/llvm/llvm-4/clang/include/clang/StaticAnalyzer/Core/BugReporter/BugReporterVisitors.h:19,
                 from /scratch/chenyuan-data/SAGEN/llvm/llvm-4/clang/include/clang/StaticAnalyzer/Core/BugReporter/BugReporter.h:21,
                 from /scratch/chenyuan-data/SAGEN/llvm/llvm-4/clang/lib/Analysis/plugins/SAGenTestHandling/SAGenTestChecker.cpp:1:
/scratch/chenyuan-data/SAGEN/llvm/llvm-4/clang/include/clang/StaticAnalyzer/Core/PathSensitive/ProgramState.h:427:3: note: candidate: ‘template<class T> typename clang::ento::ProgramStateTrait<T>::data_type clang::ento::ProgramState::get() const’
  427 |   get() const {
      |   ^~~
/scratch/chenyuan-data/SAGEN/llvm/llvm-4/clang/include/clang/StaticAnalyzer/Core/PathSensitive/ProgramState.h:427:3: note:   template argument deduction/substitution failed:
/scratch/chenyuan-data/SAGEN/llvm/llvm-4/clang/include/clang/StaticAnalyzer/Core/PathSensitive/ProgramState.h: In substitution of ‘template<class T> typename clang::ento::ProgramStateTrait<T>::data_type clang::ento::ProgramState::get() const [with T = FreedFieldsMap]’:
/scratch/chenyuan-data/SAGEN/llvm/llvm-4/clang/lib/Analysis/plugins/SAGenTestHandling/SAGenTestChecker.cpp:214:54:   required from here
/scratch/chenyuan-data/SAGEN/llvm/llvm-4/clang/include/clang/StaticAnalyzer/Core/PathSensitive/ProgramState.h:427:3: error: no type named ‘data_type’ in ‘struct clang::ento::ProgramStateTrait<FreedFieldsMap>’
/scratch/chenyuan-data/SAGEN/llvm/llvm-4/clang/include/clang/StaticAnalyzer/Core/PathSensitive/ProgramState.h:433:3: note: candidate: ‘template<class T> typename clang::ento::ProgramStateTrait<T>::lookup_type clang::ento::ProgramState::get(typename clang::ento::ProgramStateTrait<T>::key_type) const’
  433 |   get(typename ProgramStateTrait<T>::key_type key) const {
      |   ^~~
/scratch/chenyuan-data/SAGEN/llvm/llvm-4/clang/include/clang/StaticAnalyzer/Core/PathSensitive/ProgramState.h:433:3: note:   template argument deduction/substitution failed:
/scratch/chenyuan-data/SAGEN/llvm/llvm-4/clang/include/clang/StaticAnalyzer/Core/PathSensitive/ProgramState.h: In substitution of ‘template<class T> typename clang::ento::ProgramStateTrait<T>::lookup_type clang::ento::ProgramState::get(typename clang::ento::ProgramStateTrait<T>::key_type) const [with T = FreedFieldsMap]’:
/scratch/chenyuan-data/SAGEN/llvm/llvm-4/clang/lib/Analysis/plugins/SAGenTestHandling/SAGenTestChecker.cpp:214:54:   required from here
/scratch/chenyuan-data/SAGEN/llvm/llvm-4/clang/include/clang/StaticAnalyzer/Core/PathSensitive/ProgramState.h:433:3: error: no type named ‘lookup_type’ in ‘struct clang::ento::ProgramStateTrait<FreedFieldsMap>’
/scratch/chenyuan-data/SAGEN/llvm/llvm-4/clang/lib/Analysis/plugins/SAGenTestHandling/SAGenTestChecker.cpp:215:56: error: no matching function for call to ‘clang::ento::ProgramState::get_context<FreedFieldSet>() const’
  215 |   auto &FSetFactory = State->get_context<FreedFieldSet>();
      |                       ~~~~~~~~~~~~~~~~~~~~~~~~~~~~~~~~~^~
In file included from /scratch/chenyuan-data/SAGEN/llvm/llvm-4/clang/include/clang/StaticAnalyzer/Core/PathSensitive/RangedConstraintManager.h:16,
                 from /scratch/chenyuan-data/SAGEN/llvm/llvm-4/clang/include/clang/StaticAnalyzer/Core/BugReporter/BugReporterVisitors.h:19,
                 from /scratch/chenyuan-data/SAGEN/llvm/llvm-4/clang/include/clang/StaticAnalyzer/Core/BugReporter/BugReporter.h:21,
                 from /scratch/chenyuan-data/SAGEN/llvm/llvm-4/clang/lib/Analysis/plugins/SAGenTestHandling/SAGenTestChecker.cpp:1:
/scratch/chenyuan-data/SAGEN/llvm/llvm-4/clang/include/clang/StaticAnalyzer/Core/PathSensitive/ProgramState.h:439:47: note: candidate: ‘template<class T> typename clang::ento::ProgramStateTrait<T>::context_type clang::ento::ProgramState::get_context() const’
  439 |   typename ProgramStateTrait<T>::context_type get_context() const;
      |                                               ^~~~~~~~~~~
/scratch/chenyuan-data/SAGEN/llvm/llvm-4/clang/include/clang/StaticAnalyzer/Core/PathSensitive/ProgramState.h:439:47: note:   template argument deduction/substitution failed:
/scratch/chenyuan-data/SAGEN/llvm/llvm-4/clang/include/clang/StaticAnalyzer/Core/PathSensitive/ProgramState.h: In substitution of ‘template<class T> typename clang::ento::ProgramStateTrait<T>::context_type clang::ento::ProgramState::get_context() const [with T = FreedFieldSet]’:
/scratch/chenyuan-data/SAGEN/llvm/llvm-4/clang/lib/Analysis/plugins/SAGenTestHandling/SAGenTestChecker.cpp:215:56:   required from here
/scratch/chenyuan-data/SAGEN/llvm/llvm-4/clang/include/clang/StaticAnalyzer/Core/PathSensitive/ProgramState.h:848:45: error: no type named ‘context_type’ in ‘struct clang::ento::ProgramStateTrait<FreedFieldSet>’
  848 | typename ProgramStateTrait<T>::context_type ProgramState::get_context() const {
      |                                             ^~~~~~~~~~~~
/scratch/chenyuan-data/SAGEN/llvm/llvm-4/clang/lib/Analysis/plugins/SAGenTestHandling/SAGenTestChecker.cpp:219:39: error: no matching function for call to ‘clang::ento::ProgramState::set<FreedFieldsMap>(const clang::ento::MemRegion*&, FieldSet&) const’
  219 |     State = State->set<FreedFieldsMap>(Base, S);
      |             ~~~~~~~~~~~~~~~~~~~~~~~~~~^~~~~~~~~
In file included from /scratch/chenyuan-data/SAGEN/llvm/llvm-4/clang/include/clang/StaticAnalyzer/Core/PathSensitive/RangedConstraintManager.h:16,
                 from /scratch/chenyuan-data/SAGEN/llvm/llvm-4/clang/include/clang/StaticAnalyzer/Core/BugReporter/BugReporterVisitors.h:19,
                 from /scratch/chenyuan-data/SAGEN/llvm/llvm-4/clang/include/clang/StaticAnalyzer/Core/BugReporter/BugReporter.h:21,
                 from /scratch/chenyuan-data/SAGEN/llvm/llvm-4/clang/lib/Analysis/plugins/SAGenTestHandling/SAGenTestChecker.cpp:1:
/scratch/chenyuan-data/SAGEN/llvm/llvm-4/clang/include/clang/StaticAnalyzer/Core/PathSensitive/ProgramState.h:454:3: note: candidate: ‘template<class T> clang::ento::ProgramStateRef clang::ento::ProgramState::set(typename clang::ento::ProgramStateTrait<T>::data_type) const’
  454 |   set(typename ProgramStateTrait<T>::data_type D) const;
      |   ^~~
/scratch/chenyuan-data/SAGEN/llvm/llvm-4/clang/include/clang/StaticAnalyzer/Core/PathSensitive/ProgramState.h:454:3: note:   template argument deduction/substitution failed:
/scratch/chenyuan-data/SAGEN/llvm/llvm-4/clang/include/clang/StaticAnalyzer/Core/PathSensitive/ProgramState.h: In substitution of ‘template<class T> clang::ento::ProgramStateRef clang::ento::ProgramState::set(typename clang::ento::ProgramStateTrait<T>::data_type) const [with T = FreedFieldsMap]’:
/scratch/chenyuan-data/SAGEN/llvm/llvm-4/clang/lib/Analysis/plugins/SAGenTestHandling/SAGenTestChecker.cpp:219:39:   required from here
/scratch/chenyuan-data/SAGEN/llvm/llvm-4/clang/include/clang/StaticAnalyzer/Core/PathSensitive/ProgramState.h:869:17: error: no type named ‘data_type’ in ‘struct clang::ento::ProgramStateTrait<FreedFieldsMap>’
  869 | ProgramStateRef ProgramState::set(typename ProgramStateTrait<T>::data_type D) const {
      |                 ^~~~~~~~~~~~
/scratch/chenyuan-data/SAGEN/llvm/llvm-4/clang/include/clang/StaticAnalyzer/Core/PathSensitive/ProgramState.h:458:3: note: candidate: ‘template<class T> clang::ento::ProgramStateRef clang::ento::ProgramState::set(typename clang::ento::ProgramStateTrait<T>::key_type, typename clang::ento::ProgramStateTrait<T>::value_type) const’
  458 |   set(typename ProgramStateTrait<T>::key_type K,
      |   ^~~
/scratch/chenyuan-data/SAGEN/llvm/llvm-4/clang/include/clang/StaticAnalyzer/Core/PathSensitive/ProgramState.h:458:3: note:   template argument deduction/substitution failed:
/scratch/chenyuan-data/SAGEN/llvm/llvm-4/clang/include/clang/StaticAnalyzer/Core/PathSensitive/ProgramState.h: In substitution of ‘template<class T> clang::ento::ProgramStateRef clang::ento::ProgramState::set(typename clang::ento::ProgramStateTrait<T>::key_type, typename clang::ento::ProgramStateTrait<T>::value_type) const [with T = FreedFieldsMap]’:
/scratch/chenyuan-data/SAGEN/llvm/llvm-4/clang/lib/Analysis/plugins/SAGenTestHandling/SAGenTestChecker.cpp:219:39:   required from here
/scratch/chenyuan-data/SAGEN/llvm/llvm-4/clang/include/clang/StaticAnalyzer/Core/PathSensitive/ProgramState.h:874:17: error: no type named ‘value_type’ in ‘struct clang::ento::ProgramStateTrait<FreedFieldsMap>’
  874 | ProgramStateRef ProgramState::set(typename ProgramStateTrait<T>::key_type K,
      |                 ^~~~~~~~~~~~
/scratch/chenyuan-data/SAGEN/llvm/llvm-4/clang/include/clang/StaticAnalyzer/Core/PathSensitive/ProgramState.h:463:3: note: candidate: ‘template<class T> clang::ento::ProgramStateRef clang::ento::ProgramState::set(typename clang::ento::ProgramStateTrait<T>::key_type, typename clang::ento::ProgramStateTrait<T>::value_type, typename clang::ento::ProgramStateTrait<T>::context_type) const’
  463 |   set(typename ProgramStateTrait<T>::key_type K,
      |   ^~~
/scratch/chenyuan-data/SAGEN/llvm/llvm-4/clang/include/clang/StaticAnalyzer/Core/PathSensitive/ProgramState.h:463:3: note:   template argument deduction/substitution failed:
/scratch/chenyuan-data/SAGEN/llvm/llvm-4/clang/include/clang/StaticAnalyzer/Core/PathSensitive/ProgramState.h: In substitution of ‘template<class T> clang::ento::ProgramStateRef clang::ento::ProgramState::set(typename clang::ento::ProgramStateTrait<T>::key_type, typename clang::ento::ProgramStateTrait<T>::value_type, typename clang::ento::ProgramStateTrait<T>::context_type) const [with T = FreedFieldsMap]’:
/scratch/chenyuan-data/SAGEN/llvm/llvm-4/clang/lib/Analysis/plugins/SAGenTestHandling/SAGenTestChecker.cpp:219:39:   required from here
/scratch/chenyuan-data/SAGEN/llvm/llvm-4/clang/include/clang/StaticAnalyzer/Core/PathSensitive/ProgramState.h:880:17: error: no type named ‘context_type’ in ‘struct clang::ento::ProgramStateTrait<FreedFieldsMap>’
  880 | ProgramStateRef ProgramState::set(typename ProgramStateTrait<T>::key_type K,
      |                 ^~~~~~~~~~~~
/scratch/chenyuan-data/SAGEN/llvm/llvm-4/clang/lib/Analysis/plugins/SAGenTestHandling/SAGenTestChecker.cpp: In static member function ‘static bool {anonymous}::SAGenTestChecker::wasFieldFreed(clang::ento::ProgramStateRef, const clang::ento::MemRegion*, const clang::IdentifierInfo*)’:
/scratch/chenyuan-data/SAGEN/llvm/llvm-4/clang/lib/Analysis/plugins/SAGenTestHandling/SAGenTestChecker.cpp:227:54: error: no matching function for call to ‘clang::ento::ProgramState::get<FreedFieldsMap>(const clang::ento::MemRegion*&) const’
  227 |   const FieldSet *CurSet = State->get<FreedFieldsMap>(Base);
      |                            ~~~~~~~~~~~~~~~~~~~~~~~~~~^~~~~~
In file included from /scratch/chenyuan-data/SAGEN/llvm/llvm-4/clang/include/clang/StaticAnalyzer/Core/PathSensitive/RangedConstraintManager.h:16,
                 from /scratch/chenyuan-data/SAGEN/llvm/llvm-4/clang/include/clang/StaticAnalyzer/Core/BugReporter/BugReporterVisitors.h:19,
                 from /scratch/chenyuan-data/SAGEN/llvm/llvm-4/clang/include/clang/StaticAnalyzer/Core/BugReporter/BugReporter.h:21,
                 from /scratch/chenyuan-data/SAGEN/llvm/llvm-4/clang/lib/Analysis/plugins/SAGenTestHandling/SAGenTestChecker.cpp:1:
/scratch/chenyuan-data/SAGEN/llvm/llvm-4/clang/include/clang/StaticAnalyzer/Core/PathSensitive/ProgramState.h:427:3: note: candidate: ‘template<class T> typename clang::ento::ProgramStateTrait<T>::data_type clang::ento::ProgramState::get() const’
  427 |   get() const {
      |   ^~~
/scratch/chenyuan-data/SAGEN/llvm/llvm-4/clang/include/clang/StaticAnalyzer/Core/PathSensitive/ProgramState.h:427:3: note:   template argument deduction/substitution failed:
/scratch/chenyuan-data/SAGEN/llvm/llvm-4/clang/include/clang/StaticAnalyzer/Core/PathSensitive/ProgramState.h: In substitution of ‘template<class T> typename clang::ento::ProgramStateTrait<T>::data_type clang::ento::ProgramState::get() const [with T = FreedFieldsMap]’:
/scratch/chenyuan-data/SAGEN/llvm/llvm-4/clang/lib/Analysis/plugins/SAGenTestHandling/SAGenTestChecker.cpp:227:54:   required from here
/scratch/chenyuan-data/SAGEN/llvm/llvm-4/clang/include/clang/StaticAnalyzer/Core/PathSensitive/ProgramState.h:427:3: error: no type named ‘data_type’ in ‘struct clang::ento::ProgramStateTrait<FreedFieldsMap>’
/scratch/chenyuan-data/SAGEN/llvm/llvm-4/clang/include/clang/StaticAnalyzer/Core/PathSensitive/ProgramState.h:433:3: note: candidate: ‘template<class T> typename clang::ento::ProgramStateTrait<T>::lookup_type clang::ento::ProgramState::get(typename clang::ento::ProgramStateTrait<T>::key_type) const’
  433 |   get(typename ProgramStateTrait<T>::key_type key) const {
      |   ^~~
/scratch/chenyuan-data/SAGEN/llvm/llvm-4/clang/include/clang/StaticAnalyzer/Core/PathSensitive/ProgramState.h:433:3: note:   template argument deduction/substitution failed:
/scratch/chenyuan-data/SAGEN/llvm/llvm-4/clang/include/clang/StaticAnalyzer/Core/PathSensitive/ProgramState.h: In substitution of ‘template<class T> typename clang::ento::ProgramStateTrait<T>::lookup_type clang::ento::ProgramState::get(typename clang::ento::ProgramStateTrait<T>::key_type) const [with T = FreedFieldsMap]’:
/scratch/chenyuan-data/SAGEN/llvm/llvm-4/clang/lib/Analysis/plugins/SAGenTestHandling/SAGenTestChecker.cpp:227:54:   required from here
/scratch/chenyuan-data/SAGEN/llvm/llvm-4/clang/include/clang/StaticAnalyzer/Core/PathSensitive/ProgramState.h:433:3: error: no type named ‘lookup_type’ in ‘struct clang::ento::ProgramStateTrait<FreedFieldsMap>’
/scratch/chenyuan-data/SAGEN/llvm/llvm-4/clang/lib/Analysis/plugins/SAGenTestHandling/SAGenTestChecker.cpp: In member function ‘void {anonymous}::SAGenTestChecker::checkBind(clang::ento::SVal, clang::ento::SVal, const clang::Stmt*, clang::ento::CheckerContext&) const’:
/scratch/chenyuan-data/SAGEN/llvm/llvm-4/clang/lib/Analysis/plugins/SAGenTestHandling/SAGenTestChecker.cpp:261:40: error: no matching function for call to ‘clang::ento::ProgramState::set<PtrAliasMap>(const clang::ento::MemRegion*&, const clang::ento::MemRegion*&) const’
  261 |         State = State->set<PtrAliasMap>(LHSReg, Root);
      |                 ~~~~~~~~~~~~~~~~~~~~~~~^~~~~~~~~~~~~~
In file included from /scratch/chenyuan-data/SAGEN/llvm/llvm-4/clang/include/clang/StaticAnalyzer/Core/PathSensitive/RangedConstraintManager.h:16,
                 from /scratch/chenyuan-data/SAGEN/llvm/llvm-4/clang/include/clang/StaticAnalyzer/Core/BugReporter/BugReporterVisitors.h:19,
                 from /scratch/chenyuan-data/SAGEN/llvm/llvm-4/clang/include/clang/StaticAnalyzer/Core/BugReporter/BugReporter.h:21,
                 from /scratch/chenyuan-data/SAGEN/llvm/llvm-4/clang/lib/Analysis/plugins/SAGenTestHandling/SAGenTestChecker.cpp:1:
/scratch/chenyuan-data/SAGEN/llvm/llvm-4/clang/include/clang/StaticAnalyzer/Core/PathSensitive/ProgramState.h:454:3: note: candidate: ‘template<class T> clang::ento::ProgramStateRef clang::ento::ProgramState::set(typename clang::ento::ProgramStateTrait<T>::data_type) const’
  454 |   set(typename ProgramStateTrait<T>::data_type D) const;
      |   ^~~
/scratch/chenyuan-data/SAGEN/llvm/llvm-4/clang/include/clang/StaticAnalyzer/Core/PathSensitive/ProgramState.h:454:3: note:   template argument deduction/substitution failed:
/scratch/chenyuan-data/SAGEN/llvm/llvm-4/clang/include/clang/StaticAnalyzer/Core/PathSensitive/ProgramState.h: In substitution of ‘template<class T> clang::ento::ProgramStateRef clang::ento::ProgramState::set(typename clang::ento::ProgramStateTrait<T>::data_type) const [with T = PtrAliasMap]’:
/scratch/chenyuan-data/SAGEN/llvm/llvm-4/clang/lib/Analysis/plugins/SAGenTestHandling/SAGenTestChecker.cpp:261:40:   required from here
/scratch/chenyuan-data/SAGEN/llvm/llvm-4/clang/include/clang/StaticAnalyzer/Core/PathSensitive/ProgramState.h:869:17: error: no type named ‘data_type’ in ‘struct clang::ento::ProgramStateTrait<PtrAliasMap>’
  869 | ProgramStateRef ProgramState::set(typename ProgramStateTrait<T>::data_type D) const {
      |                 ^~~~~~~~~~~~
/scratch/chenyuan-data/SAGEN/llvm/llvm-4/clang/include/clang/StaticAnalyzer/Core/PathSensitive/ProgramState.h:458:3: note: candidate: ‘template<class T> clang::ento::ProgramStateRef clang::ento::ProgramState::set(typename clang::ento::ProgramStateTrait<T>::key_type, typename clang::ento::ProgramStateTrait<T>::value_type) const’
  458 |   set(typename ProgramStateTrait<T>::key_type K,
      |   ^~~
/scratch/chenyuan-data/SAGEN/llvm/llvm-4/clang/include/clang/StaticAnalyzer/Core/PathSensitive/ProgramState.h:458:3: note:   template argument deduction/substitution failed:
/scratch/chenyuan-data/SAGEN/llvm/llvm-4/clang/include/clang/StaticAnalyzer/Core/PathSensitive/ProgramState.h: In substitution of ‘template<class T> clang::ento::ProgramStateRef clang::ento::ProgramState::set(typename clang::ento::ProgramStateTrait<T>::key_type, typename clang::ento::ProgramStateTrait<T>::value_type) const [with T = PtrAliasMap]’:
/scratch/chenyuan-data/SAGEN/llvm/llvm-4/clang/lib/Analysis/plugins/SAGenTestHandling/SAGenTestChecker.cpp:261:40:   required from here
/scratch/chenyuan-data/SAGEN/llvm/llvm-4/clang/include/clang/StaticAnalyzer/Core/PathSensitive/ProgramState.h:874:17: error: no type named ‘value_type’ in ‘struct clang::ento::ProgramStateTrait<PtrAliasMap>’
  874 | ProgramStateRef ProgramState::set(typename ProgramStateTrait<T>::key_type K,
      |                 ^~~~~~~~~~~~
/scratch/chenyuan-data/SAGEN/llvm/llvm-4/clang/include/clang/StaticAnalyzer/Core/PathSensitive/ProgramState.h:463:3: note: candidate: ‘template<class T> clang::ento::ProgramStateRef clang::ento::ProgramState::set(typename clang::ento::ProgramStateTrait<T>::key_type, typename clang::ento::ProgramStateTrait<T>::value_type, typename clang::ento::ProgramStateTrait<T>::context_type) const’
  463 |   set(typename ProgramStateTrait<T>::key_type K,
      |   ^~~
/scratch/chenyuan-data/SAGEN/llvm/llvm-4/clang/include/clang/StaticAnalyzer/Core/PathSensitive/ProgramState.h:463:3: note:   template argument deduction/substitution failed:
/scratch/chenyuan-data/SAGEN/llvm/llvm-4/clang/include/clang/StaticAnalyzer/Core/PathSensitive/ProgramState.h: In substitution of ‘template<class T> clang::ento::ProgramStateRef clang::ento::ProgramState::set(typename clang::ento::ProgramStateTrait<T>::key_type, typename clang::ento::ProgramStateTrait<T>::value_type, typename clang::ento::ProgramStateTrait<T>::context_type) const [with T = PtrAliasMap]’:
/scratch/chenyuan-data/SAGEN/llvm/llvm-4/clang/lib/Analysis/plugins/SAGenTestHandling/SAGenTestChecker.cpp:261:40:   required from here
/scratch/chenyuan-data/SAGEN/llvm/llvm-4/clang/include/clang/StaticAnalyzer/Core/PathSensitive/ProgramState.h:880:17: error: no type named ‘context_type’ in ‘struct clang::ento::ProgramStateTrait<PtrAliasMap>’
  880 | ProgramStateRef ProgramState::set(typename ProgramStateTrait<T>::key_type K,
      |                 ^~~~~~~~~~~~
/scratch/chenyuan-data/SAGEN/llvm/llvm-4/clang/lib/Analysis/plugins/SAGenTestHandling/SAGenTestChecker.cpp:264:65: error: no matching function for call to ‘clang::ento::ProgramState::get<FieldAliasMap>(const clang::ento::MemRegion*&) const’
  264 |       if (const FieldIdentity *RHSFI = State->get<FieldAliasMap>(RHSReg)) {
      |                                        ~~~~~~~~~~~~~~~~~~~~~~~~~^~~~~~~~
In file included from /scratch/chenyuan-data/SAGEN/llvm/llvm-4/clang/include/clang/StaticAnalyzer/Core/PathSensitive/RangedConstraintManager.h:16,
                 from /scratch/chenyuan-data/SAGEN/llvm/llvm-4/clang/include/clang/StaticAnalyzer/Core/BugReporter/BugReporterVisitors.h:19,
                 from /scratch/chenyuan-data/SAGEN/llvm/llvm-4/clang/include/clang/StaticAnalyzer/Core/BugReporter/BugReporter.h:21,
                 from /scratch/chenyuan-data/SAGEN/llvm/llvm-4/clang/lib/Analysis/plugins/SAGenTestHandling/SAGenTestChecker.cpp:1:
/scratch/chenyuan-data/SAGEN/llvm/llvm-4/clang/include/clang/StaticAnalyzer/Core/PathSensitive/ProgramState.h:427:3: note: candidate: ‘template<class T> typename clang::ento::ProgramStateTrait<T>::data_type clang::ento::ProgramState::get() const’
  427 |   get() const {
      |   ^~~
/scratch/chenyuan-data/SAGEN/llvm/llvm-4/clang/include/clang/StaticAnalyzer/Core/PathSensitive/ProgramState.h:427:3: note:   template argument deduction/substitution failed:
/scratch/chenyuan-data/SAGEN/llvm/llvm-4/clang/include/clang/StaticAnalyzer/Core/PathSensitive/ProgramState.h: In substitution of ‘template<class T> typename clang::ento::ProgramStateTrait<T>::data_type clang::ento::ProgramState::get() const [with T = FieldAliasMap]’:
/scratch/chenyuan-data/SAGEN/llvm/llvm-4/clang/lib/Analysis/plugins/SAGenTestHandling/SAGenTestChecker.cpp:264:65:   required from here
/scratch/chenyuan-data/SAGEN/llvm/llvm-4/clang/include/clang/StaticAnalyzer/Core/PathSensitive/ProgramState.h:427:3: error: no type named ‘data_type’ in ‘struct clang::ento::ProgramStateTrait<FieldAliasMap>’
/scratch/chenyuan-data/SAGEN/llvm/llvm-4/clang/include/clang/StaticAnalyzer/Core/PathSensitive/ProgramState.h:433:3: note: candidate: ‘template<class T> typename clang::ento::ProgramStateTrait<T>::lookup_type clang::ento::ProgramState::get(typename clang::ento::ProgramStateTrait<T>::key_type) const’
  433 |   get(typename ProgramStateTrait<T>::key_type key) const {
      |   ^~~
/scratch/chenyuan-data/SAGEN/llvm/llvm-4/clang/include/clang/StaticAnalyzer/Core/PathSensitive/ProgramState.h:433:3: note:   template argument deduction/substitution failed:
/scratch/chenyuan-data/SAGEN/llvm/llvm-4/clang/include/clang/StaticAnalyzer/Core/PathSensitive/ProgramState.h: In substitution of ‘template<class T> typename clang::ento::ProgramStateTrait<T>::lookup_type clang::ento::ProgramState::get(typename clang::ento::ProgramStateTrait<T>::key_type) const [with T = FieldAliasMap]’:
/scratch/chenyuan-data/SAGEN/llvm/llvm-4/clang/lib/Analysis/plugins/SAGenTestHandling/SAGenTestChecker.cpp:264:65:   required from here
/scratch/chenyuan-data/SAGEN/llvm/llvm-4/clang/include/clang/StaticAnalyzer/Core/PathSensitive/ProgramState.h:433:3: error: no type named ‘lookup_type’ in ‘struct clang::ento::ProgramStateTrait<FieldAliasMap>’
/scratch/chenyuan-data/SAGEN/llvm/llvm-4/clang/lib/Analysis/plugins/SAGenTestHandling/SAGenTestChecker.cpp:265:42: error: no matching function for call to ‘clang::ento::ProgramState::set<FieldAliasMap>(const clang::ento::MemRegion*&, const FieldIdentity&) const’
  265 |         State = State->set<FieldAliasMap>(LHSReg, *RHSFI);
      |                 ~~~~~~~~~~~~~~~~~~~~~~~~~^~~~~~~~~~~~~~~~
In file included from /scratch/chenyuan-data/SAGEN/llvm/llvm-4/clang/include/clang/StaticAnalyzer/Core/PathSensitive/RangedConstraintManager.h:16,
                 from /scratch/chenyuan-data/SAGEN/llvm/llvm-4/clang/include/clang/StaticAnalyzer/Core/BugReporter/BugReporterVisitors.h:19,
                 from /scratch/chenyuan-data/SAGEN/llvm/llvm-4/clang/include/clang/StaticAnalyzer/Core/BugReporter/BugReporter.h:21,
                 from /scratch/chenyuan-data/SAGEN/llvm/llvm-4/clang/lib/Analysis/plugins/SAGenTestHandling/SAGenTestChecker.cpp:1:
/scratch/chenyuan-data/SAGEN/llvm/llvm-4/clang/include/clang/StaticAnalyzer/Core/PathSensitive/ProgramState.h:454:3: note: candidate: ‘template<class T> clang::ento::ProgramStateRef clang::ento::ProgramState::set(typename clang::ento::ProgramStateTrait<T>::data_type) const’
  454 |   set(typename ProgramStateTrait<T>::data_type D) const;
      |   ^~~
/scratch/chenyuan-data/SAGEN/llvm/llvm-4/clang/include/clang/StaticAnalyzer/Core/PathSensitive/ProgramState.h:454:3: note:   template argument deduction/substitution failed:
/scratch/chenyuan-data/SAGEN/llvm/llvm-4/clang/include/clang/StaticAnalyzer/Core/PathSensitive/ProgramState.h: In substitution of ‘template<class T> clang::ento::ProgramStateRef clang::ento::ProgramState::set(typename clang::ento::ProgramStateTrait<T>::data_type) const [with T = FieldAliasMap]’:
/scratch/chenyuan-data/SAGEN/llvm/llvm-4/clang/lib/Analysis/plugins/SAGenTestHandling/SAGenTestChecker.cpp:265:42:   required from here
/scratch/chenyuan-data/SAGEN/llvm/llvm-4/clang/include/clang/StaticAnalyzer/Core/PathSensitive/ProgramState.h:869:17: error: no type named ‘data_type’ in ‘struct clang::ento::ProgramStateTrait<FieldAliasMap>’
  869 | ProgramStateRef ProgramState::set(typename ProgramStateTrait<T>::data_type D) const {
      |                 ^~~~~~~~~~~~
/scratch/chenyuan-data/SAGEN/llvm/llvm-4/clang/include/clang/StaticAnalyzer/Core/PathSensitive/ProgramState.h:458:3: note: candidate: ‘template<class T> clang::ento::ProgramStateRef clang::ento::ProgramState::set(typename clang::ento::ProgramStateTrait<T>::key_type, typename clang::ento::ProgramStateTrait<T>::value_type) const’
  458 |   set(typename ProgramStateTrait<T>::key_type K,
      |   ^~~
/scratch/chenyuan-data/SAGEN/llvm/llvm-4/clang/include/clang/StaticAnalyzer/Core/PathSensitive/ProgramState.h:458:3: note:   template argument deduction/substitution failed:
/scratch/chenyuan-data/SAGEN/llvm/llvm-4/clang/include/clang/StaticAnalyzer/Core/PathSensitive/ProgramState.h: In substitution of ‘template<class T> clang::ento::ProgramStateRef clang::ento::ProgramState::set(typename clang::ento::ProgramStateTrait<T>::key_type, typename clang::ento::ProgramStateTrait<T>::value_type) const [with T = FieldAliasMap]’:
/scratch/chenyuan-data/SAGEN/llvm/llvm-4/clang/lib/Analysis/plugins/SAGenTestHandling/SAGenTestChecker.cpp:265:42:   required from here
/scratch/chenyuan-data/SAGEN/llvm/llvm-4/clang/include/clang/StaticAnalyzer/Core/PathSensitive/ProgramState.h:874:17: error: no type named ‘value_type’ in ‘struct clang::ento::ProgramStateTrait<FieldAliasMap>’
  874 | ProgramStateRef ProgramState::set(typename ProgramStateTrait<T>::key_type K,
      |                 ^~~~~~~~~~~~
/scratch/chenyuan-data/SAGEN/llvm/llvm-4/clang/include/clang/StaticAnalyzer/Core/PathSensitive/ProgramState.h:463:3: note: candidate: ‘template<class T> clang::ento::ProgramStateRef clang::ento::ProgramState::set(typename clang::ento::ProgramStateTrait<T>::key_type, typename clang::ento::ProgramStateTrait<T>::value_type, typename clang::ento::ProgramStateTrait<T>::context_type) const’
  463 |   set(typename ProgramStateTrait<T>::key_type K,
      |   ^~~
/scratch/chenyuan-data/SAGEN/llvm/llvm-4/clang/include/clang/StaticAnalyzer/Core/PathSensitive/ProgramState.h:463:3: note:   template argument deduction/substitution failed:
/scratch/chenyuan-data/SAGEN/llvm/llvm-4/clang/include/clang/StaticAnalyzer/Core/PathSensitive/ProgramState.h: In substitution of ‘template<class T> clang::ento::ProgramStateRef clang::ento::ProgramState::set(typename clang::ento::ProgramStateTrait<T>::key_type, typename clang::ento::ProgramStateTrait<T>::value_type, typename clang::ento::ProgramStateTrait<T>::context_type) const [with T = FieldAliasMap]’:
/scratch/chenyuan-data/SAGEN/llvm/llvm-4/clang/lib/Analysis/plugins/SAGenTestHandling/SAGenTestChecker.cpp:265:42:   required from here
/scratch/chenyuan-data/SAGEN/llvm/llvm-4/clang/include/clang/StaticAnalyzer/Core/PathSensitive/ProgramState.h:880:17: error: no type named ‘context_type’ in ‘struct clang::ento::ProgramStateTrait<FieldAliasMap>’
  880 | ProgramStateRef ProgramState::set(typename ProgramStateTrait<T>::key_type K,
      |                 ^~~~~~~~~~~~
/scratch/chenyuan-data/SAGEN/llvm/llvm-4/clang/lib/Analysis/plugins/SAGenTestHandling/SAGenTestChecker.cpp:280:42: error: no matching function for call to ‘clang::ento::ProgramState::set<FieldAliasMap>(const clang::ento::MemRegion*&, FieldIdentity) const’
  280 |         State = State->set<FieldAliasMap>(LHSReg, FieldIdentity(BaseReg, Field));
      |                 ~~~~~~~~~~~~~~~~~~~~~~~~~^~~~~~~~~~~~~~~~~~~~~~~~~~~~~~~~~~~~~~~
In file included from /scratch/chenyuan-data/SAGEN/llvm/llvm-4/clang/include/clang/StaticAnalyzer/Core/PathSensitive/RangedConstraintManager.h:16,
                 from /scratch/chenyuan-data/SAGEN/llvm/llvm-4/clang/include/clang/StaticAnalyzer/Core/BugReporter/BugReporterVisitors.h:19,
                 from /scratch/chenyuan-data/SAGEN/llvm/llvm-4/clang/include/clang/StaticAnalyzer/Core/BugReporter/BugReporter.h:21,
                 from /scratch/chenyuan-data/SAGEN/llvm/llvm-4/clang/lib/Analysis/plugins/SAGenTestHandling/SAGenTestChecker.cpp:1:
/scratch/chenyuan-data/SAGEN/llvm/llvm-4/clang/include/clang/StaticAnalyzer/Core/PathSensitive/ProgramState.h:454:3: note: candidate: ‘template<class T> clang::ento::ProgramStateRef clang::ento::ProgramState::set(typename clang::ento::ProgramStateTrait<T>::data_type) const’
  454 |   set(typename ProgramStateTrait<T>::data_type D) const;
      |   ^~~
/scratch/chenyuan-data/SAGEN/llvm/llvm-4/clang/include/clang/StaticAnalyzer/Core/PathSensitive/ProgramState.h:454:3: note:   template argument deduction/substitution failed:
/scratch/chenyuan-data/SAGEN/llvm/llvm-4/clang/include/clang/StaticAnalyzer/Core/PathSensitive/ProgramState.h: In substitution of ‘template<class T> clang::ento::ProgramStateRef clang::ento::ProgramState::set(typename clang::ento::ProgramStateTrait<T>::data_type) const [with T = FieldAliasMap]’:
/scratch/chenyuan-data/SAGEN/llvm/llvm-4/clang/lib/Analysis/plugins/SAGenTestHandling/SAGenTestChecker.cpp:280:42:   required from here
/scratch/chenyuan-data/SAGEN/llvm/llvm-4/clang/include/clang/StaticAnalyzer/Core/PathSensitive/ProgramState.h:869:17: error: no type named ‘data_type’ in ‘struct clang::ento::ProgramStateTrait<FieldAliasMap>’
  869 | ProgramStateRef ProgramState::set(typename ProgramStateTrait<T>::data_type D) const {
      |                 ^~~~~~~~~~~~
/scratch/chenyuan-data/SAGEN/llvm/llvm-4/clang/include/clang/StaticAnalyzer/Core/PathSensitive/ProgramState.h:458:3: note: candidate: ‘template<class T> clang::ento::ProgramStateRef clang::ento::ProgramState::set(typename clang::ento::ProgramStateTrait<T>::key_type, typename clang::ento::ProgramStateTrait<T>::value_type) const’
  458 |   set(typename ProgramStateTrait<T>::key_type K,
      |   ^~~
/scratch/chenyuan-data/SAGEN/llvm/llvm-4/clang/include/clang/StaticAnalyzer/Core/PathSensitive/ProgramState.h:458:3: note:   template argument deduction/substitution failed:
/scratch/chenyuan-data/SAGEN/llvm/llvm-4/clang/include/clang/StaticAnalyzer/Core/PathSensitive/ProgramState.h: In substitution of ‘template<class T> clang::ento::ProgramStateRef clang::ento::ProgramState::set(typename clang::ento::ProgramStateTrait<T>::key_type, typename clang::ento::ProgramStateTrait<T>::value_type) const [with T = FieldAliasMap]’:
/scratch/chenyuan-data/SAGEN/llvm/llvm-4/clang/lib/Analysis/plugins/SAGenTestHandling/SAGenTestChecker.cpp:280:42:   required from here
/scratch/chenyuan-data/SAGEN/llvm/llvm-4/clang/include/clang/StaticAnalyzer/Core/PathSensitive/ProgramState.h:874:17: error: no type named ‘value_type’ in ‘struct clang::ento::ProgramStateTrait<FieldAliasMap>’
  874 | ProgramStateRef ProgramState::set(typename ProgramStateTrait<T>::key_type K,
      |                 ^~~~~~~~~~~~
/scratch/chenyuan-data/SAGEN/llvm/llvm-4/clang/include/clang/StaticAnalyzer/Core/PathSensitive/ProgramState.h:463:3: note: candidate: ‘template<class T> clang::ento::ProgramStateRef clang::ento::ProgramState::set(typename clang::ento::ProgramStateTrait<T>::key_type, typename clang::ento::ProgramStateTrait<T>::value_type, typename clang::ento::ProgramStateTrait<T>::context_type) const’
  463 |   set(typename ProgramStateTrait<T>::key_type K,
      |   ^~~
/scratch/chenyuan-data/SAGEN/llvm/llvm-4/clang/include/clang/StaticAnalyzer/Core/PathSensitive/ProgramState.h:463:3: note:   template argument deduction/substitution failed:
/scratch/chenyuan-data/SAGEN/llvm/llvm-4/clang/include/clang/StaticAnalyzer/Core/PathSensitive/ProgramState.h: In substitution of ‘template<class T> clang::ento::ProgramStateRef clang::ento::ProgramState::set(typename clang::ento::ProgramStateTrait<T>::key_type, typename clang::ento::ProgramStateTrait<T>::value_type, typename clang::ento::ProgramStateTrait<T>::context_type) const [with T = FieldAliasMap]’:
/scratch/chenyuan-data/SAGEN/llvm/llvm-4/clang/lib/Analysis/plugins/SAGenTestHandling/SAGenTestChecker.cpp:280:42:   required from here
/scratch/chenyuan-data/SAGEN/llvm/llvm-4/clang/include/clang/StaticAnalyzer/Core/PathSensitive/ProgramState.h:880:17: error: no type named ‘context_type’ in ‘struct clang::ento::ProgramStateTrait<FieldAliasMap>’
  880 | ProgramStateRef ProgramState::set(typename ProgramStateTrait<T>::key_type K,
      |                 ^~~~~~~~~~~~
/scratch/chenyuan-data/SAGEN/llvm/llvm-4/clang/lib/Analysis/plugins/SAGenTestHandling/SAGenTestChecker.cpp: In member function ‘void {anonymous}::SAGenTestChecker::checkPreCall(const clang::ento::CallEvent&, clang::ento::CheckerContext&) const’:
/scratch/chenyuan-data/SAGEN/llvm/llvm-4/clang/lib/Analysis/plugins/SAGenTestHandling/SAGenTestChecker.cpp:319:68: error: no matching function for call to ‘clang::ento::ProgramState::get<FieldAliasMap>(const clang::ento::MemRegion*&) const’
  319 |             if (const FieldIdentity *FI = State->get<FieldAliasMap>(ArgReg)) {
      |                                           ~~~~~~~~~~~~~~~~~~~~~~~~~^~~~~~~~
In file included from /scratch/chenyuan-data/SAGEN/llvm/llvm-4/clang/include/clang/StaticAnalyzer/Core/PathSensitive/RangedConstraintManager.h:16,
                 from /scratch/chenyuan-data/SAGEN/llvm/llvm-4/clang/include/clang/StaticAnalyzer/Core/BugReporter/BugReporterVisitors.h:19,
                 from /scratch/chenyuan-data/SAGEN/llvm/llvm-4/clang/include/clang/StaticAnalyzer/Core/BugReporter/BugReporter.h:21,
                 from /scratch/chenyuan-data/SAGEN/llvm/llvm-4/clang/lib/Analysis/plugins/SAGenTestHandling/SAGenTestChecker.cpp:1:
/scratch/chenyuan-data/SAGEN/llvm/llvm-4/clang/include/clang/StaticAnalyzer/Core/PathSensitive/ProgramState.h:427:3: note: candidate: ‘template<class T> typename clang::ento::ProgramStateTrait<T>::data_type clang::ento::ProgramState::get() const’
  427 |   get() const {
      |   ^~~
/scratch/chenyuan-data/SAGEN/llvm/llvm-4/clang/include/clang/StaticAnalyzer/Core/PathSensitive/ProgramState.h:427:3: note:   template argument deduction/substitution failed:
/scratch/chenyuan-data/SAGEN/llvm/llvm-4/clang/include/clang/StaticAnalyzer/Core/PathSensitive/ProgramState.h: In substitution of ‘template<class T> typename clang::ento::ProgramStateTrait<T>::data_type clang::ento::ProgramState::get() const [with T = FieldAliasMap]’:
/scratch/chenyuan-data/SAGEN/llvm/llvm-4/clang/lib/Analysis/plugins/SAGenTestHandling/SAGenTestChecker.cpp:319:68:   required from here
/scratch/chenyuan-data/SAGEN/llvm/llvm-4/clang/include/clang/StaticAnalyzer/Core/PathSensitive/ProgramState.h:427:3: error: no type named ‘data_type’ in ‘struct clang::ento::ProgramStateTrait<FieldAliasMap>’
/scratch/chenyuan-data/SAGEN/llvm/llvm-4/clang/include/clang/StaticAnalyzer/Core/PathSensitive/ProgramState.h:433:3: note: candidate: ‘template<class T> typename clang::ento::ProgramStateTrait<T>::lookup_type clang::ento::ProgramState::get(typename clang::ento::ProgramStateTrait<T>::key_type) const’
  433 |   get(typename ProgramStateTrait<T>::key_type key) const {
      |   ^~~
/scratch/chenyuan-data/SAGEN/llvm/llvm-4/clang/include/clang/StaticAnalyzer/Core/PathSensitive/ProgramState.h:433:3: note:   template argument deduction/substitution failed:
/scratch/chenyuan-data/SAGEN/llvm/llvm-4/clang/include/clang/StaticAnalyzer/Core/PathSensitive/ProgramState.h: In substitution of ‘template<class T> typename clang::ento::ProgramStateTrait<T>::lookup_type clang::ento::ProgramState::get(typename clang::ento::ProgramStateTrait<T>::key_type) const [with T = FieldAliasMap]’:
/scratch/chenyuan-data/SAGEN/llvm/llvm-4/clang/lib/Analysis/plugins/SAGenTestHandling/SAGenTestChecker.cpp:319:68:   required from here
/scratch/chenyuan-data/SAGEN/llvm/llvm-4/clang/include/clang/StaticAnalyzer/Core/PathSensitive/ProgramState.h:433:3: error: no type named ‘lookup_type’ in ‘struct clang::ento::ProgramStateTrait<FieldAliasMap>’
make[3]: *** [tools/clang/lib/Analysis/plugins/SAGenTestHandling/CMakeFiles/SAGenTestPlugin.dir/build.make:76: tools/clang/lib/Analysis/plugins/SAGenTestHandling/CMakeFiles/SAGenTestPlugin.dir/SAGenTestChecker.cpp.o] Error 1
make[2]: *** [CMakeFiles/Makefile2:31101: tools/clang/lib/Analysis/plugins/SAGenTestHandling/CMakeFiles/SAGenTestPlugin.dir/all] Error 2
make[1]: *** [CMakeFiles/Makefile2:31108: tools/clang/lib/Analysis/plugins/SAGenTestHandling/CMakeFiles/SAGenTestPlugin.dir/rule] Error 2
make: *** [Makefile:7495: SAGenTestPlugin] Error 2
