/scratch/chenyuan-data/SAGEN/llvm/llvm-4/clang/lib/Analysis/plugins/SAGenTestHandling/SAGenTestChecker.cpp: In member function ‘bool {anonymous}::FuncVisitor::VisitVarDecl(clang::VarDecl*)’:
/scratch/chenyuan-data/SAGEN/llvm/llvm-4/clang/lib/Analysis/plugins/SAGenTestHandling/SAGenTestChecker.cpp:166:45: error: ‘static bool {anonymous}::SAGenTestChecker::isThisCpuPtrCall(const clang::CallExpr*, clang::ASTContext&)’ is private within this context
  166 |       if (SAGenTestChecker::isThisCpuPtrCall(CE, Ctx) ||
      |           ~~~~~~~~~~~~~~~~~~~~~~~~~~~~~~~~~~^~~~~~~~~
/scratch/chenyuan-data/SAGEN/llvm/llvm-4/clang/lib/Analysis/plugins/SAGenTestHandling/SAGenTestChecker.cpp:132:15: note: declared private here
  132 |   static bool isThisCpuPtrCall(const CallExpr *CE, ASTContext &Ctx) {
      |               ^~~~~~~~~~~~~~~~
/scratch/chenyuan-data/SAGEN/llvm/llvm-4/clang/lib/Analysis/plugins/SAGenTestHandling/SAGenTestChecker.cpp:167:44: error: ‘static bool {anonymous}::SAGenTestChecker::isPerCpuPtrCall(const clang::CallExpr*, clang::ASTContext&)’ is private within this context
  167 |           SAGenTestChecker::isPerCpuPtrCall(CE, Ctx)) {
      |           ~~~~~~~~~~~~~~~~~~~~~~~~~~~~~~~~~^~~~~~~~~
/scratch/chenyuan-data/SAGEN/llvm/llvm-4/clang/lib/Analysis/plugins/SAGenTestHandling/SAGenTestChecker.cpp:135:15: note: declared private here
  135 |   static bool isPerCpuPtrCall(const CallExpr *CE, ASTContext &Ctx) {
      |               ^~~~~~~~~~~~~~~
/scratch/chenyuan-data/SAGEN/llvm/llvm-4/clang/lib/Analysis/plugins/SAGenTestHandling/SAGenTestChecker.cpp:169:60: error: ‘static std::string {anonymous}::SAGenTestChecker::getExprText(const clang::Expr*, clang::ASTContext&)’ is private within this context
  169 |         std::string BaseKey = SAGenTestChecker::getExprText(Arg0, Ctx);
      |                               ~~~~~~~~~~~~~~~~~~~~~~~~~~~~~^~~~~~~~~~~
/scratch/chenyuan-data/SAGEN/llvm/llvm-4/clang/lib/Analysis/plugins/SAGenTestHandling/SAGenTestChecker.cpp:62:22: note: declared private here
   62 |   static std::string getExprText(const Expr *E, ASTContext &Ctx) {
      |                      ^~~~~~~~~~~
/scratch/chenyuan-data/SAGEN/llvm/llvm-4/clang/lib/Analysis/plugins/SAGenTestHandling/SAGenTestChecker.cpp:172:54: error: ‘static bool {anonymous}::SAGenTestChecker::isPerCpuPtrCall(const clang::CallExpr*, clang::ASTContext&)’ is private within this context
  172 |         Info.Kind = SAGenTestChecker::isPerCpuPtrCall(CE, Ctx)
      |                     ~~~~~~~~~~~~~~~~~~~~~~~~~~~~~~~~~^~~~~~~~~
/scratch/chenyuan-data/SAGEN/llvm/llvm-4/clang/lib/Analysis/plugins/SAGenTestHandling/SAGenTestChecker.cpp:135:15: note: declared private here
  135 |   static bool isPerCpuPtrCall(const CallExpr *CE, ASTContext &Ctx) {
      |               ^~~~~~~~~~~~~~~
/scratch/chenyuan-data/SAGEN/llvm/llvm-4/clang/lib/Analysis/plugins/SAGenTestHandling/SAGenTestChecker.cpp: In member function ‘bool {anonymous}::FuncVisitor::VisitBinaryOperator(clang::BinaryOperator*)’:
/scratch/chenyuan-data/SAGEN/llvm/llvm-4/clang/lib/Analysis/plugins/SAGenTestHandling/SAGenTestChecker.cpp:204:49: error: ‘static bool {anonymous}::SAGenTestChecker::isThisCpuPtrCall(const clang::CallExpr*, clang::ASTContext&)’ is private within this context
  204 |           if (SAGenTestChecker::isThisCpuPtrCall(CE, Ctx) ||
      |               ~~~~~~~~~~~~~~~~~~~~~~~~~~~~~~~~~~^~~~~~~~~
/scratch/chenyuan-data/SAGEN/llvm/llvm-4/clang/lib/Analysis/plugins/SAGenTestHandling/SAGenTestChecker.cpp:132:15: note: declared private here
  132 |   static bool isThisCpuPtrCall(const CallExpr *CE, ASTContext &Ctx) {
      |               ^~~~~~~~~~~~~~~~
/scratch/chenyuan-data/SAGEN/llvm/llvm-4/clang/lib/Analysis/plugins/SAGenTestHandling/SAGenTestChecker.cpp:205:48: error: ‘static bool {anonymous}::SAGenTestChecker::isPerCpuPtrCall(const clang::CallExpr*, clang::ASTContext&)’ is private within this context
  205 |               SAGenTestChecker::isPerCpuPtrCall(CE, Ctx)) {
      |               ~~~~~~~~~~~~~~~~~~~~~~~~~~~~~~~~~^~~~~~~~~
/scratch/chenyuan-data/SAGEN/llvm/llvm-4/clang/lib/Analysis/plugins/SAGenTestHandling/SAGenTestChecker.cpp:135:15: note: declared private here
  135 |   static bool isPerCpuPtrCall(const CallExpr *CE, ASTContext &Ctx) {
      |               ^~~~~~~~~~~~~~~
/scratch/chenyuan-data/SAGEN/llvm/llvm-4/clang/lib/Analysis/plugins/SAGenTestHandling/SAGenTestChecker.cpp:207:64: error: ‘static std::string {anonymous}::SAGenTestChecker::getExprText(const clang::Expr*, clang::ASTContext&)’ is private within this context
  207 |             std::string BaseKey = SAGenTestChecker::getExprText(Arg0, Ctx);
      |                                   ~~~~~~~~~~~~~~~~~~~~~~~~~~~~~^~~~~~~~~~~
/scratch/chenyuan-data/SAGEN/llvm/llvm-4/clang/lib/Analysis/plugins/SAGenTestHandling/SAGenTestChecker.cpp:62:22: note: declared private here
   62 |   static std::string getExprText(const Expr *E, ASTContext &Ctx) {
      |                      ^~~~~~~~~~~
/scratch/chenyuan-data/SAGEN/llvm/llvm-4/clang/lib/Analysis/plugins/SAGenTestHandling/SAGenTestChecker.cpp:210:58: error: ‘static bool {anonymous}::SAGenTestChecker::isPerCpuPtrCall(const clang::CallExpr*, clang::ASTContext&)’ is private within this context
  210 |             Info.Kind = SAGenTestChecker::isPerCpuPtrCall(CE, Ctx)
      |                         ~~~~~~~~~~~~~~~~~~~~~~~~~~~~~~~~~^~~~~~~~~
/scratch/chenyuan-data/SAGEN/llvm/llvm-4/clang/lib/Analysis/plugins/SAGenTestHandling/SAGenTestChecker.cpp:135:15: note: declared private here
  135 |   static bool isPerCpuPtrCall(const CallExpr *CE, ASTContext &Ctx) {
      |               ^~~~~~~~~~~~~~~
/scratch/chenyuan-data/SAGEN/llvm/llvm-4/clang/lib/Analysis/plugins/SAGenTestHandling/SAGenTestChecker.cpp:229:70: error: ‘static const clang::MemberExpr* {anonymous}::SAGenTestChecker::findFirstMemberExpr(const clang::Expr*)’ is private within this context
  229 |         const MemberExpr *MEb = SAGenTestChecker::findFirstMemberExpr(ASE->getBase());
      |                                 ~~~~~~~~~~~~~~~~~~~~~~~~~~~~~~~~~~~~~^~~~~~~~~~~~~~~~
/scratch/chenyuan-data/SAGEN/llvm/llvm-4/clang/lib/Analysis/plugins/SAGenTestHandling/SAGenTestChecker.cpp:96:28: note: declared private here
   96 |   static const MemberExpr *findFirstMemberExpr(const Expr *E) {
      |                            ^~~~~~~~~~~~~~~~~~~
/scratch/chenyuan-data/SAGEN/llvm/llvm-4/clang/lib/Analysis/plugins/SAGenTestHandling/SAGenTestChecker.cpp:244:74: error: ‘static const clang::MemberExpr* {anonymous}::SAGenTestChecker::findFirstMemberExpr(const clang::Expr*)’ is private within this context
  244 |         if (const MemberExpr *MEb = SAGenTestChecker::findFirstMemberExpr(ASE->getBase()))
      |                                     ~~~~~~~~~~~~~~~~~~~~~~~~~~~~~~~~~~~~~^~~~~~~~~~~~~~~~
/scratch/chenyuan-data/SAGEN/llvm/llvm-4/clang/lib/Analysis/plugins/SAGenTestHandling/SAGenTestChecker.cpp:96:28: note: declared private here
   96 |   static const MemberExpr *findFirstMemberExpr(const Expr *E) {
      |                            ^~~~~~~~~~~~~~~~~~~
/scratch/chenyuan-data/SAGEN/llvm/llvm-4/clang/lib/Analysis/plugins/SAGenTestHandling/SAGenTestChecker.cpp: In member function ‘bool {anonymous}::FuncVisitor::VisitUnaryOperator(clang::UnaryOperator*)’:
/scratch/chenyuan-data/SAGEN/llvm/llvm-4/clang/lib/Analysis/plugins/SAGenTestHandling/SAGenTestChecker.cpp:262:72: error: ‘static const clang::MemberExpr* {anonymous}::SAGenTestChecker::findFirstMemberExpr(const clang::Expr*)’ is private within this context
  262 |       if (const MemberExpr *MEb = SAGenTestChecker::findFirstMemberExpr(ASE->getBase()))
      |                                   ~~~~~~~~~~~~~~~~~~~~~~~~~~~~~~~~~~~~~^~~~~~~~~~~~~~~~
/scratch/chenyuan-data/SAGEN/llvm/llvm-4/clang/lib/Analysis/plugins/SAGenTestHandling/SAGenTestChecker.cpp:96:28: note: declared private here
   96 |   static const MemberExpr *findFirstMemberExpr(const Expr *E) {
      |                            ^~~~~~~~~~~~~~~~~~~
/scratch/chenyuan-data/SAGEN/llvm/llvm-4/clang/lib/Analysis/plugins/SAGenTestHandling/SAGenTestChecker.cpp: In member function ‘bool {anonymous}::FuncVisitor::VisitCallExpr(clang::CallExpr*)’:
/scratch/chenyuan-data/SAGEN/llvm/llvm-4/clang/lib/Analysis/plugins/SAGenTestHandling/SAGenTestChecker.cpp:272:41: error: ‘static bool {anonymous}::SAGenTestChecker::isReadOnceCall(const clang::CallExpr*, clang::ASTContext&)’ is private within this context
  272 |     if (SAGenTestChecker::isReadOnceCall(CE, Ctx) && CE->getNumArgs() >= 1) {
      |         ~~~~~~~~~~~~~~~~~~~~~~~~~~~~~~~~^~~~~~~~~
/scratch/chenyuan-data/SAGEN/llvm/llvm-4/clang/lib/Analysis/plugins/SAGenTestHandling/SAGenTestChecker.cpp:138:15: note: declared private here
  138 |   static bool isReadOnceCall(const CallExpr *CE, ASTContext &Ctx) {
      |               ^~~~~~~~~~~~~~
/scratch/chenyuan-data/SAGEN/llvm/llvm-4/clang/lib/Analysis/plugins/SAGenTestHandling/SAGenTestChecker.cpp:274:67: error: ‘static const clang::MemberExpr* {anonymous}::SAGenTestChecker::findFirstMemberExpr(const clang::Expr*)’ is private within this context
  274 |       const MemberExpr *ME = SAGenTestChecker::findFirstMemberExpr(Arg0);
      |                              ~~~~~~~~~~~~~~~~~~~~~~~~~~~~~~~~~~~~~^~~~~~
/scratch/chenyuan-data/SAGEN/llvm/llvm-4/clang/lib/Analysis/plugins/SAGenTestHandling/SAGenTestChecker.cpp:96:28: note: declared private here
   96 |   static const MemberExpr *findFirstMemberExpr(const Expr *E) {
      |                            ^~~~~~~~~~~~~~~~~~~
/scratch/chenyuan-data/SAGEN/llvm/llvm-4/clang/lib/Analysis/plugins/SAGenTestHandling/SAGenTestChecker.cpp:281:42: error: ‘static bool {anonymous}::SAGenTestChecker::isWriteOnceCall(const clang::CallExpr*, clang::ASTContext&)’ is private within this context
  281 |     if (SAGenTestChecker::isWriteOnceCall(CE, Ctx) && CE->getNumArgs() >= 1) {
      |         ~~~~~~~~~~~~~~~~~~~~~~~~~~~~~~~~~^~~~~~~~~
/scratch/chenyuan-data/SAGEN/llvm/llvm-4/clang/lib/Analysis/plugins/SAGenTestHandling/SAGenTestChecker.cpp:141:15: note: declared private here
  141 |   static bool isWriteOnceCall(const CallExpr *CE, ASTContext &Ctx) {
      |               ^~~~~~~~~~~~~~~
/scratch/chenyuan-data/SAGEN/llvm/llvm-4/clang/lib/Analysis/plugins/SAGenTestHandling/SAGenTestChecker.cpp:283:67: error: ‘static const clang::MemberExpr* {anonymous}::SAGenTestChecker::findFirstMemberExpr(const clang::Expr*)’ is private within this context
  283 |       const MemberExpr *ME = SAGenTestChecker::findFirstMemberExpr(Arg0);
      |                              ~~~~~~~~~~~~~~~~~~~~~~~~~~~~~~~~~~~~~^~~~~~
/scratch/chenyuan-data/SAGEN/llvm/llvm-4/clang/lib/Analysis/plugins/SAGenTestHandling/SAGenTestChecker.cpp:96:28: note: declared private here
   96 |   static const MemberExpr *findFirstMemberExpr(const Expr *E) {
      |                            ^~~~~~~~~~~~~~~~~~~
/scratch/chenyuan-data/SAGEN/llvm/llvm-4/clang/lib/Analysis/plugins/SAGenTestHandling/SAGenTestChecker.cpp: In member function ‘void {anonymous}::FuncVisitor::addMemberWriteSite(const clang::MemberExpr*, const clang::Stmt*)’:
/scratch/chenyuan-data/SAGEN/llvm/llvm-4/clang/lib/Analysis/plugins/SAGenTestHandling/SAGenTestChecker.cpp:297:60: error: ‘static const clang::VarDecl* {anonymous}::SAGenTestChecker::getDeclRefVar(const clang::Expr*)’ is private within this context
  297 |     const VarDecl *BaseVD = SAGenTestChecker::getDeclRefVar(ME->getBase());
      |                             ~~~~~~~~~~~~~~~~~~~~~~~~~~~~~~~^~~~~~~~~~~~~~~
/scratch/chenyuan-data/SAGEN/llvm/llvm-4/clang/lib/Analysis/plugins/SAGenTestHandling/SAGenTestChecker.cpp:81:25: note: declared private here
   81 |   static const VarDecl *getDeclRefVar(const Expr *E) {
      |                         ^~~~~~~~~~~~~
/scratch/chenyuan-data/SAGEN/llvm/llvm-4/clang/lib/Analysis/plugins/SAGenTestHandling/SAGenTestChecker.cpp: In member function ‘void {anonymous}::FuncVisitor::addMemberReadWriteSite(const clang::MemberExpr*, const clang::Stmt*)’:
/scratch/chenyuan-data/SAGEN/llvm/llvm-4/clang/lib/Analysis/plugins/SAGenTestHandling/SAGenTestChecker.cpp:317:60: error: ‘static const clang::VarDecl* {anonymous}::SAGenTestChecker::getDeclRefVar(const clang::Expr*)’ is private within this context
  317 |     const VarDecl *BaseVD = SAGenTestChecker::getDeclRefVar(ME->getBase());
      |                             ~~~~~~~~~~~~~~~~~~~~~~~~~~~~~~~^~~~~~~~~~~~~~~
/scratch/chenyuan-data/SAGEN/llvm/llvm-4/clang/lib/Analysis/plugins/SAGenTestHandling/SAGenTestChecker.cpp:81:25: note: declared private here
   81 |   static const VarDecl *getDeclRefVar(const Expr *E) {
      |                         ^~~~~~~~~~~~~
/scratch/chenyuan-data/SAGEN/llvm/llvm-4/clang/lib/Analysis/plugins/SAGenTestHandling/SAGenTestChecker.cpp: In member function ‘void {anonymous}::FuncVisitor::addMemberReadSiteAtomic(const clang::MemberExpr*, const clang::Stmt*)’:
/scratch/chenyuan-data/SAGEN/llvm/llvm-4/clang/lib/Analysis/plugins/SAGenTestHandling/SAGenTestChecker.cpp:337:60: error: ‘static const clang::VarDecl* {anonymous}::SAGenTestChecker::getDeclRefVar(const clang::Expr*)’ is private within this context
  337 |     const VarDecl *BaseVD = SAGenTestChecker::getDeclRefVar(ME->getBase());
      |                             ~~~~~~~~~~~~~~~~~~~~~~~~~~~~~~~^~~~~~~~~~~~~~~
/scratch/chenyuan-data/SAGEN/llvm/llvm-4/clang/lib/Analysis/plugins/SAGenTestHandling/SAGenTestChecker.cpp:81:25: note: declared private here
   81 |   static const VarDecl *getDeclRefVar(const Expr *E) {
      |                         ^~~~~~~~~~~~~
/scratch/chenyuan-data/SAGEN/llvm/llvm-4/clang/lib/Analysis/plugins/SAGenTestHandling/SAGenTestChecker.cpp: In member function ‘void {anonymous}::FuncVisitor::addMemberWriteSiteAtomic(const clang::MemberExpr*, const clang::Stmt*)’:
/scratch/chenyuan-data/SAGEN/llvm/llvm-4/clang/lib/Analysis/plugins/SAGenTestHandling/SAGenTestChecker.cpp:357:60: error: ‘static const clang::VarDecl* {anonymous}::SAGenTestChecker::getDeclRefVar(const clang::Expr*)’ is private within this context
  357 |     const VarDecl *BaseVD = SAGenTestChecker::getDeclRefVar(ME->getBase());
      |                             ~~~~~~~~~~~~~~~~~~~~~~~~~~~~~~~^~~~~~~~~~~~~~~
/scratch/chenyuan-data/SAGEN/llvm/llvm-4/clang/lib/Analysis/plugins/SAGenTestHandling/SAGenTestChecker.cpp:81:25: note: declared private here
   81 |   static const VarDecl *getDeclRefVar(const Expr *E) {
      |                         ^~~~~~~~~~~~~
In file included from /scratch/chenyuan-data/SAGEN/llvm/llvm-4/clang/include/clang/Basic/Diagnostic.h:22,
                 from /scratch/chenyuan-data/SAGEN/llvm/llvm-4/clang/include/clang/AST/NestedNameSpecifier.h:18,
                 from /scratch/chenyuan-data/SAGEN/llvm/llvm-4/clang/include/clang/AST/Type.h:21,
                 from /scratch/chenyuan-data/SAGEN/llvm/llvm-4/clang/include/clang/AST/DeclarationName.h:16,
                 from /scratch/chenyuan-data/SAGEN/llvm/llvm-4/clang/include/clang/AST/DeclBase.h:18,
                 from /scratch/chenyuan-data/SAGEN/llvm/llvm-4/clang/include/clang/Analysis/AnalysisDeclContext.h:20,
                 from /scratch/chenyuan-data/SAGEN/llvm/llvm-4/clang/include/clang/Analysis/PathDiagnostic.h:17,
                 from /scratch/chenyuan-data/SAGEN/llvm/llvm-4/clang/include/clang/StaticAnalyzer/Core/BugReporter/BugReporter.h:17,
                 from /scratch/chenyuan-data/SAGEN/llvm/llvm-4/clang/lib/Analysis/plugins/SAGenTestHandling/SAGenTestChecker.cpp:1:
/scratch/chenyuan-data/SAGEN/llvm/llvm-4/llvm/include/llvm/ADT/DenseMap.h: In instantiation of ‘void llvm::DenseMapBase<DerivedT, KeyT, ValueT, KeyInfoT, BucketT>::destroyAll() [with DerivedT = llvm::DenseMap<std::__cxx11::basic_string<char>, llvm::detail::DenseSetEmpty, llvm::DenseMapInfo<std::__cxx11::basic_string<char>, void>, llvm::detail::DenseSetPair<std::__cxx11::basic_string<char> > >; KeyT = std::__cxx11::basic_string<char>; ValueT = llvm::detail::DenseSetEmpty; KeyInfoT = llvm::DenseMapInfo<std::__cxx11::basic_string<char>, void>; BucketT = llvm::detail::DenseSetPair<std::__cxx11::basic_string<char> >]’:
/scratch/chenyuan-data/SAGEN/llvm/llvm-4/llvm/include/llvm/ADT/DenseMap.h:781:21:   required from ‘llvm::DenseMap<KeyT, ValueT, KeyInfoT, BucketT>::~DenseMap() [with KeyT = std::__cxx11::basic_string<char>; ValueT = llvm::detail::DenseSetEmpty; KeyInfoT = llvm::DenseMapInfo<std::__cxx11::basic_string<char>, void>; BucketT = llvm::detail::DenseSetPair<std::__cxx11::basic_string<char> >]’
/scratch/chenyuan-data/SAGEN/llvm/llvm-4/llvm/include/llvm/ADT/DenseSet.h:54:7:   required from here
/scratch/chenyuan-data/SAGEN/llvm/llvm-4/llvm/include/llvm/ADT/DenseMap.h:393:29: error: ‘isEqual’ is not a member of ‘llvm::DenseMapInfo<std::__cxx11::basic_string<char>, void>’
  393 |       if (!KeyInfoT::isEqual(P->getFirst(), EmptyKey) &&
      |            ~~~~~~~~~~~~~~~~~^~~~~~~~~~~~~~~~~~~~~~~~~
/scratch/chenyuan-data/SAGEN/llvm/llvm-4/llvm/include/llvm/ADT/DenseMap.h:394:29: error: ‘isEqual’ is not a member of ‘llvm::DenseMapInfo<std::__cxx11::basic_string<char>, void>’
  394 |           !KeyInfoT::isEqual(P->getFirst(), TombstoneKey))
      |            ~~~~~~~~~~~~~~~~~^~~~~~~~~~~~~~~~~~~~~~~~~~~~~
/scratch/chenyuan-data/SAGEN/llvm/llvm-4/llvm/include/llvm/ADT/DenseMap.h: In instantiation of ‘static const KeyT llvm::DenseMapBase<DerivedT, KeyT, ValueT, KeyInfoT, BucketT>::getEmptyKey() [with DerivedT = llvm::DenseMap<std::__cxx11::basic_string<char>, llvm::detail::DenseSetEmpty, llvm::DenseMapInfo<std::__cxx11::basic_string<char>, void>, llvm::detail::DenseSetPair<std::__cxx11::basic_string<char> > >; KeyT = std::__cxx11::basic_string<char>; ValueT = llvm::detail::DenseSetEmpty; KeyInfoT = llvm::DenseMapInfo<std::__cxx11::basic_string<char>, void>; BucketT = llvm::detail::DenseSetPair<std::__cxx11::basic_string<char> >]’:
/scratch/chenyuan-data/SAGEN/llvm/llvm-4/llvm/include/llvm/ADT/DenseMap.h:391:38:   required from ‘void llvm::DenseMapBase<DerivedT, KeyT, ValueT, KeyInfoT, BucketT>::destroyAll() [with DerivedT = llvm::DenseMap<std::__cxx11::basic_string<char>, llvm::detail::DenseSetEmpty, llvm::DenseMapInfo<std::__cxx11::basic_string<char>, void>, llvm::detail::DenseSetPair<std::__cxx11::basic_string<char> > >; KeyT = std::__cxx11::basic_string<char>; ValueT = llvm::detail::DenseSetEmpty; KeyInfoT = llvm::DenseMapInfo<std::__cxx11::basic_string<char>, void>; BucketT = llvm::detail::DenseSetPair<std::__cxx11::basic_string<char> >]’
/scratch/chenyuan-data/SAGEN/llvm/llvm-4/llvm/include/llvm/ADT/DenseMap.h:781:21:   required from ‘llvm::DenseMap<KeyT, ValueT, KeyInfoT, BucketT>::~DenseMap() [with KeyT = std::__cxx11::basic_string<char>; ValueT = llvm::detail::DenseSetEmpty; KeyInfoT = llvm::DenseMapInfo<std::__cxx11::basic_string<char>, void>; BucketT = llvm::detail::DenseSetPair<std::__cxx11::basic_string<char> >]’
/scratch/chenyuan-data/SAGEN/llvm/llvm-4/llvm/include/llvm/ADT/DenseSet.h:54:7:   required from here
/scratch/chenyuan-data/SAGEN/llvm/llvm-4/llvm/include/llvm/ADT/DenseMap.h:483:33: error: ‘getEmptyKey’ is not a member of ‘llvm::DenseMapInfo<std::__cxx11::basic_string<char>, void>’
  483 |     return KeyInfoT::getEmptyKey();
      |            ~~~~~~~~~~~~~~~~~~~~~^~
/scratch/chenyuan-data/SAGEN/llvm/llvm-4/llvm/include/llvm/ADT/DenseMap.h: In instantiation of ‘static const KeyT llvm::DenseMapBase<DerivedT, KeyT, ValueT, KeyInfoT, BucketT>::getTombstoneKey() [with DerivedT = llvm::DenseMap<std::__cxx11::basic_string<char>, llvm::detail::DenseSetEmpty, llvm::DenseMapInfo<std::__cxx11::basic_string<char>, void>, llvm::detail::DenseSetPair<std::__cxx11::basic_string<char> > >; KeyT = std::__cxx11::basic_string<char>; ValueT = llvm::detail::DenseSetEmpty; KeyInfoT = llvm::DenseMapInfo<std::__cxx11::basic_string<char>, void>; BucketT = llvm::detail::DenseSetPair<std::__cxx11::basic_string<char> >]’:
/scratch/chenyuan-data/SAGEN/llvm/llvm-4/llvm/include/llvm/ADT/DenseMap.h:391:72:   required from ‘void llvm::DenseMapBase<DerivedT, KeyT, ValueT, KeyInfoT, BucketT>::destroyAll() [with DerivedT = llvm::DenseMap<std::__cxx11::basic_string<char>, llvm::detail::DenseSetEmpty, llvm::DenseMapInfo<std::__cxx11::basic_string<char>, void>, llvm::detail::DenseSetPair<std::__cxx11::basic_string<char> > >; KeyT = std::__cxx11::basic_string<char>; ValueT = llvm::detail::DenseSetEmpty; KeyInfoT = llvm::DenseMapInfo<std::__cxx11::basic_string<char>, void>; BucketT = llvm::detail::DenseSetPair<std::__cxx11::basic_string<char> >]’
/scratch/chenyuan-data/SAGEN/llvm/llvm-4/llvm/include/llvm/ADT/DenseMap.h:781:21:   required from ‘llvm::DenseMap<KeyT, ValueT, KeyInfoT, BucketT>::~DenseMap() [with KeyT = std::__cxx11::basic_string<char>; ValueT = llvm::detail::DenseSetEmpty; KeyInfoT = llvm::DenseMapInfo<std::__cxx11::basic_string<char>, void>; BucketT = llvm::detail::DenseSetPair<std::__cxx11::basic_string<char> >]’
/scratch/chenyuan-data/SAGEN/llvm/llvm-4/llvm/include/llvm/ADT/DenseSet.h:54:7:   required from here
/scratch/chenyuan-data/SAGEN/llvm/llvm-4/llvm/include/llvm/ADT/DenseMap.h:487:37: error: ‘getTombstoneKey’ is not a member of ‘llvm::DenseMapInfo<std::__cxx11::basic_string<char>, void>’
  487 |     return KeyInfoT::getTombstoneKey();
      |            ~~~~~~~~~~~~~~~~~~~~~~~~~^~
In file included from /scratch/chenyuan-data/SAGEN/llvm/llvm-4/llvm/include/llvm/Support/Casting.h:17,
                 from /scratch/chenyuan-data/SAGEN/llvm/llvm-4/clang/include/clang/Basic/LLVM.h:21,
                 from /scratch/chenyuan-data/SAGEN/llvm/llvm-4/clang/include/clang/AST/APValue.h:16,
                 from /scratch/chenyuan-data/SAGEN/llvm/llvm-4/clang/include/clang/AST/Stmt.h:16,
                 from /scratch/chenyuan-data/SAGEN/llvm/llvm-4/clang/include/clang/Analysis/PathDiagnostic.h:16,
                 from /scratch/chenyuan-data/SAGEN/llvm/llvm-4/clang/include/clang/StaticAnalyzer/Core/BugReporter/BugReporter.h:17,
                 from /scratch/chenyuan-data/SAGEN/llvm/llvm-4/clang/lib/Analysis/plugins/SAGenTestHandling/SAGenTestChecker.cpp:1:
/scratch/chenyuan-data/SAGEN/llvm/llvm-4/llvm/include/llvm/ADT/DenseMap.h: In instantiation of ‘bool llvm::DenseMapBase<DerivedT, KeyT, ValueT, KeyInfoT, BucketT>::LookupBucketFor(const LookupKeyT&, const BucketT*&) const [with LookupKeyT = std::__cxx11::basic_string<char>; DerivedT = llvm::DenseMap<std::__cxx11::basic_string<char>, llvm::detail::DenseSetEmpty, llvm::DenseMapInfo<std::__cxx11::basic_string<char>, void>, llvm::detail::DenseSetPair<std::__cxx11::basic_string<char> > >; KeyT = std::__cxx11::basic_string<char>; ValueT = llvm::detail::DenseSetEmpty; KeyInfoT = llvm::DenseMapInfo<std::__cxx11::basic_string<char>, void>; BucketT = llvm::detail::DenseSetPair<std::__cxx11::basic_string<char> >]’:
/scratch/chenyuan-data/SAGEN/llvm/llvm-4/llvm/include/llvm/ADT/DenseMap.h:689:24:   required from ‘bool llvm::DenseMapBase<DerivedT, KeyT, ValueT, KeyInfoT, BucketT>::LookupBucketFor(const LookupKeyT&, BucketT*&) [with LookupKeyT = std::__cxx11::basic_string<char>; DerivedT = llvm::DenseMap<std::__cxx11::basic_string<char>, llvm::detail::DenseSetEmpty, llvm::DenseMapInfo<std::__cxx11::basic_string<char>, void>, llvm::detail::DenseSetPair<std::__cxx11::basic_string<char> > >; KeyT = std::__cxx11::basic_string<char>; ValueT = llvm::detail::DenseSetEmpty; KeyInfoT = llvm::DenseMapInfo<std::__cxx11::basic_string<char>, void>; BucketT = llvm::detail::DenseSetPair<std::__cxx11::basic_string<char> >]’
/scratch/chenyuan-data/SAGEN/llvm/llvm-4/llvm/include/llvm/ADT/DenseMap.h:237:24:   required from ‘std::pair<llvm::DenseMapIterator<KeyT, ValueT, KeyInfoT, BucketT>, bool> llvm::DenseMapBase<DerivedT, KeyT, ValueT, KeyInfoT, BucketT>::try_emplace(KeyT&&, Ts&& ...) [with Ts = {llvm::detail::DenseSetEmpty&}; DerivedT = llvm::DenseMap<std::__cxx11::basic_string<char>, llvm::detail::DenseSetEmpty, llvm::DenseMapInfo<std::__cxx11::basic_string<char>, void>, llvm::detail::DenseSetPair<std::__cxx11::basic_string<char> > >; KeyT = std::__cxx11::basic_string<char>; ValueT = llvm::detail::DenseSetEmpty; KeyInfoT = llvm::DenseMapInfo<std::__cxx11::basic_string<char>, void>; BucketT = llvm::detail::DenseSetPair<std::__cxx11::basic_string<char> >]’
/scratch/chenyuan-data/SAGEN/llvm/llvm-4/llvm/include/llvm/ADT/DenseSet.h:213:30:   required from ‘std::pair<llvm::detail::DenseSetImpl<ValueT, MapTy, ValueInfoT>::Iterator, bool> llvm::detail::DenseSetImpl<ValueT, MapTy, ValueInfoT>::insert(ValueT&&) [with ValueT = std::__cxx11::basic_string<char>; MapTy = llvm::DenseMap<std::__cxx11::basic_string<char>, llvm::detail::DenseSetEmpty, llvm::DenseMapInfo<std::__cxx11::basic_string<char>, void>, llvm::detail::DenseSetPair<std::__cxx11::basic_string<char> > >; ValueInfoT = llvm::DenseMapInfo<std::__cxx11::basic_string<char>, void>]’
/scratch/chenyuan-data/SAGEN/llvm/llvm-4/clang/lib/Analysis/plugins/SAGenTestHandling/SAGenTestChecker.cpp:400:27:   required from here
/scratch/chenyuan-data/SAGEN/llvm/llvm-4/llvm/include/llvm/ADT/DenseMap.h:658:40: error: ‘isEqual’ is not a member of ‘llvm::DenseMapInfo<std::__cxx11::basic_string<char>, void>’
  658 |       if (LLVM_LIKELY(KeyInfoT::isEqual(Val, ThisBucket->getFirst()))) {
/scratch/chenyuan-data/SAGEN/llvm/llvm-4/llvm/include/llvm/Support/Compiler.h:237:51: note: in definition of macro ‘LLVM_LIKELY’
  237 | #define LLVM_LIKELY(EXPR) __builtin_expect((bool)(EXPR), true)
      |                                                   ^~~~
/scratch/chenyuan-data/SAGEN/llvm/llvm-4/llvm/include/llvm/ADT/DenseMap.h:665:40: error: ‘isEqual’ is not a member of ‘llvm::DenseMapInfo<std::__cxx11::basic_string<char>, void>’
  665 |       if (LLVM_LIKELY(KeyInfoT::isEqual(ThisBucket->getFirst(), EmptyKey))) {
/scratch/chenyuan-data/SAGEN/llvm/llvm-4/llvm/include/llvm/Support/Compiler.h:237:51: note: in definition of macro ‘LLVM_LIKELY’
  237 | #define LLVM_LIKELY(EXPR) __builtin_expect((bool)(EXPR), true)
      |                                                   ^~~~
In file included from /scratch/chenyuan-data/SAGEN/llvm/llvm-4/clang/include/clang/Basic/Diagnostic.h:22,
                 from /scratch/chenyuan-data/SAGEN/llvm/llvm-4/clang/include/clang/AST/NestedNameSpecifier.h:18,
                 from /scratch/chenyuan-data/SAGEN/llvm/llvm-4/clang/include/clang/AST/Type.h:21,
                 from /scratch/chenyuan-data/SAGEN/llvm/llvm-4/clang/include/clang/AST/DeclarationName.h:16,
                 from /scratch/chenyuan-data/SAGEN/llvm/llvm-4/clang/include/clang/AST/DeclBase.h:18,
                 from /scratch/chenyuan-data/SAGEN/llvm/llvm-4/clang/include/clang/Analysis/AnalysisDeclContext.h:20,
                 from /scratch/chenyuan-data/SAGEN/llvm/llvm-4/clang/include/clang/Analysis/PathDiagnostic.h:17,
                 from /scratch/chenyuan-data/SAGEN/llvm/llvm-4/clang/include/clang/StaticAnalyzer/Core/BugReporter/BugReporter.h:17,
                 from /scratch/chenyuan-data/SAGEN/llvm/llvm-4/clang/lib/Analysis/plugins/SAGenTestHandling/SAGenTestChecker.cpp:1:
/scratch/chenyuan-data/SAGEN/llvm/llvm-4/llvm/include/llvm/ADT/DenseMap.h:674:28: error: ‘isEqual’ is not a member of ‘llvm::DenseMapInfo<std::__cxx11::basic_string<char>, void>’
  674 |       if (KeyInfoT::isEqual(ThisBucket->getFirst(), TombstoneKey) &&
      |           ~~~~~~~~~~~~~~~~~^~~~~~~~~~~~~~~~~~~~~~~~~~~~~~~~~~~~~~
/scratch/chenyuan-data/SAGEN/llvm/llvm-4/llvm/include/llvm/ADT/DenseMap.h: In instantiation of ‘BucketT* llvm::DenseMapBase<DerivedT, KeyT, ValueT, KeyInfoT, BucketT>::InsertIntoBucketImpl(const KeyT&, const LookupKeyT&, BucketT*) [with LookupKeyT = std::__cxx11::basic_string<char>; DerivedT = llvm::DenseMap<std::__cxx11::basic_string<char>, llvm::detail::DenseSetEmpty, llvm::DenseMapInfo<std::__cxx11::basic_string<char>, void>, llvm::detail::DenseSetPair<std::__cxx11::basic_string<char> > >; KeyT = std::__cxx11::basic_string<char>; ValueT = llvm::detail::DenseSetEmpty; KeyInfoT = llvm::DenseMapInfo<std::__cxx11::basic_string<char>, void>; BucketT = llvm::detail::DenseSetPair<std::__cxx11::basic_string<char> >]’:
/scratch/chenyuan-data/SAGEN/llvm/llvm-4/llvm/include/llvm/ADT/DenseMap.h:574:37:   required from ‘BucketT* llvm::DenseMapBase<DerivedT, KeyT, ValueT, KeyInfoT, BucketT>::InsertIntoBucket(BucketT*, KeyArg&&, ValueArgs&& ...) [with KeyArg = std::__cxx11::basic_string<char>; ValueArgs = {llvm::detail::DenseSetEmpty&}; DerivedT = llvm::DenseMap<std::__cxx11::basic_string<char>, llvm::detail::DenseSetEmpty, llvm::DenseMapInfo<std::__cxx11::basic_string<char>, void>, llvm::detail::DenseSetPair<std::__cxx11::basic_string<char> > >; KeyT = std::__cxx11::basic_string<char>; ValueT = llvm::detail::DenseSetEmpty; KeyInfoT = llvm::DenseMapInfo<std::__cxx11::basic_string<char>, void>; BucketT = llvm::detail::DenseSetPair<std::__cxx11::basic_string<char> >]’
/scratch/chenyuan-data/SAGEN/llvm/llvm-4/llvm/include/llvm/ADT/DenseMap.h:247:25:   required from ‘std::pair<llvm::DenseMapIterator<KeyT, ValueT, KeyInfoT, BucketT>, bool> llvm::DenseMapBase<DerivedT, KeyT, ValueT, KeyInfoT, BucketT>::try_emplace(KeyT&&, Ts&& ...) [with Ts = {llvm::detail::DenseSetEmpty&}; DerivedT = llvm::DenseMap<std::__cxx11::basic_string<char>, llvm::detail::DenseSetEmpty, llvm::DenseMapInfo<std::__cxx11::basic_string<char>, void>, llvm::detail::DenseSetPair<std::__cxx11::basic_string<char> > >; KeyT = std::__cxx11::basic_string<char>; ValueT = llvm::detail::DenseSetEmpty; KeyInfoT = llvm::DenseMapInfo<std::__cxx11::basic_string<char>, void>; BucketT = llvm::detail::DenseSetPair<std::__cxx11::basic_string<char> >]’
/scratch/chenyuan-data/SAGEN/llvm/llvm-4/llvm/include/llvm/ADT/DenseSet.h:213:30:   required from ‘std::pair<llvm::detail::DenseSetImpl<ValueT, MapTy, ValueInfoT>::Iterator, bool> llvm::detail::DenseSetImpl<ValueT, MapTy, ValueInfoT>::insert(ValueT&&) [with ValueT = std::__cxx11::basic_string<char>; MapTy = llvm::DenseMap<std::__cxx11::basic_string<char>, llvm::detail::DenseSetEmpty, llvm::DenseMapInfo<std::__cxx11::basic_string<char>, void>, llvm::detail::DenseSetPair<std::__cxx11::basic_string<char> > >; ValueInfoT = llvm::DenseMapInfo<std::__cxx11::basic_string<char>, void>]’
/scratch/chenyuan-data/SAGEN/llvm/llvm-4/clang/lib/Analysis/plugins/SAGenTestHandling/SAGenTestChecker.cpp:400:27:   required from here
/scratch/chenyuan-data/SAGEN/llvm/llvm-4/llvm/include/llvm/ADT/DenseMap.h:624:27: error: ‘isEqual’ is not a member of ‘llvm::DenseMapInfo<std::__cxx11::basic_string<char>, void>’
  624 |     if (!KeyInfoT::isEqual(TheBucket->getFirst(), EmptyKey))
      |          ~~~~~~~~~~~~~~~~~^~~~~~~~~~~~~~~~~~~~~~~~~~~~~~~~~
/scratch/chenyuan-data/SAGEN/llvm/llvm-4/llvm/include/llvm/ADT/DenseMap.h: In instantiation of ‘void llvm::DenseMapBase<DerivedT, KeyT, ValueT, KeyInfoT, BucketT>::moveFromOldBuckets(BucketT*, BucketT*) [with DerivedT = llvm::DenseMap<std::__cxx11::basic_string<char>, llvm::detail::DenseSetEmpty, llvm::DenseMapInfo<std::__cxx11::basic_string<char>, void>, llvm::detail::DenseSetPair<std::__cxx11::basic_string<char> > >; KeyT = std::__cxx11::basic_string<char>; ValueT = llvm::detail::DenseSetEmpty; KeyInfoT = llvm::DenseMapInfo<std::__cxx11::basic_string<char>, void>; BucketT = llvm::detail::DenseSetPair<std::__cxx11::basic_string<char> >]’:
/scratch/chenyuan-data/SAGEN/llvm/llvm-4/llvm/include/llvm/ADT/DenseMap.h:840:29:   required from ‘void llvm::DenseMap<KeyT, ValueT, KeyInfoT, BucketT>::grow(unsigned int) [with KeyT = std::__cxx11::basic_string<char>; ValueT = llvm::detail::DenseSetEmpty; KeyInfoT = llvm::DenseMapInfo<std::__cxx11::basic_string<char>, void>; BucketT = llvm::detail::DenseSetPair<std::__cxx11::basic_string<char> >]’
/scratch/chenyuan-data/SAGEN/llvm/llvm-4/llvm/include/llvm/ADT/DenseMap.h:564:40:   required from ‘void llvm::DenseMapBase<DerivedT, KeyT, ValueT, KeyInfoT, BucketT>::grow(unsigned int) [with DerivedT = llvm::DenseMap<std::__cxx11::basic_string<char>, llvm::detail::DenseSetEmpty, llvm::DenseMapInfo<std::__cxx11::basic_string<char>, void>, llvm::detail::DenseSetPair<std::__cxx11::basic_string<char> > >; KeyT = std::__cxx11::basic_string<char>; ValueT = llvm::detail::DenseSetEmpty; KeyInfoT = llvm::DenseMapInfo<std::__cxx11::basic_string<char>, void>; BucketT = llvm::detail::DenseSetPair<std::__cxx11::basic_string<char> >]’
/scratch/chenyuan-data/SAGEN/llvm/llvm-4/llvm/include/llvm/ADT/DenseMap.h:107:7:   required from ‘void llvm::DenseMapBase<DerivedT, KeyT, ValueT, KeyInfoT, BucketT>::reserve(llvm::DenseMapBase<DerivedT, KeyT, ValueT, KeyInfoT, BucketT>::size_type) [with DerivedT = llvm::DenseMap<std::__cxx11::basic_string<char>, llvm::detail::DenseSetEmpty, llvm::DenseMapInfo<std::__cxx11::basic_string<char>, void>, llvm::detail::DenseSetPair<std::__cxx11::basic_string<char> > >; KeyT = std::__cxx11::basic_string<char>; ValueT = llvm::detail::DenseSetEmpty; KeyInfoT = llvm::DenseMapInfo<std::__cxx11::basic_string<char>, void>; BucketT = llvm::detail::DenseSetPair<std::__cxx11::basic_string<char> >; llvm::DenseMapBase<DerivedT, KeyT, ValueT, KeyInfoT, BucketT>::size_type = unsigned int]’
/scratch/chenyuan-data/SAGEN/llvm/llvm-4/llvm/include/llvm/ADT/DenseSet.h:90:45:   required from ‘void llvm::detail::DenseSetImpl<ValueT, MapTy, ValueInfoT>::reserve(size_t) [with ValueT = std::__cxx11::basic_string<char>; MapTy = llvm::DenseMap<std::__cxx11::basic_string<char>, llvm::detail::DenseSetEmpty, llvm::DenseMapInfo<std::__cxx11::basic_string<char>, void>, llvm::detail::DenseSetPair<std::__cxx11::basic_string<char> > >; ValueInfoT = llvm::DenseMapInfo<std::__cxx11::basic_string<char>, void>; size_t = long unsigned int]’
/scratch/chenyuan-data/SAGEN/llvm/llvm-4/clang/lib/Analysis/plugins/SAGenTestHandling/SAGenTestChecker.cpp:389:24:   required from here
/scratch/chenyuan-data/SAGEN/llvm/llvm-4/llvm/include/llvm/ADT/DenseMap.h:429:29: error: ‘isEqual’ is not a member of ‘llvm::DenseMapInfo<std::__cxx11::basic_string<char>, void>’
  429 |       if (!KeyInfoT::isEqual(B->getFirst(), EmptyKey) &&
      |            ~~~~~~~~~~~~~~~~~^~~~~~~~~~~~~~~~~~~~~~~~~
/scratch/chenyuan-data/SAGEN/llvm/llvm-4/llvm/include/llvm/ADT/DenseMap.h:430:29: error: ‘isEqual’ is not a member of ‘llvm::DenseMapInfo<std::__cxx11::basic_string<char>, void>’
  430 |           !KeyInfoT::isEqual(B->getFirst(), TombstoneKey)) {
      |            ~~~~~~~~~~~~~~~~~^~~~~~~~~~~~~~~~~~~~~~~~~~~~~
/scratch/chenyuan-data/SAGEN/llvm/llvm-4/llvm/include/llvm/ADT/DenseMap.h: In instantiation of ‘static unsigned int llvm::DenseMapBase<DerivedT, KeyT, ValueT, KeyInfoT, BucketT>::getHashValue(const KeyT&) [with DerivedT = llvm::DenseMap<std::__cxx11::basic_string<char>, llvm::detail::DenseSetEmpty, llvm::DenseMapInfo<std::__cxx11::basic_string<char>, void>, llvm::detail::DenseSetPair<std::__cxx11::basic_string<char> > >; KeyT = std::__cxx11::basic_string<char>; ValueT = llvm::detail::DenseSetEmpty; KeyInfoT = llvm::DenseMapInfo<std::__cxx11::basic_string<char>, void>; BucketT = llvm::detail::DenseSetPair<std::__cxx11::basic_string<char> >]’:
/scratch/chenyuan-data/SAGEN/llvm/llvm-4/llvm/include/llvm/ADT/DenseMap.h:653:37:   required from ‘bool llvm::DenseMapBase<DerivedT, KeyT, ValueT, KeyInfoT, BucketT>::LookupBucketFor(const LookupKeyT&, const BucketT*&) const [with LookupKeyT = std::__cxx11::basic_string<char>; DerivedT = llvm::DenseMap<std::__cxx11::basic_string<char>, llvm::detail::DenseSetEmpty, llvm::DenseMapInfo<std::__cxx11::basic_string<char>, void>, llvm::detail::DenseSetPair<std::__cxx11::basic_string<char> > >; KeyT = std::__cxx11::basic_string<char>; ValueT = llvm::detail::DenseSetEmpty; KeyInfoT = llvm::DenseMapInfo<std::__cxx11::basic_string<char>, void>; BucketT = llvm::detail::DenseSetPair<std::__cxx11::basic_string<char> >]’
/scratch/chenyuan-data/SAGEN/llvm/llvm-4/llvm/include/llvm/ADT/DenseMap.h:689:24:   required from ‘bool llvm::DenseMapBase<DerivedT, KeyT, ValueT, KeyInfoT, BucketT>::LookupBucketFor(const LookupKeyT&, BucketT*&) [with LookupKeyT = std::__cxx11::basic_string<char>; DerivedT = llvm::DenseMap<std::__cxx11::basic_string<char>, llvm::detail::DenseSetEmpty, llvm::DenseMapInfo<std::__cxx11::basic_string<char>, void>, llvm::detail::DenseSetPair<std::__cxx11::basic_string<char> > >; KeyT = std::__cxx11::basic_string<char>; ValueT = llvm::detail::DenseSetEmpty; KeyInfoT = llvm::DenseMapInfo<std::__cxx11::basic_string<char>, void>; BucketT = llvm::detail::DenseSetPair<std::__cxx11::basic_string<char> >]’
/scratch/chenyuan-data/SAGEN/llvm/llvm-4/llvm/include/llvm/ADT/DenseMap.h:237:24:   required from ‘std::pair<llvm::DenseMapIterator<KeyT, ValueT, KeyInfoT, BucketT>, bool> llvm::DenseMapBase<DerivedT, KeyT, ValueT, KeyInfoT, BucketT>::try_emplace(KeyT&&, Ts&& ...) [with Ts = {llvm::detail::DenseSetEmpty&}; DerivedT = llvm::DenseMap<std::__cxx11::basic_string<char>, llvm::detail::DenseSetEmpty, llvm::DenseMapInfo<std::__cxx11::basic_string<char>, void>, llvm::detail::DenseSetPair<std::__cxx11::basic_string<char> > >; KeyT = std::__cxx11::basic_string<char>; ValueT = llvm::detail::DenseSetEmpty; KeyInfoT = llvm::DenseMapInfo<std::__cxx11::basic_string<char>, void>; BucketT = llvm::detail::DenseSetPair<std::__cxx11::basic_string<char> >]’
/scratch/chenyuan-data/SAGEN/llvm/llvm-4/llvm/include/llvm/ADT/DenseSet.h:213:30:   required from ‘std::pair<llvm::detail::DenseSetImpl<ValueT, MapTy, ValueInfoT>::Iterator, bool> llvm::detail::DenseSetImpl<ValueT, MapTy, ValueInfoT>::insert(ValueT&&) [with ValueT = std::__cxx11::basic_string<char>; MapTy = llvm::DenseMap<std::__cxx11::basic_string<char>, llvm::detail::DenseSetEmpty, llvm::DenseMapInfo<std::__cxx11::basic_string<char>, void>, llvm::detail::DenseSetPair<std::__cxx11::basic_string<char> > >; ValueInfoT = llvm::DenseMapInfo<std::__cxx11::basic_string<char>, void>]’
/scratch/chenyuan-data/SAGEN/llvm/llvm-4/clang/lib/Analysis/plugins/SAGenTestHandling/SAGenTestChecker.cpp:400:27:   required from here
/scratch/chenyuan-data/SAGEN/llvm/llvm-4/llvm/include/llvm/ADT/DenseMap.h:472:34: error: ‘getHashValue’ is not a member of ‘llvm::DenseMapInfo<std::__cxx11::basic_string<char>, void>’
  472 |     return KeyInfoT::getHashValue(Val);
      |            ~~~~~~~~~~~~~~~~~~~~~~^~~~~
/scratch/chenyuan-data/SAGEN/llvm/llvm-4/llvm/include/llvm/ADT/DenseMap.h: In instantiation of ‘void llvm::DenseMapIterator<KeyT, ValueT, KeyInfoT, Bucket, IsConst>::RetreatPastEmptyBuckets() [with KeyT = std::__cxx11::basic_string<char>; ValueT = llvm::detail::DenseSetEmpty; KeyInfoT = llvm::DenseMapInfo<std::__cxx11::basic_string<char>, void>; Bucket = llvm::detail::DenseSetPair<std::__cxx11::basic_string<char> >; bool IsConst = false]’:
/scratch/chenyuan-data/SAGEN/llvm/llvm-4/llvm/include/llvm/ADT/DenseMap.h:1246:7:   required from ‘llvm::DenseMapIterator<KeyT, ValueT, KeyInfoT, Bucket, IsConst>::DenseMapIterator(llvm::DenseMapIterator<KeyT, ValueT, KeyInfoT, Bucket, IsConst>::pointer, llvm::DenseMapIterator<KeyT, ValueT, KeyInfoT, Bucket, IsConst>::pointer, const llvm::DebugEpochBase&, bool) [with KeyT = std::__cxx11::basic_string<char>; ValueT = llvm::detail::DenseSetEmpty; KeyInfoT = llvm::DenseMapInfo<std::__cxx11::basic_string<char>, void>; Bucket = llvm::detail::DenseSetPair<std::__cxx11::basic_string<char> >; bool IsConst = false; llvm::DenseMapIterator<KeyT, ValueT, KeyInfoT, Bucket, IsConst>::pointer = llvm::detail::DenseSetPair<std::__cxx11::basic_string<char> >*]’
/scratch/chenyuan-data/SAGEN/llvm/llvm-4/llvm/include/llvm/ADT/DenseMap.h:496:14:   required from ‘llvm::DenseMapBase<DerivedT, KeyT, ValueT, KeyInfoT, BucketT>::iterator llvm::DenseMapBase<DerivedT, KeyT, ValueT, KeyInfoT, BucketT>::makeIterator(BucketT*, BucketT*, llvm::DebugEpochBase&, bool) [with DerivedT = llvm::DenseMap<std::__cxx11::basic_string<char>, llvm::detail::DenseSetEmpty, llvm::DenseMapInfo<std::__cxx11::basic_string<char>, void>, llvm::detail::DenseSetPair<std::__cxx11::basic_string<char> > >; KeyT = std::__cxx11::basic_string<char>; ValueT = llvm::detail::DenseSetEmpty; KeyInfoT = llvm::DenseMapInfo<std::__cxx11::basic_string<char>, void>; BucketT = llvm::detail::DenseSetPair<std::__cxx11::basic_string<char> >; llvm::DenseMapBase<DerivedT, KeyT, ValueT, KeyInfoT, BucketT>::iterator = llvm::DenseMapIterator<std::__cxx11::basic_string<char>, llvm::detail::DenseSetEmpty, llvm::DenseMapInfo<std::__cxx11::basic_string<char>, void>, llvm::detail::DenseSetPair<std::__cxx11::basic_string<char> >, false>]’
/scratch/chenyuan-data/SAGEN/llvm/llvm-4/llvm/include/llvm/ADT/DenseMap.h:238:29:   required from ‘std::pair<llvm::DenseMapIterator<KeyT, ValueT, KeyInfoT, BucketT>, bool> llvm::DenseMapBase<DerivedT, KeyT, ValueT, KeyInfoT, BucketT>::try_emplace(KeyT&&, Ts&& ...) [with Ts = {llvm::detail::DenseSetEmpty&}; DerivedT = llvm::DenseMap<std::__cxx11::basic_string<char>, llvm::detail::DenseSetEmpty, llvm::DenseMapInfo<std::__cxx11::basic_string<char>, void>, llvm::detail::DenseSetPair<std::__cxx11::basic_string<char> > >; KeyT = std::__cxx11::basic_string<char>; ValueT = llvm::detail::DenseSetEmpty; KeyInfoT = llvm::DenseMapInfo<std::__cxx11::basic_string<char>, void>; BucketT = llvm::detail::DenseSetPair<std::__cxx11::basic_string<char> >]’
/scratch/chenyuan-data/SAGEN/llvm/llvm-4/llvm/include/llvm/ADT/DenseSet.h:213:30:   required from ‘std::pair<llvm::detail::DenseSetImpl<ValueT, MapTy, ValueInfoT>::Iterator, bool> llvm::detail::DenseSetImpl<ValueT, MapTy, ValueInfoT>::insert(ValueT&&) [with ValueT = std::__cxx11::basic_string<char>; MapTy = llvm::DenseMap<std::__cxx11::basic_string<char>, llvm::detail::DenseSetEmpty, llvm::DenseMapInfo<std::__cxx11::basic_string<char>, void>, llvm::detail::DenseSetPair<std::__cxx11::basic_string<char> > >; ValueInfoT = llvm::DenseMapInfo<std::__cxx11::basic_string<char>, void>]’
/scratch/chenyuan-data/SAGEN/llvm/llvm-4/clang/lib/Analysis/plugins/SAGenTestHandling/SAGenTestChecker.cpp:400:27:   required from here
/scratch/chenyuan-data/SAGEN/llvm/llvm-4/llvm/include/llvm/ADT/DenseMap.h:1320:45: error: ‘getEmptyKey’ is not a member of ‘llvm::DenseMapInfo<std::__cxx11::basic_string<char>, void>’
 1320 |     const KeyT Empty = KeyInfoT::getEmptyKey();
      |                        ~~~~~~~~~~~~~~~~~~~~~^~
/scratch/chenyuan-data/SAGEN/llvm/llvm-4/llvm/include/llvm/ADT/DenseMap.h:1321:53: error: ‘getTombstoneKey’ is not a member of ‘llvm::DenseMapInfo<std::__cxx11::basic_string<char>, void>’
 1321 |     const KeyT Tombstone = KeyInfoT::getTombstoneKey();
      |                            ~~~~~~~~~~~~~~~~~~~~~~~~~^~
/scratch/chenyuan-data/SAGEN/llvm/llvm-4/llvm/include/llvm/ADT/DenseMap.h:1323:44: error: ‘isEqual’ is not a member of ‘llvm::DenseMapInfo<std::__cxx11::basic_string<char>, void>’
 1323 |     while (Ptr != End && (KeyInfoT::isEqual(Ptr[-1].getFirst(), Empty) ||
      |                           ~~~~~~~~~~~~~~~~~^~~~~~~~~~~~~~~~~~~~~~~~~~~
/scratch/chenyuan-data/SAGEN/llvm/llvm-4/llvm/include/llvm/ADT/DenseMap.h:1324:44: error: ‘isEqual’ is not a member of ‘llvm::DenseMapInfo<std::__cxx11::basic_string<char>, void>’
 1324 |                           KeyInfoT::isEqual(Ptr[-1].getFirst(), Tombstone)))
      |                           ~~~~~~~~~~~~~~~~~^~~~~~~~~~~~~~~~~~~~~~~~~~~~~~~
/scratch/chenyuan-data/SAGEN/llvm/llvm-4/llvm/include/llvm/ADT/DenseMap.h: In instantiation of ‘void llvm::DenseMapIterator<KeyT, ValueT, KeyInfoT, Bucket, IsConst>::AdvancePastEmptyBuckets() [with KeyT = std::__cxx11::basic_string<char>; ValueT = llvm::detail::DenseSetEmpty; KeyInfoT = llvm::DenseMapInfo<std::__cxx11::basic_string<char>, void>; Bucket = llvm::detail::DenseSetPair<std::__cxx11::basic_string<char> >; bool IsConst = false]’:
/scratch/chenyuan-data/SAGEN/llvm/llvm-4/llvm/include/llvm/ADT/DenseMap.h:1249:5:   required from ‘llvm::DenseMapIterator<KeyT, ValueT, KeyInfoT, Bucket, IsConst>::DenseMapIterator(llvm::DenseMapIterator<KeyT, ValueT, KeyInfoT, Bucket, IsConst>::pointer, llvm::DenseMapIterator<KeyT, ValueT, KeyInfoT, Bucket, IsConst>::pointer, const llvm::DebugEpochBase&, bool) [with KeyT = std::__cxx11::basic_string<char>; ValueT = llvm::detail::DenseSetEmpty; KeyInfoT = llvm::DenseMapInfo<std::__cxx11::basic_string<char>, void>; Bucket = llvm::detail::DenseSetPair<std::__cxx11::basic_string<char> >; bool IsConst = false; llvm::DenseMapIterator<KeyT, ValueT, KeyInfoT, Bucket, IsConst>::pointer = llvm::detail::DenseSetPair<std::__cxx11::basic_string<char> >*]’
/scratch/chenyuan-data/SAGEN/llvm/llvm-4/llvm/include/llvm/ADT/DenseMap.h:496:14:   required from ‘llvm::DenseMapBase<DerivedT, KeyT, ValueT, KeyInfoT, BucketT>::iterator llvm::DenseMapBase<DerivedT, KeyT, ValueT, KeyInfoT, BucketT>::makeIterator(BucketT*, BucketT*, llvm::DebugEpochBase&, bool) [with DerivedT = llvm::DenseMap<std::__cxx11::basic_string<char>, llvm::detail::DenseSetEmpty, llvm::DenseMapInfo<std::__cxx11::basic_string<char>, void>, llvm::detail::DenseSetPair<std::__cxx11::basic_string<char> > >; KeyT = std::__cxx11::basic_string<char>; ValueT = llvm::detail::DenseSetEmpty; KeyInfoT = llvm::DenseMapInfo<std::__cxx11::basic_string<char>, void>; BucketT = llvm::detail::DenseSetPair<std::__cxx11::basic_string<char> >; llvm::DenseMapBase<DerivedT, KeyT, ValueT, KeyInfoT, BucketT>::iterator = llvm::DenseMapIterator<std::__cxx11::basic_string<char>, llvm::detail::DenseSetEmpty, llvm::DenseMapInfo<std::__cxx11::basic_string<char>, void>, llvm::detail::DenseSetPair<std::__cxx11::basic_string<char> >, false>]’
/scratch/chenyuan-data/SAGEN/llvm/llvm-4/llvm/include/llvm/ADT/DenseMap.h:238:29:   required from ‘std::pair<llvm::DenseMapIterator<KeyT, ValueT, KeyInfoT, BucketT>, bool> llvm::DenseMapBase<DerivedT, KeyT, ValueT, KeyInfoT, BucketT>::try_emplace(KeyT&&, Ts&& ...) [with Ts = {llvm::detail::DenseSetEmpty&}; DerivedT = llvm::DenseMap<std::__cxx11::basic_string<char>, llvm::detail::DenseSetEmpty, llvm::DenseMapInfo<std::__cxx11::basic_string<char>, void>, llvm::detail::DenseSetPair<std::__cxx11::basic_string<char> > >; KeyT = std::__cxx11::basic_string<char>; ValueT = llvm::detail::DenseSetEmpty; KeyInfoT = llvm::DenseMapInfo<std::__cxx11::basic_string<char>, void>; BucketT = llvm::detail::DenseSetPair<std::__cxx11::basic_string<char> >]’
/scratch/chenyuan-data/SAGEN/llvm/llvm-4/llvm/include/llvm/ADT/DenseSet.h:213:30:   required from ‘std::pair<llvm::detail::DenseSetImpl<ValueT, MapTy, ValueInfoT>::Iterator, bool> llvm::detail::DenseSetImpl<ValueT, MapTy, ValueInfoT>::insert(ValueT&&) [with ValueT = std::__cxx11::basic_string<char>; MapTy = llvm::DenseMap<std::__cxx11::basic_string<char>, llvm::detail::DenseSetEmpty, llvm::DenseMapInfo<std::__cxx11::basic_string<char>, void>, llvm::detail::DenseSetPair<std::__cxx11::basic_string<char> > >; ValueInfoT = llvm::DenseMapInfo<std::__cxx11::basic_string<char>, void>]’
/scratch/chenyuan-data/SAGEN/llvm/llvm-4/clang/lib/Analysis/plugins/SAGenTestHandling/SAGenTestChecker.cpp:400:27:   required from here
/scratch/chenyuan-data/SAGEN/llvm/llvm-4/llvm/include/llvm/ADT/DenseMap.h:1310:45: error: ‘getEmptyKey’ is not a member of ‘llvm::DenseMapInfo<std::__cxx11::basic_string<char>, void>’
 1310 |     const KeyT Empty = KeyInfoT::getEmptyKey();
      |                        ~~~~~~~~~~~~~~~~~~~~~^~
/scratch/chenyuan-data/SAGEN/llvm/llvm-4/llvm/include/llvm/ADT/DenseMap.h:1311:53: error: ‘getTombstoneKey’ is not a member of ‘llvm::DenseMapInfo<std::__cxx11::basic_string<char>, void>’
 1311 |     const KeyT Tombstone = KeyInfoT::getTombstoneKey();
      |                            ~~~~~~~~~~~~~~~~~~~~~~~~~^~
/scratch/chenyuan-data/SAGEN/llvm/llvm-4/llvm/include/llvm/ADT/DenseMap.h:1313:44: error: ‘isEqual’ is not a member of ‘llvm::DenseMapInfo<std::__cxx11::basic_string<char>, void>’
 1313 |     while (Ptr != End && (KeyInfoT::isEqual(Ptr->getFirst(), Empty) ||
      |                           ~~~~~~~~~~~~~~~~~^~~~~~~~~~~~~~~~~~~~~~~~
/scratch/chenyuan-data/SAGEN/llvm/llvm-4/llvm/include/llvm/ADT/DenseMap.h:1314:44: error: ‘isEqual’ is not a member of ‘llvm::DenseMapInfo<std::__cxx11::basic_string<char>, void>’
 1314 |                           KeyInfoT::isEqual(Ptr->getFirst(), Tombstone)))
      |                           ~~~~~~~~~~~~~~~~~^~~~~~~~~~~~~~~~~~~~~~~~~~~~
make[3]: *** [tools/clang/lib/Analysis/plugins/SAGenTestHandling/CMakeFiles/SAGenTestPlugin.dir/build.make:76: tools/clang/lib/Analysis/plugins/SAGenTestHandling/CMakeFiles/SAGenTestPlugin.dir/SAGenTestChecker.cpp.o] Error 1
make[2]: *** [CMakeFiles/Makefile2:31101: tools/clang/lib/Analysis/plugins/SAGenTestHandling/CMakeFiles/SAGenTestPlugin.dir/all] Error 2
make[1]: *** [CMakeFiles/Makefile2:31108: tools/clang/lib/Analysis/plugins/SAGenTestHandling/CMakeFiles/SAGenTestPlugin.dir/rule] Error 2
make: *** [Makefile:7495: SAGenTestPlugin] Error 2
