/scratch/chenyuan-data/SAGEN/llvm/llvm-2/clang/lib/Analysis/plugins/SAGenTestHandling/SAGenTestChecker.cpp: In static member function ‘static bool {anonymous}::SAGenTestChecker::isLoggingName(llvm::StringRef)’:
/scratch/chenyuan-data/SAGEN/llvm/llvm-2/clang/lib/Analysis/plugins/SAGenTestHandling/SAGenTestChecker.cpp:189:22: warning: ‘bool llvm::StringRef::startswith(llvm::StringRef) const’ is deprecated: Use starts_with instead [-Wdeprecated-declarations]
  189 |          L.startswith("pr_") ||
      |          ~~~~~~~~~~~~^~~~~~~
In file included from /scratch/chenyuan-data/SAGEN/llvm/llvm-2/llvm/include/llvm/ADT/SmallString.h:18,
                 from /scratch/chenyuan-data/SAGEN/llvm/llvm-2/llvm/include/llvm/ADT/APFixedPoint.h:22,
                 from /scratch/chenyuan-data/SAGEN/llvm/llvm-2/clang/include/clang/AST/APValue.h:17,
                 from /scratch/chenyuan-data/SAGEN/llvm/llvm-2/clang/include/clang/AST/Stmt.h:16,
                 from /scratch/chenyuan-data/SAGEN/llvm/llvm-2/clang/include/clang/Analysis/PathDiagnostic.h:16,
                 from /scratch/chenyuan-data/SAGEN/llvm/llvm-2/clang/include/clang/StaticAnalyzer/Core/BugReporter/BugReporter.h:17,
                 from /scratch/chenyuan-data/SAGEN/llvm/llvm-2/clang/lib/Analysis/plugins/SAGenTestHandling/SAGenTestChecker.cpp:1:
/scratch/chenyuan-data/SAGEN/llvm/llvm-2/llvm/include/llvm/ADT/StringRef.h:263:29: note: declared here
  263 |         "starts_with") bool startswith(StringRef Prefix) const {
      |                             ^~~~~~~~~~
/scratch/chenyuan-data/SAGEN/llvm/llvm-2/clang/lib/Analysis/plugins/SAGenTestHandling/SAGenTestChecker.cpp:191:22: warning: ‘bool llvm::StringRef::startswith(llvm::StringRef) const’ is deprecated: Use starts_with instead [-Wdeprecated-declarations]
  191 |          L.startswith("dev_") ||
      |          ~~~~~~~~~~~~^~~~~~~~
In file included from /scratch/chenyuan-data/SAGEN/llvm/llvm-2/llvm/include/llvm/ADT/SmallString.h:18,
                 from /scratch/chenyuan-data/SAGEN/llvm/llvm-2/llvm/include/llvm/ADT/APFixedPoint.h:22,
                 from /scratch/chenyuan-data/SAGEN/llvm/llvm-2/clang/include/clang/AST/APValue.h:17,
                 from /scratch/chenyuan-data/SAGEN/llvm/llvm-2/clang/include/clang/AST/Stmt.h:16,
                 from /scratch/chenyuan-data/SAGEN/llvm/llvm-2/clang/include/clang/Analysis/PathDiagnostic.h:16,
                 from /scratch/chenyuan-data/SAGEN/llvm/llvm-2/clang/include/clang/StaticAnalyzer/Core/BugReporter/BugReporter.h:17,
                 from /scratch/chenyuan-data/SAGEN/llvm/llvm-2/clang/lib/Analysis/plugins/SAGenTestHandling/SAGenTestChecker.cpp:1:
/scratch/chenyuan-data/SAGEN/llvm/llvm-2/llvm/include/llvm/ADT/StringRef.h:263:29: note: declared here
  263 |         "starts_with") bool startswith(StringRef Prefix) const {
      |                             ^~~~~~~~~~
