In file included from /scratch/chenyuan-data/SAGEN/llvm/llvm-4/clang/include/clang/StaticAnalyzer/Core/PathSensitive/RangedConstraintManager.h:16,
                 from /scratch/chenyuan-data/SAGEN/llvm/llvm-4/clang/include/clang/StaticAnalyzer/Core/BugReporter/BugReporterVisitors.h:19,
                 from /scratch/chenyuan-data/SAGEN/llvm/llvm-4/clang/include/clang/StaticAnalyzer/Core/BugReporter/BugReporter.h:21,
                 from /scratch/chenyuan-data/SAGEN/llvm/llvm-4/clang/lib/Analysis/plugins/SAGenTestHandling/SAGenTestChecker.cpp:1:
/scratch/chenyuan-data/SAGEN/llvm/llvm-4/clang/include/clang/StaticAnalyzer/Core/PathSensitive/ProgramState.h: In instantiation of ‘struct clang::ento::ProgramStateTrait<llvm::ImmutableSet<const clang::FieldDecl*> >’:
/scratch/chenyuan-data/SAGEN/llvm/llvm-4/clang/include/clang/StaticAnalyzer/Core/PathSensitive/ProgramState.h:848:45:   required by substitution of ‘template<class T> typename clang::ento::ProgramStateTrait<T>::context_type clang::ento::ProgramState::get_context() const [with T = llvm::ImmutableSet<const clang::FieldDecl*>]’
/scratch/chenyuan-data/SAGEN/llvm/llvm-4/clang/lib/Analysis/plugins/SAGenTestHandling/SAGenTestChecker.cpp:213:47:   required from here
/scratch/chenyuan-data/SAGEN/llvm/llvm-4/clang/include/clang/StaticAnalyzer/Core/PathSensitive/ProgramState.h:52:33: error: no type named ‘data_type’ in ‘class llvm::ImmutableSet<const clang::FieldDecl*>’
   52 |   typedef typename T::data_type data_type;
      |                                 ^~~~~~~~~
/scratch/chenyuan-data/SAGEN/llvm/llvm-4/clang/lib/Analysis/plugins/SAGenTestHandling/SAGenTestChecker.cpp: In static member function ‘static clang::ento::ProgramStateRef {anonymous}::SAGenTestChecker::setFreed(clang::ento::ProgramStateRef, const clang::ento::MemRegion*, const clang::FieldDecl*)’:
/scratch/chenyuan-data/SAGEN/llvm/llvm-4/clang/lib/Analysis/plugins/SAGenTestHandling/SAGenTestChecker.cpp:213:47: error: no matching function for call to ‘clang::ento::ProgramState::get_context<FieldSet>() const’
  213 |   auto &Factory = State->get_context<FieldSet>();
      |                   ~~~~~~~~~~~~~~~~~~~~~~~~~~~~^~
In file included from /scratch/chenyuan-data/SAGEN/llvm/llvm-4/clang/include/clang/StaticAnalyzer/Core/PathSensitive/RangedConstraintManager.h:16,
                 from /scratch/chenyuan-data/SAGEN/llvm/llvm-4/clang/include/clang/StaticAnalyzer/Core/BugReporter/BugReporterVisitors.h:19,
                 from /scratch/chenyuan-data/SAGEN/llvm/llvm-4/clang/include/clang/StaticAnalyzer/Core/BugReporter/BugReporter.h:21,
                 from /scratch/chenyuan-data/SAGEN/llvm/llvm-4/clang/lib/Analysis/plugins/SAGenTestHandling/SAGenTestChecker.cpp:1:
/scratch/chenyuan-data/SAGEN/llvm/llvm-4/clang/include/clang/StaticAnalyzer/Core/PathSensitive/ProgramState.h:439:47: note: candidate: ‘template<class T> typename clang::ento::ProgramStateTrait<T>::context_type clang::ento::ProgramState::get_context() const’
  439 |   typename ProgramStateTrait<T>::context_type get_context() const;
      |                                               ^~~~~~~~~~~
/scratch/chenyuan-data/SAGEN/llvm/llvm-4/clang/include/clang/StaticAnalyzer/Core/PathSensitive/ProgramState.h:439:47: note:   substitution of deduced template arguments resulted in errors seen above
/scratch/chenyuan-data/SAGEN/llvm/llvm-4/clang/lib/Analysis/plugins/SAGenTestHandling/SAGenTestChecker.cpp: In member function ‘void {anonymous}::SAGenTestChecker::checkBind(clang::ento::SVal, clang::ento::SVal, const clang::Stmt*, clang::ento::CheckerContext&) const’:
/scratch/chenyuan-data/SAGEN/llvm/llvm-4/clang/lib/Analysis/plugins/SAGenTestHandling/SAGenTestChecker.cpp:295:67: error: cannot convert ‘clang::ento::ProgramStatePartialTrait<llvm::ImmutableMap<const clang::ento::MemRegion*, const clang::ento::MemRegion*> >::lookup_type’ {aka ‘const clang::ento::MemRegion* const*’} to ‘const clang::ento::MemRegion*’ in initialization
  295 |         const MemRegion *AliasedBase = State->get<PtrAliasBaseMap>(RHSReg);
      |                                        ~~~~~~~~~~~~~~~~~~~~~~~~~~~^~~~~~~~
      |                                                                   |
      |                                                                   clang::ento::ProgramStatePartialTrait<llvm::ImmutableMap<const clang::ento::MemRegion*, const clang::ento::MemRegion*> >::lookup_type {aka const clang::ento::MemRegion* const*}
/scratch/chenyuan-data/SAGEN/llvm/llvm-4/clang/lib/Analysis/plugins/SAGenTestHandling/SAGenTestChecker.cpp:296:69: error: cannot convert ‘clang::ento::ProgramStatePartialTrait<llvm::ImmutableMap<const clang::ento::MemRegion*, const clang::FieldDecl*> >::lookup_type’ {aka ‘const clang::FieldDecl* const*’} to ‘const clang::FieldDecl*’ in initialization
  296 |         const FieldDecl *AliasedField = State->get<PtrAliasFieldMap>(RHSReg);
      |                                         ~~~~~~~~~~~~~~~~~~~~~~~~~~~~^~~~~~~~
      |                                                                     |
      |                                                                     clang::ento::ProgramStatePartialTrait<llvm::ImmutableMap<const clang::ento::MemRegion*, const clang::FieldDecl*> >::lookup_type {aka const clang::FieldDecl* const*}
/scratch/chenyuan-data/SAGEN/llvm/llvm-4/clang/lib/Analysis/plugins/SAGenTestHandling/SAGenTestChecker.cpp: In member function ‘void {anonymous}::SAGenTestChecker::checkPreCall(const clang::ento::CallEvent&, clang::ento::CheckerContext&) const’:
/scratch/chenyuan-data/SAGEN/llvm/llvm-4/clang/lib/Analysis/plugins/SAGenTestHandling/SAGenTestChecker.cpp:350:63: error: cannot convert ‘clang::ento::ProgramStatePartialTrait<llvm::ImmutableMap<const clang::ento::MemRegion*, const clang::ento::MemRegion*> >::lookup_type’ {aka ‘const clang::ento::MemRegion* const*’} to ‘const clang::ento::MemRegion*’ in initialization
  350 |     const MemRegion *AliasedBase = State->get<PtrAliasBaseMap>(PtrReg);
      |                                    ~~~~~~~~~~~~~~~~~~~~~~~~~~~^~~~~~~~
      |                                                               |
      |                                                               clang::ento::ProgramStatePartialTrait<llvm::ImmutableMap<const clang::ento::MemRegion*, const clang::ento::MemRegion*> >::lookup_type {aka const clang::ento::MemRegion* const*}
/scratch/chenyuan-data/SAGEN/llvm/llvm-4/clang/lib/Analysis/plugins/SAGenTestHandling/SAGenTestChecker.cpp:351:65: error: cannot convert ‘clang::ento::ProgramStatePartialTrait<llvm::ImmutableMap<const clang::ento::MemRegion*, const clang::FieldDecl*> >::lookup_type’ {aka ‘const clang::FieldDecl* const*’} to ‘const clang::FieldDecl*’ in initialization
  351 |     const FieldDecl *AliasedField = State->get<PtrAliasFieldMap>(PtrReg);
      |                                     ~~~~~~~~~~~~~~~~~~~~~~~~~~~~^~~~~~~~
      |                                                                 |
      |                                                                 clang::ento::ProgramStatePartialTrait<llvm::ImmutableMap<const clang::ento::MemRegion*, const clang::FieldDecl*> >::lookup_type {aka const clang::FieldDecl* const*}
make[3]: *** [tools/clang/lib/Analysis/plugins/SAGenTestHandling/CMakeFiles/SAGenTestPlugin.dir/build.make:76: tools/clang/lib/Analysis/plugins/SAGenTestHandling/CMakeFiles/SAGenTestPlugin.dir/SAGenTestChecker.cpp.o] Error 1
make[2]: *** [CMakeFiles/Makefile2:31101: tools/clang/lib/Analysis/plugins/SAGenTestHandling/CMakeFiles/SAGenTestPlugin.dir/all] Error 2
make[1]: *** [CMakeFiles/Makefile2:31108: tools/clang/lib/Analysis/plugins/SAGenTestHandling/CMakeFiles/SAGenTestPlugin.dir/rule] Error 2
make: *** [Makefile:7495: SAGenTestPlugin] Error 2
