/scratch/chenyuan-data/SAGEN/llvm/llvm-2/clang/lib/Analysis/plugins/SAGenTestHandling/SAGenTestChecker.cpp: In member function ‘bool {anonymous}::SAGenTestChecker::isDirectWidenedUseTo64(const clang::Expr*, clang::ento::CheckerContext&, const clang::Stmt*&, const clang::Decl*&) const’:
/scratch/chenyuan-data/SAGEN/llvm/llvm-2/clang/lib/Analysis/plugins/SAGenTestHandling/SAGenTestChecker.cpp:210:21: warning: unused variable ‘Ret’ [-Wunused-variable]
  210 |     if (const auto *Ret = dyn_cast_or_null<ReturnStmt>(PStmt)) {
      |                     ^~~
/scratch/chenyuan-data/SAGEN/llvm/llvm-2/clang/lib/Analysis/plugins/SAGenTestHandling/SAGenTestChecker.cpp: In member function ‘bool {anonymous}::SAGenTestChecker::getMaxForExpr(const clang::Expr*, clang::ento::CheckerContext&, llvm::APSInt&) const’:
/scratch/chenyuan-data/SAGEN/llvm/llvm-2/clang/lib/Analysis/plugins/SAGenTestHandling/SAGenTestChecker.cpp:277:11: warning: ISO C++ does not support ‘__int128’ for ‘L’ [-Wpedantic]
  277 |           __int128 L = LMax.isSigned() ? (__int128)LMax.getExtValue()
      |           ^~~~~~~~
/scratch/chenyuan-data/SAGEN/llvm/llvm-2/clang/lib/Analysis/plugins/SAGenTestHandling/SAGenTestChecker.cpp:277:43: warning: ISO C++ does not support ‘__int128’ for ‘type name’ [-Wpedantic]
  277 |           __int128 L = LMax.isSigned() ? (__int128)LMax.getExtValue()
      |                                           ^~~~~~~~
/scratch/chenyuan-data/SAGEN/llvm/llvm-2/clang/lib/Analysis/plugins/SAGenTestHandling/SAGenTestChecker.cpp:278:43: warning: ISO C++ does not support ‘__int128’ for ‘type name’ [-Wpedantic]
  278 |                                        : (__int128)LMax.getZExtValue();
      |                                           ^~~~~~~~
/scratch/chenyuan-data/SAGEN/llvm/llvm-2/clang/lib/Analysis/plugins/SAGenTestHandling/SAGenTestChecker.cpp:279:11: warning: ISO C++ does not support ‘__int128’ for ‘R’ [-Wpedantic]
  279 |           __int128 R = RMax.isSigned() ? (__int128)RMax.getExtValue()
      |           ^~~~~~~~
/scratch/chenyuan-data/SAGEN/llvm/llvm-2/clang/lib/Analysis/plugins/SAGenTestHandling/SAGenTestChecker.cpp:279:43: warning: ISO C++ does not support ‘__int128’ for ‘type name’ [-Wpedantic]
  279 |           __int128 R = RMax.isSigned() ? (__int128)RMax.getExtValue()
      |                                           ^~~~~~~~
/scratch/chenyuan-data/SAGEN/llvm/llvm-2/clang/lib/Analysis/plugins/SAGenTestHandling/SAGenTestChecker.cpp:280:43: warning: ISO C++ does not support ‘__int128’ for ‘type name’ [-Wpedantic]
  280 |                                        : (__int128)RMax.getZExtValue();
      |                                           ^~~~~~~~
/scratch/chenyuan-data/SAGEN/llvm/llvm-2/clang/lib/Analysis/plugins/SAGenTestHandling/SAGenTestChecker.cpp:281:11: warning: ISO C++ does not support ‘__int128’ for ‘S’ [-Wpedantic]
  281 |           __int128 S = BO->getOpcode() == BO_Add ? (L + R) : (L - R);
      |           ^~~~~~~~
/scratch/chenyuan-data/SAGEN/llvm/llvm-2/clang/lib/Analysis/plugins/SAGenTestHandling/SAGenTestChecker.cpp:282:43: warning: ISO C++ does not support ‘__int128’ for ‘type name’ [-Wpedantic]
  282 |           uint64_t UB = S < 0 ? 0 : (S > (__int128)UINT64_MAX ? UINT64_MAX : (uint64_t)S);
      |                                           ^~~~~~~~
/scratch/chenyuan-data/SAGEN/llvm/llvm-2/clang/lib/Analysis/plugins/SAGenTestHandling/SAGenTestChecker.cpp: In member function ‘bool {anonymous}::SAGenTestChecker::looksLikeSizeContext(const clang::Stmt*, const clang::Decl*, const clang::BinaryOperator*, clang::ento::CheckerContext&) const’:
/scratch/chenyuan-data/SAGEN/llvm/llvm-2/clang/lib/Analysis/plugins/SAGenTestHandling/SAGenTestChecker.cpp:392:21: warning: unused variable ‘Ret’ [-Wunused-variable]
  392 |     if (const auto *Ret = dyn_cast_or_null<ReturnStmt>(UseSiteStmt)) {
      |                     ^~~
/scratch/chenyuan-data/SAGEN/llvm/llvm-2/clang/lib/Analysis/plugins/SAGenTestHandling/SAGenTestChecker.cpp: In member function ‘bool {anonymous}::SAGenTestChecker::looksLikeNonSizeEncodingContext(const clang::Stmt*, const clang::Decl*, clang::ento::CheckerContext&) const’:
/scratch/chenyuan-data/SAGEN/llvm/llvm-2/clang/lib/Analysis/plugins/SAGenTestHandling/SAGenTestChecker.cpp:441:21: warning: unused variable ‘Ret’ [-Wunused-variable]
  441 |     if (const auto *Ret = dyn_cast_or_null<ReturnStmt>(UseSiteStmt)) {
      |                     ^~~
