In file included from /scratch/chenyuan-data/SAGEN/llvm/llvm-4/clang/include/clang/StaticAnalyzer/Core/PathSensitive/RangedConstraintManager.h:17,
                 from /scratch/chenyuan-data/SAGEN/llvm/llvm-4/clang/include/clang/StaticAnalyzer/Core/BugReporter/BugReporterVisitors.h:19,
                 from /scratch/chenyuan-data/SAGEN/llvm/llvm-4/clang/include/clang/StaticAnalyzer/Core/BugReporter/BugReporter.h:21,
                 from /scratch/chenyuan-data/SAGEN/llvm/llvm-4/clang/lib/Analysis/plugins/SAGenTestHandling/SAGenTestChecker.cpp:1:
/scratch/chenyuan-data/SAGEN/llvm/llvm-4/clang/include/clang/StaticAnalyzer/Core/PathSensitive/ProgramStateTrait.h:42:10: error: specialization of ‘template<class T> struct clang::ento::ProgramStateTrait’ in different namespace [-fpermissive]
   42 |   struct ProgramStateTrait<Name> : public ProgramStatePartialTrait<Name##Ty> { \
      |          ^~~~~~~~~~~~~~~~~~~~~~~
/scratch/chenyuan-data/SAGEN/llvm/llvm-4/clang/include/clang/StaticAnalyzer/Core/PathSensitive/ProgramStateTrait.h:42:10: note: in definition of macro ‘REGISTER_TRAIT_WITH_PROGRAMSTATE’
   42 |   struct ProgramStateTrait<Name> : public ProgramStatePartialTrait<Name##Ty> { \
      |          ^~~~~~~~~~~~~~~~~
/scratch/chenyuan-data/SAGEN/llvm/llvm-4/clang/lib/Analysis/plugins/SAGenTestHandling/SAGenTestChecker.cpp:55:1: note: in expansion of macro ‘REGISTER_MAP_WITH_PROGRAMSTATE’
   55 | REGISTER_MAP_WITH_PROGRAMSTATE(ResourceInfoMap, const MemRegion*, ResourceInfo)
      | ^~~~~~~~~~~~~~~~~~~~~~~~~~~~~~
In file included from /scratch/chenyuan-data/SAGEN/llvm/llvm-4/clang/include/clang/StaticAnalyzer/Core/PathSensitive/RangedConstraintManager.h:16,
                 from /scratch/chenyuan-data/SAGEN/llvm/llvm-4/clang/include/clang/StaticAnalyzer/Core/BugReporter/BugReporterVisitors.h:19,
                 from /scratch/chenyuan-data/SAGEN/llvm/llvm-4/clang/include/clang/StaticAnalyzer/Core/BugReporter/BugReporter.h:21,
                 from /scratch/chenyuan-data/SAGEN/llvm/llvm-4/clang/lib/Analysis/plugins/SAGenTestHandling/SAGenTestChecker.cpp:1:
/scratch/chenyuan-data/SAGEN/llvm/llvm-4/clang/include/clang/StaticAnalyzer/Core/PathSensitive/ProgramState.h:51:30: note:   from definition of ‘template<class T> struct clang::ento::ProgramStateTrait’
   51 | template <typename T> struct ProgramStateTrait {
      |                              ^~~~~~~~~~~~~~~~~
In file included from /scratch/chenyuan-data/SAGEN/llvm/llvm-4/clang/include/clang/StaticAnalyzer/Core/PathSensitive/RangedConstraintManager.h:17,
                 from /scratch/chenyuan-data/SAGEN/llvm/llvm-4/clang/include/clang/StaticAnalyzer/Core/BugReporter/BugReporterVisitors.h:19,
                 from /scratch/chenyuan-data/SAGEN/llvm/llvm-4/clang/include/clang/StaticAnalyzer/Core/BugReporter/BugReporter.h:21,
                 from /scratch/chenyuan-data/SAGEN/llvm/llvm-4/clang/lib/Analysis/plugins/SAGenTestHandling/SAGenTestChecker.cpp:1:
/scratch/chenyuan-data/SAGEN/llvm/llvm-4/clang/include/clang/StaticAnalyzer/Core/PathSensitive/ProgramStateTrait.h:42:10: error: explicit specialization of ‘template<class T> struct clang::ento::ProgramStateTrait’ outside its namespace must use a nested-name-specifier [-fpermissive]
   42 |   struct ProgramStateTrait<Name> : public ProgramStatePartialTrait<Name##Ty> { \
      |          ^~~~~~~~~~~~~~~~~~~~~~~
/scratch/chenyuan-data/SAGEN/llvm/llvm-4/clang/include/clang/StaticAnalyzer/Core/PathSensitive/ProgramStateTrait.h:42:10: note: in definition of macro ‘REGISTER_TRAIT_WITH_PROGRAMSTATE’
   42 |   struct ProgramStateTrait<Name> : public ProgramStatePartialTrait<Name##Ty> { \
      |          ^~~~~~~~~~~~~~~~~
/scratch/chenyuan-data/SAGEN/llvm/llvm-4/clang/lib/Analysis/plugins/SAGenTestHandling/SAGenTestChecker.cpp:55:1: note: in expansion of macro ‘REGISTER_MAP_WITH_PROGRAMSTATE’
   55 | REGISTER_MAP_WITH_PROGRAMSTATE(ResourceInfoMap, const MemRegion*, ResourceInfo)
      | ^~~~~~~~~~~~~~~~~~~~~~~~~~~~~~
/scratch/chenyuan-data/SAGEN/llvm/llvm-4/clang/include/clang/StaticAnalyzer/Core/PathSensitive/ProgramStateTrait.h:43:27: error: definition of ‘static void* clang::ento::ProgramStateTrait<clang::ento::{anonymous}::ResourceInfoMap>::GDMIndex()’ is not in namespace enclosing ‘clang::ento::ProgramStateTrait<clang::ento::{anonymous}::ResourceInfoMap>’ [-fpermissive]
   43 |     static void *GDMIndex() {                                                  \
      |                           ^
/scratch/chenyuan-data/SAGEN/llvm/llvm-4/clang/include/clang/StaticAnalyzer/Core/PathSensitive/ProgramStateTrait.h:88:5: note: in expansion of macro ‘REGISTER_TRAIT_WITH_PROGRAMSTATE’
   88 |     REGISTER_TRAIT_WITH_PROGRAMSTATE(Name, \
      |     ^~~~~~~~~~~~~~~~~~~~~~~~~~~~~~~~
/scratch/chenyuan-data/SAGEN/llvm/llvm-4/clang/lib/Analysis/plugins/SAGenTestHandling/SAGenTestChecker.cpp:55:1: note: in expansion of macro ‘REGISTER_MAP_WITH_PROGRAMSTATE’
   55 | REGISTER_MAP_WITH_PROGRAMSTATE(ResourceInfoMap, const MemRegion*, ResourceInfo)
      | ^~~~~~~~~~~~~~~~~~~~~~~~~~~~~~
/scratch/chenyuan-data/SAGEN/llvm/llvm-4/clang/lib/Analysis/plugins/SAGenTestHandling/SAGenTestChecker.cpp: In function ‘bool clang::ento::isParamRegion(const clang::ento::MemRegion*)’:
/scratch/chenyuan-data/SAGEN/llvm/llvm-4/clang/lib/Analysis/plugins/SAGenTestHandling/SAGenTestChecker.cpp:107:22: error: ‘ParmVarRegion’ was not declared in this scope; did you mean ‘ParamVarRegion’?
  107 |   return Base && isa<ParmVarRegion>(Base);
      |                      ^~~~~~~~~~~~~
      |                      ParamVarRegion
/scratch/chenyuan-data/SAGEN/llvm/llvm-4/clang/lib/Analysis/plugins/SAGenTestHandling/SAGenTestChecker.cpp:107:36: error: no matching function for call to ‘isa<<expression error> >(const clang::ento::MemRegion*&)’
  107 |   return Base && isa<ParmVarRegion>(Base);
      |                  ~~~~~~~~~~~~~~~~~~^~~~~~
In file included from /scratch/chenyuan-data/SAGEN/llvm/llvm-4/clang/include/clang/Basic/LLVM.h:21,
                 from /scratch/chenyuan-data/SAGEN/llvm/llvm-4/clang/include/clang/AST/APValue.h:16,
                 from /scratch/chenyuan-data/SAGEN/llvm/llvm-4/clang/include/clang/AST/Stmt.h:16,
                 from /scratch/chenyuan-data/SAGEN/llvm/llvm-4/clang/include/clang/Analysis/PathDiagnostic.h:16,
                 from /scratch/chenyuan-data/SAGEN/llvm/llvm-4/clang/include/clang/StaticAnalyzer/Core/BugReporter/BugReporter.h:17,
                 from /scratch/chenyuan-data/SAGEN/llvm/llvm-4/clang/lib/Analysis/plugins/SAGenTestHandling/SAGenTestChecker.cpp:1:
/scratch/chenyuan-data/SAGEN/llvm/llvm-4/llvm/include/llvm/Support/Casting.h:553:27: note: candidate: ‘template<class First, class Second, class ... Rest, class From> bool llvm::isa(const From&)’
  553 | [[nodiscard]] inline bool isa(const From &Val) {
      |                           ^~~
/scratch/chenyuan-data/SAGEN/llvm/llvm-4/llvm/include/llvm/Support/Casting.h:553:27: note:   template argument deduction/substitution failed:
/scratch/chenyuan-data/SAGEN/llvm/llvm-4/clang/lib/Analysis/plugins/SAGenTestHandling/SAGenTestChecker.cpp:107:36: error: template argument 1 is invalid
  107 |   return Base && isa<ParmVarRegion>(Base);
      |                  ~~~~~~~~~~~~~~~~~~^~~~~~
In file included from /scratch/chenyuan-data/SAGEN/llvm/llvm-4/clang/include/clang/Basic/LLVM.h:21,
                 from /scratch/chenyuan-data/SAGEN/llvm/llvm-4/clang/include/clang/AST/APValue.h:16,
                 from /scratch/chenyuan-data/SAGEN/llvm/llvm-4/clang/include/clang/AST/Stmt.h:16,
                 from /scratch/chenyuan-data/SAGEN/llvm/llvm-4/clang/include/clang/Analysis/PathDiagnostic.h:16,
                 from /scratch/chenyuan-data/SAGEN/llvm/llvm-4/clang/include/clang/StaticAnalyzer/Core/BugReporter/BugReporter.h:17,
                 from /scratch/chenyuan-data/SAGEN/llvm/llvm-4/clang/lib/Analysis/plugins/SAGenTestHandling/SAGenTestChecker.cpp:1:
/scratch/chenyuan-data/SAGEN/llvm/llvm-4/llvm/include/llvm/Support/Casting.h:548:27: note: candidate: ‘template<class To, class From> bool llvm::isa(const From&)’
  548 | [[nodiscard]] inline bool isa(const From &Val) {
      |                           ^~~
/scratch/chenyuan-data/SAGEN/llvm/llvm-4/llvm/include/llvm/Support/Casting.h:548:27: note:   template argument deduction/substitution failed:
/scratch/chenyuan-data/SAGEN/llvm/llvm-4/clang/lib/Analysis/plugins/SAGenTestHandling/SAGenTestChecker.cpp:107:36: error: template argument 1 is invalid
  107 |   return Base && isa<ParmVarRegion>(Base);
      |                  ~~~~~~~~~~~~~~~~~~^~~~~~
/scratch/chenyuan-data/SAGEN/llvm/llvm-4/clang/lib/Analysis/plugins/SAGenTestHandling/SAGenTestChecker.cpp: At global scope:
/scratch/chenyuan-data/SAGEN/llvm/llvm-4/clang/lib/Analysis/plugins/SAGenTestHandling/SAGenTestChecker.cpp:275:17: error: variable or field ‘clang_registerCheckers’ declared void
  275 | extern "C" void clang_registerCheckers(clang::ento::CheckerRegistry &registry) {
      |                 ^~~~~~~~~~~~~~~~~~~~~~
/scratch/chenyuan-data/SAGEN/llvm/llvm-4/clang/lib/Analysis/plugins/SAGenTestHandling/SAGenTestChecker.cpp:275:40: error: reference to ‘clang’ is ambiguous
  275 | extern "C" void clang_registerCheckers(clang::ento::CheckerRegistry &registry) {
      |                                        ^~~~~
In file included from /scratch/chenyuan-data/SAGEN/llvm/llvm-4/clang/include/clang/StaticAnalyzer/Core/PathSensitive/RangedConstraintManager.h:17,
                 from /scratch/chenyuan-data/SAGEN/llvm/llvm-4/clang/include/clang/StaticAnalyzer/Core/BugReporter/BugReporterVisitors.h:19,
                 from /scratch/chenyuan-data/SAGEN/llvm/llvm-4/clang/include/clang/StaticAnalyzer/Core/BugReporter/BugReporter.h:21,
                 from /scratch/chenyuan-data/SAGEN/llvm/llvm-4/clang/lib/Analysis/plugins/SAGenTestHandling/SAGenTestChecker.cpp:1:
/scratch/chenyuan-data/SAGEN/llvm/llvm-4/clang/include/clang/StaticAnalyzer/Core/PathSensitive/ProgramStateTrait.h:39:13: note: candidates are: ‘namespace clang::ento::clang { }’
   39 |   namespace clang {                                                            \
      |             ^~~~~
/scratch/chenyuan-data/SAGEN/llvm/llvm-4/clang/include/clang/StaticAnalyzer/Core/PathSensitive/ProgramStateTrait.h:39:13: note: in definition of macro ‘REGISTER_TRAIT_WITH_PROGRAMSTATE’
   39 |   namespace clang {                                                            \
      |             ^~~~~
/scratch/chenyuan-data/SAGEN/llvm/llvm-4/clang/lib/Analysis/plugins/SAGenTestHandling/SAGenTestChecker.cpp:55:1: note: in expansion of macro ‘REGISTER_MAP_WITH_PROGRAMSTATE’
   55 | REGISTER_MAP_WITH_PROGRAMSTATE(ResourceInfoMap, const MemRegion*, ResourceInfo)
      | ^~~~~~~~~~~~~~~~~~~~~~~~~~~~~~
In file included from /scratch/chenyuan-data/SAGEN/llvm/llvm-4/clang/include/clang/AST/APValue.h:16,
                 from /scratch/chenyuan-data/SAGEN/llvm/llvm-4/clang/include/clang/AST/Stmt.h:16,
                 from /scratch/chenyuan-data/SAGEN/llvm/llvm-4/clang/include/clang/Analysis/PathDiagnostic.h:16,
                 from /scratch/chenyuan-data/SAGEN/llvm/llvm-4/clang/include/clang/StaticAnalyzer/Core/BugReporter/BugReporter.h:17,
                 from /scratch/chenyuan-data/SAGEN/llvm/llvm-4/clang/lib/Analysis/plugins/SAGenTestHandling/SAGenTestChecker.cpp:1:
/scratch/chenyuan-data/SAGEN/llvm/llvm-4/clang/include/clang/Basic/LLVM.h:53:11: note:                 ‘namespace clang { }’
   53 | namespace clang {
      |           ^~~~~
/scratch/chenyuan-data/SAGEN/llvm/llvm-4/clang/lib/Analysis/plugins/SAGenTestHandling/SAGenTestChecker.cpp:275:70: error: ‘registry’ was not declared in this scope; did you mean ‘register’?
  275 | extern "C" void clang_registerCheckers(clang::ento::CheckerRegistry &registry) {
      |                                                                      ^~~~~~~~
      |                                                                      register
make[3]: *** [tools/clang/lib/Analysis/plugins/SAGenTestHandling/CMakeFiles/SAGenTestPlugin.dir/build.make:76: tools/clang/lib/Analysis/plugins/SAGenTestHandling/CMakeFiles/SAGenTestPlugin.dir/SAGenTestChecker.cpp.o] Error 1
make[2]: *** [CMakeFiles/Makefile2:31101: tools/clang/lib/Analysis/plugins/SAGenTestHandling/CMakeFiles/SAGenTestPlugin.dir/all] Error 2
make[1]: *** [CMakeFiles/Makefile2:31108: tools/clang/lib/Analysis/plugins/SAGenTestHandling/CMakeFiles/SAGenTestPlugin.dir/rule] Error 2
make: *** [Makefile:7495: SAGenTestPlugin] Error 2
