/scratch/chenyuan-data/SAGEN/llvm/llvm-4/clang/lib/Analysis/plugins/SAGenTestHandling/SAGenTestChecker.cpp: In member function ‘void {anonymous}::SAGenTestChecker::checkBind(clang::ento::SVal, clang::ento::SVal, const clang::Stmt*, clang::ento::CheckerContext&) const’:
/scratch/chenyuan-data/SAGEN/llvm/llvm-4/clang/lib/Analysis/plugins/SAGenTestHandling/SAGenTestChecker.cpp:144:55: error: cannot convert ‘clang::ento::ProgramStatePartialTrait<llvm::ImmutableMap<const clang::ento::SymExpr*, const clang::ento::MemRegion*> >::lookup_type’ {aka ‘const clang::ento::MemRegion* const*’} to ‘const clang::ento::MemRegion*’ in initialization
  144 |     const MemRegion *SQReg = State->get<RetSymToSQMap>(Sym);
      |                              ~~~~~~~~~~~~~~~~~~~~~~~~~^~~~~
      |                                                       |
      |                                                       clang::ento::ProgramStatePartialTrait<llvm::ImmutableMap<const clang::ento::SymExpr*, const clang::ento::MemRegion*> >::lookup_type {aka const clang::ento::MemRegion* const*}
/scratch/chenyuan-data/SAGEN/llvm/llvm-4/clang/lib/Analysis/plugins/SAGenTestHandling/SAGenTestChecker.cpp: In member function ‘void {anonymous}::SAGenTestChecker::checkPreCall(const clang::ento::CallEvent&, clang::ento::CheckerContext&) const’:
/scratch/chenyuan-data/SAGEN/llvm/llvm-4/clang/lib/Analysis/plugins/SAGenTestHandling/SAGenTestChecker.cpp:196:59: error: cannot convert ‘clang::ento::ProgramStatePartialTrait<llvm::ImmutableMap<const clang::ento::MemRegion*, const clang::ento::MemRegion*> >::lookup_type’ {aka ‘const clang::ento::MemRegion* const*’} to ‘const clang::ento::MemRegion*’ in initialization
  196 |     const MemRegion *MdevReg = State->get<SQPendingRdyMap>(SQReg);
      |                                ~~~~~~~~~~~~~~~~~~~~~~~~~~~^~~~~~~
      |                                                           |
      |                                                           clang::ento::ProgramStatePartialTrait<llvm::ImmutableMap<const clang::ento::MemRegion*, const clang::ento::MemRegion*> >::lookup_type {aka const clang::ento::MemRegion* const*}
/scratch/chenyuan-data/SAGEN/llvm/llvm-4/clang/lib/Analysis/plugins/SAGenTestHandling/SAGenTestChecker.cpp:224:58: error: cannot convert ‘clang::ento::ProgramStatePartialTrait<llvm::ImmutableMap<const clang::ento::MemRegion*, const clang::ento::MemRegion*> >::lookup_type’ {aka ‘const clang::ento::MemRegion* const*’} to ‘const clang::ento::MemRegion*’ in initialization
  224 |     const MemRegion *MappedSQ = State->get<ErrVarToSQMap>(CondVarReg);
      |                                 ~~~~~~~~~~~~~~~~~~~~~~~~~^~~~~~~~~~~~
      |                                                          |
      |                                                          clang::ento::ProgramStatePartialTrait<llvm::ImmutableMap<const clang::ento::MemRegion*, const clang::ento::MemRegion*> >::lookup_type {aka const clang::ento::MemRegion* const*}
make[3]: *** [tools/clang/lib/Analysis/plugins/SAGenTestHandling/CMakeFiles/SAGenTestPlugin.dir/build.make:76: tools/clang/lib/Analysis/plugins/SAGenTestHandling/CMakeFiles/SAGenTestPlugin.dir/SAGenTestChecker.cpp.o] Error 1
make[2]: *** [CMakeFiles/Makefile2:31101: tools/clang/lib/Analysis/plugins/SAGenTestHandling/CMakeFiles/SAGenTestPlugin.dir/all] Error 2
make[1]: *** [CMakeFiles/Makefile2:31108: tools/clang/lib/Analysis/plugins/SAGenTestHandling/CMakeFiles/SAGenTestPlugin.dir/rule] Error 2
make: *** [Makefile:7495: SAGenTestPlugin] Error 2
