/scratch/chenyuan-data/SAGEN/llvm/llvm-2/clang/lib/Analysis/plugins/SAGenTestHandling/SAGenTestChecker.cpp: In member function ‘bool {anonymous}::SAGenTestChecker::isDirectWidenedUseTo64(const clang::Expr*, clang::ento::CheckerContext&, const clang::Stmt*&, const clang::Decl*&) const’:
/scratch/chenyuan-data/SAGEN/llvm/llvm-2/clang/lib/Analysis/plugins/SAGenTestHandling/SAGenTestChecker.cpp:288:21: warning: unused variable ‘Ret’ [-Wunused-variable]
  288 |     if (const auto *Ret = dyn_cast_or_null<ReturnStmt>(PStmt)) {
      |                     ^~~
/scratch/chenyuan-data/SAGEN/llvm/llvm-2/clang/lib/Analysis/plugins/SAGenTestHandling/SAGenTestChecker.cpp: In member function ‘bool {anonymous}::SAGenTestChecker::getMaxForExpr(const clang::Expr*, clang::ento::CheckerContext&, llvm::APSInt&) const’:
/scratch/chenyuan-data/SAGEN/llvm/llvm-2/clang/lib/Analysis/plugins/SAGenTestHandling/SAGenTestChecker.cpp:381:11: warning: ISO C++ does not support ‘__int128’ for ‘L’ [-Wpedantic]
  381 |           __int128 L = LMax.isSigned() ? (__int128)LMax.getExtValue()
      |           ^~~~~~~~
/scratch/chenyuan-data/SAGEN/llvm/llvm-2/clang/lib/Analysis/plugins/SAGenTestHandling/SAGenTestChecker.cpp:381:43: warning: ISO C++ does not support ‘__int128’ for ‘type name’ [-Wpedantic]
  381 |           __int128 L = LMax.isSigned() ? (__int128)LMax.getExtValue()
      |                                           ^~~~~~~~
/scratch/chenyuan-data/SAGEN/llvm/llvm-2/clang/lib/Analysis/plugins/SAGenTestHandling/SAGenTestChecker.cpp:382:43: warning: ISO C++ does not support ‘__int128’ for ‘type name’ [-Wpedantic]
  382 |                                        : (__int128)LMax.getZExtValue();
      |                                           ^~~~~~~~
/scratch/chenyuan-data/SAGEN/llvm/llvm-2/clang/lib/Analysis/plugins/SAGenTestHandling/SAGenTestChecker.cpp:383:11: warning: ISO C++ does not support ‘__int128’ for ‘R’ [-Wpedantic]
  383 |           __int128 R = RMax.isSigned() ? (__int128)RMax.getExtValue()
      |           ^~~~~~~~
/scratch/chenyuan-data/SAGEN/llvm/llvm-2/clang/lib/Analysis/plugins/SAGenTestHandling/SAGenTestChecker.cpp:383:43: warning: ISO C++ does not support ‘__int128’ for ‘type name’ [-Wpedantic]
  383 |           __int128 R = RMax.isSigned() ? (__int128)RMax.getExtValue()
      |                                           ^~~~~~~~
/scratch/chenyuan-data/SAGEN/llvm/llvm-2/clang/lib/Analysis/plugins/SAGenTestHandling/SAGenTestChecker.cpp:384:43: warning: ISO C++ does not support ‘__int128’ for ‘type name’ [-Wpedantic]
  384 |                                        : (__int128)RMax.getZExtValue();
      |                                           ^~~~~~~~
/scratch/chenyuan-data/SAGEN/llvm/llvm-2/clang/lib/Analysis/plugins/SAGenTestHandling/SAGenTestChecker.cpp:385:11: warning: ISO C++ does not support ‘__int128’ for ‘S’ [-Wpedantic]
  385 |           __int128 S = BO->getOpcode() == BO_Add ? (L + R) : (L - R);
      |           ^~~~~~~~
/scratch/chenyuan-data/SAGEN/llvm/llvm-2/clang/lib/Analysis/plugins/SAGenTestHandling/SAGenTestChecker.cpp:386:43: warning: ISO C++ does not support ‘__int128’ for ‘type name’ [-Wpedantic]
  386 |           uint64_t UB = S < 0 ? 0 : (S > (__int128)UINT64_MAX ? UINT64_MAX : (uint64_t)S);
      |                                           ^~~~~~~~
/scratch/chenyuan-data/SAGEN/llvm/llvm-2/clang/lib/Analysis/plugins/SAGenTestHandling/SAGenTestChecker.cpp: In member function ‘bool {anonymous}::SAGenTestChecker::looksLikeSizeContext(const clang::Stmt*, const clang::Decl*, const clang::BinaryOperator*, clang::ento::CheckerContext&) const’:
/scratch/chenyuan-data/SAGEN/llvm/llvm-2/clang/lib/Analysis/plugins/SAGenTestHandling/SAGenTestChecker.cpp:495:21: warning: unused variable ‘Ret’ [-Wunused-variable]
  495 |     if (const auto *Ret = dyn_cast_or_null<ReturnStmt>(UseSiteStmt)) {
      |                     ^~~
/scratch/chenyuan-data/SAGEN/llvm/llvm-2/clang/lib/Analysis/plugins/SAGenTestHandling/SAGenTestChecker.cpp: In member function ‘bool {anonymous}::SAGenTestChecker::looksLikeNonSizeEncodingContext(const clang::Stmt*, const clang::Decl*, clang::ento::CheckerContext&) const’:
/scratch/chenyuan-data/SAGEN/llvm/llvm-2/clang/lib/Analysis/plugins/SAGenTestHandling/SAGenTestChecker.cpp:544:21: warning: unused variable ‘Ret’ [-Wunused-variable]
  544 |     if (const auto *Ret = dyn_cast_or_null<ReturnStmt>(UseSiteStmt)) {
      |                     ^~~
