/scratch/chenyuan-data/SAGEN/llvm/llvm-4/clang/lib/Analysis/plugins/SAGenTestHandling/SAGenTestChecker.cpp: In member function ‘const clang::ento::MemRegion* {anonymous}::SAGenTestChecker::getRootAlias(const clang::ento::MemRegion*, clang::ento::ProgramStateRef) const’:
/scratch/chenyuan-data/SAGEN/llvm/llvm-4/clang/lib/Analysis/plugins/SAGenTestHandling/SAGenTestChecker.cpp:64:52: error: cannot convert ‘clang::ento::ProgramStatePartialTrait<llvm::ImmutableMap<const clang::ento::MemRegion*, const clang::ento::MemRegion*> >::lookup_type’ {aka ‘const clang::ento::MemRegion* const*’} to ‘const clang::ento::MemRegion*’ in initialization
   64 |     const MemRegion *Next = State->get<PtrAliasMap>(Cur);
      |                             ~~~~~~~~~~~~~~~~~~~~~~~^~~~~
      |                                                    |
      |                                                    clang::ento::ProgramStatePartialTrait<llvm::ImmutableMap<const clang::ento::MemRegion*, const clang::ento::MemRegion*> >::lookup_type {aka const clang::ento::MemRegion* const*}
/scratch/chenyuan-data/SAGEN/llvm/llvm-4/clang/lib/Analysis/plugins/SAGenTestHandling/SAGenTestChecker.cpp: In member function ‘void {anonymous}::SAGenTestChecker::checkPostCall(const clang::ento::CallEvent&, clang::ento::CheckerContext&) const’:
/scratch/chenyuan-data/SAGEN/llvm/llvm-4/clang/lib/Analysis/plugins/SAGenTestHandling/SAGenTestChecker.cpp:178:57: error: cannot convert ‘clang::ento::ProgramStatePartialTrait<llvm::ImmutableMap<const clang::ento::MemRegion*, const clang::Stmt*> >::lookup_type’ {aka ‘const clang::Stmt* const*’} to ‘const clang::Stmt*’ in initialization
  178 |     const Stmt *PubSite = State->get<PublishedRegionMap>(Root);
      |                           ~~~~~~~~~~~~~~~~~~~~~~~~~~~~~~^~~~~~
      |                                                         |
      |                                                         clang::ento::ProgramStatePartialTrait<llvm::ImmutableMap<const clang::ento::MemRegion*, const clang::Stmt*> >::lookup_type {aka const clang::Stmt* const*}
/scratch/chenyuan-data/SAGEN/llvm/llvm-4/clang/lib/Analysis/plugins/SAGenTestHandling/SAGenTestChecker.cpp: In member function ‘void {anonymous}::SAGenTestChecker::checkPreCall(const clang::ento::CallEvent&, clang::ento::CheckerContext&) const’:
/scratch/chenyuan-data/SAGEN/llvm/llvm-4/clang/lib/Analysis/plugins/SAGenTestHandling/SAGenTestChecker.cpp:218:57: error: cannot convert ‘clang::ento::ProgramStatePartialTrait<llvm::ImmutableMap<const clang::ento::MemRegion*, const clang::Stmt*> >::lookup_type’ {aka ‘const clang::Stmt* const*’} to ‘const clang::Stmt*’ in initialization
  218 |     const Stmt *PubSite = State->get<PublishedRegionMap>(Root);
      |                           ~~~~~~~~~~~~~~~~~~~~~~~~~~~~~~^~~~~~
      |                                                         |
      |                                                         clang::ento::ProgramStatePartialTrait<llvm::ImmutableMap<const clang::ento::MemRegion*, const clang::Stmt*> >::lookup_type {aka const clang::Stmt* const*}
/scratch/chenyuan-data/SAGEN/llvm/llvm-4/clang/lib/Analysis/plugins/SAGenTestHandling/SAGenTestChecker.cpp: In member function ‘void {anonymous}::SAGenTestChecker::checkBind(clang::ento::SVal, clang::ento::SVal, const clang::Stmt*, clang::ento::CheckerContext&) const’:
/scratch/chenyuan-data/SAGEN/llvm/llvm-4/clang/lib/Analysis/plugins/SAGenTestHandling/SAGenTestChecker.cpp:285:55: error: cannot convert ‘clang::ento::ProgramStatePartialTrait<llvm::ImmutableMap<const clang::ento::MemRegion*, const clang::Stmt*> >::lookup_type’ {aka ‘const clang::Stmt* const*’} to ‘const clang::Stmt*’ in initialization
  285 |   const Stmt *PubSite = State->get<PublishedRegionMap>(Root);
      |                         ~~~~~~~~~~~~~~~~~~~~~~~~~~~~~~^~~~~~
      |                                                       |
      |                                                       clang::ento::ProgramStatePartialTrait<llvm::ImmutableMap<const clang::ento::MemRegion*, const clang::Stmt*> >::lookup_type {aka const clang::Stmt* const*}
make[3]: *** [tools/clang/lib/Analysis/plugins/SAGenTestHandling/CMakeFiles/SAGenTestPlugin.dir/build.make:76: tools/clang/lib/Analysis/plugins/SAGenTestHandling/CMakeFiles/SAGenTestPlugin.dir/SAGenTestChecker.cpp.o] Error 1
make[2]: *** [CMakeFiles/Makefile2:31101: tools/clang/lib/Analysis/plugins/SAGenTestHandling/CMakeFiles/SAGenTestPlugin.dir/all] Error 2
make[1]: *** [CMakeFiles/Makefile2:31108: tools/clang/lib/Analysis/plugins/SAGenTestHandling/CMakeFiles/SAGenTestPlugin.dir/rule] Error 2
make: *** [Makefile:7495: SAGenTestPlugin] Error 2
