/scratch/chenyuan-data/SAGEN/llvm/llvm-2/clang/lib/Analysis/plugins/SAGenTestHandling/SAGenTestChecker.cpp:41:6: warning: ‘bool {anonymous}::EvaluateExprToInt(llvm::APSInt&, const clang::Expr*, clang::ento::CheckerContext&)’ declared ‘static’ but never defined [-Wunused-function]
   41 | bool EvaluateExprToInt(llvm::APSInt &EvalRes, const Expr *expr, CheckerContext &C);
      |      ^~~~~~~~~~~~~~~~~
/scratch/chenyuan-data/SAGEN/llvm/llvm-2/clang/lib/Analysis/plugins/SAGenTestHandling/SAGenTestChecker.cpp:43:21: warning: ‘const llvm::APSInt* {anonymous}::inferSymbolMaxVal(clang::ento::SymbolRef, clang::ento::CheckerContext&)’ declared ‘static’ but never defined [-Wunused-function]
   43 | const llvm::APSInt *inferSymbolMaxVal(SymbolRef Sym, CheckerContext &C);
      |                     ^~~~~~~~~~~~~~~~~
/scratch/chenyuan-data/SAGEN/llvm/llvm-2/clang/lib/Analysis/plugins/SAGenTestHandling/SAGenTestChecker.cpp:45:6: warning: ‘bool {anonymous}::getArraySizeFromExpr(llvm::APInt&, const clang::Expr*)’ declared ‘static’ but never defined [-Wunused-function]
   45 | bool getArraySizeFromExpr(llvm::APInt &ArraySize, const Expr *E);
      |      ^~~~~~~~~~~~~~~~~~~~
/scratch/chenyuan-data/SAGEN/llvm/llvm-2/clang/lib/Analysis/plugins/SAGenTestHandling/SAGenTestChecker.cpp:47:6: warning: ‘bool {anonymous}::getStringSize(llvm::APInt&, const clang::Expr*)’ declared ‘static’ but never defined [-Wunused-function]
   47 | bool getStringSize(llvm::APInt &StringSize, const Expr *E);
      |      ^~~~~~~~~~~~~
/scratch/chenyuan-data/SAGEN/llvm/llvm-2/clang/lib/Analysis/plugins/SAGenTestHandling/SAGenTestChecker.cpp:49:18: warning: ‘const clang::ento::MemRegion* {anonymous}::getMemRegionFromExpr(const clang::Expr*, clang::ento::CheckerContext&)’ declared ‘static’ but never defined [-Wunused-function]
   49 | const MemRegion* getMemRegionFromExpr(const Expr* E, CheckerContext &C);
      |                  ^~~~~~~~~~~~~~~~~~~~
/scratch/chenyuan-data/SAGEN/llvm/llvm-2/clang/lib/Analysis/plugins/SAGenTestHandling/SAGenTestChecker.cpp:56:6: warning: ‘bool {anonymous}::functionKnownToDeref(const clang::ento::CallEvent&, llvm::SmallVectorImpl<unsigned int>&)’ declared ‘static’ but never defined [-Wunused-function]
   56 | bool functionKnownToDeref(const CallEvent &Call,
      |      ^~~~~~~~~~~~~~~~~~~~
/scratch/chenyuan-data/SAGEN/llvm/llvm-2/clang/lib/Analysis/plugins/SAGenTestHandling/SAGenTestChecker.cpp:59:6: warning: ‘bool {anonymous}::ExprHasName(const clang::Expr*, llvm::StringRef, clang::ento::CheckerContext&)’ declared ‘static’ but never defined [-Wunused-function]
   59 | bool ExprHasName(const Expr *E, StringRef Name, CheckerContext &C);
      |      ^~~~~~~~~~~
/scratch/chenyuan-data/SAGEN/llvm/llvm-2/clang/lib/Analysis/plugins/SAGenTestHandling/SAGenTestChecker.cpp:39:10: warning: ‘const T* {anonymous}::findSpecificTypeInChildren(const clang::Stmt*) [with T = clang::UnaryExprOrTypeTraitExpr]’ used but never defined
   39 | const T* findSpecificTypeInChildren(const Stmt *S);
      |          ^~~~~~~~~~~~~~~~~~~~~~~~~~
/scratch/chenyuan-data/SAGEN/llvm/llvm-2/clang/lib/Analysis/plugins/SAGenTestHandling/SAGenTestChecker.cpp:49:18: warning: ‘const clang::ento::MemRegion* {anonymous}::getMemRegionFromExpr(const clang::Expr*, clang::ento::CheckerContext&)’ used but never defined
   49 | const MemRegion* getMemRegionFromExpr(const Expr* E, CheckerContext &C);
      |                  ^~~~~~~~~~~~~~~~~~~~
/scratch/chenyuan-data/SAGEN/llvm/llvm-2/clang/lib/Analysis/plugins/SAGenTestHandling/SAGenTestChecker.cpp:45:6: warning: ‘bool {anonymous}::getArraySizeFromExpr(llvm::APInt&, const clang::Expr*)’ used but never defined
   45 | bool getArraySizeFromExpr(llvm::APInt &ArraySize, const Expr *E);
      |      ^~~~~~~~~~~~~~~~~~~~
/scratch/chenyuan-data/SAGEN/llvm/llvm-2/clang/lib/Analysis/plugins/SAGenTestHandling/SAGenTestChecker.cpp:59:6: warning: ‘bool {anonymous}::ExprHasName(const clang::Expr*, llvm::StringRef, clang::ento::CheckerContext&)’ used but never defined
   59 | bool ExprHasName(const Expr *E, StringRef Name, CheckerContext &C);
      |      ^~~~~~~~~~~
/scratch/chenyuan-data/SAGEN/llvm/llvm-2/clang/lib/Analysis/plugins/SAGenTestHandling/SAGenTestChecker.cpp:43:21: warning: ‘const llvm::APSInt* {anonymous}::inferSymbolMaxVal(clang::ento::SymbolRef, clang::ento::CheckerContext&)’ used but never defined
   43 | const llvm::APSInt *inferSymbolMaxVal(SymbolRef Sym, CheckerContext &C);
      |                     ^~~~~~~~~~~~~~~~~
/scratch/chenyuan-data/SAGEN/llvm/llvm-2/clang/lib/Analysis/plugins/SAGenTestHandling/SAGenTestChecker.cpp:41:6: warning: ‘bool {anonymous}::EvaluateExprToInt(llvm::APSInt&, const clang::Expr*, clang::ento::CheckerContext&)’ used but never defined
   41 | bool EvaluateExprToInt(llvm::APSInt &EvalRes, const Expr *expr, CheckerContext &C);
      |      ^~~~~~~~~~~~~~~~~
