/scratch/chenyuan-data/SAGEN/llvm/llvm-4/clang/lib/Analysis/plugins/SAGenTestHandling/SAGenTestChecker.cpp: In static member function ‘static bool {anonymous}::SAGenTestChecker::isExitLikeLabel(const clang::LabelDecl*)’:
/scratch/chenyuan-data/SAGEN/llvm/llvm-4/clang/lib/Analysis/plugins/SAGenTestHandling/SAGenTestChecker.cpp:349:22: warning: ‘bool llvm::StringRef::startswith(llvm::StringRef) const’ is deprecated: Use starts_with instead [-Wdeprecated-declarations]
  349 |   if (LRef.startswith("err") || LRef.startswith("error") || LRef.startswith("out"))
      |       ~~~~~~~~~~~~~~~^~~~~~~
In file included from /scratch/chenyuan-data/SAGEN/llvm/llvm-4/llvm/include/llvm/ADT/SmallString.h:18,
                 from /scratch/chenyuan-data/SAGEN/llvm/llvm-4/llvm/include/llvm/ADT/APFixedPoint.h:22,
                 from /scratch/chenyuan-data/SAGEN/llvm/llvm-4/clang/include/clang/AST/APValue.h:17,
                 from /scratch/chenyuan-data/SAGEN/llvm/llvm-4/clang/include/clang/AST/Stmt.h:16,
                 from /scratch/chenyuan-data/SAGEN/llvm/llvm-4/clang/include/clang/Analysis/PathDiagnostic.h:16,
                 from /scratch/chenyuan-data/SAGEN/llvm/llvm-4/clang/include/clang/StaticAnalyzer/Core/BugReporter/BugReporter.h:17,
                 from /scratch/chenyuan-data/SAGEN/llvm/llvm-4/clang/lib/Analysis/plugins/SAGenTestHandling/SAGenTestChecker.cpp:1:
/scratch/chenyuan-data/SAGEN/llvm/llvm-4/llvm/include/llvm/ADT/StringRef.h:263:29: note: declared here
  263 |         "starts_with") bool startswith(StringRef Prefix) const {
      |                             ^~~~~~~~~~
/scratch/chenyuan-data/SAGEN/llvm/llvm-4/clang/lib/Analysis/plugins/SAGenTestHandling/SAGenTestChecker.cpp:349:48: warning: ‘bool llvm::StringRef::startswith(llvm::StringRef) const’ is deprecated: Use starts_with instead [-Wdeprecated-declarations]
  349 |   if (LRef.startswith("err") || LRef.startswith("error") || LRef.startswith("out"))
      |                                 ~~~~~~~~~~~~~~~^~~~~~~~~
In file included from /scratch/chenyuan-data/SAGEN/llvm/llvm-4/llvm/include/llvm/ADT/SmallString.h:18,
                 from /scratch/chenyuan-data/SAGEN/llvm/llvm-4/llvm/include/llvm/ADT/APFixedPoint.h:22,
                 from /scratch/chenyuan-data/SAGEN/llvm/llvm-4/clang/include/clang/AST/APValue.h:17,
                 from /scratch/chenyuan-data/SAGEN/llvm/llvm-4/clang/include/clang/AST/Stmt.h:16,
                 from /scratch/chenyuan-data/SAGEN/llvm/llvm-4/clang/include/clang/Analysis/PathDiagnostic.h:16,
                 from /scratch/chenyuan-data/SAGEN/llvm/llvm-4/clang/include/clang/StaticAnalyzer/Core/BugReporter/BugReporter.h:17,
                 from /scratch/chenyuan-data/SAGEN/llvm/llvm-4/clang/lib/Analysis/plugins/SAGenTestHandling/SAGenTestChecker.cpp:1:
/scratch/chenyuan-data/SAGEN/llvm/llvm-4/llvm/include/llvm/ADT/StringRef.h:263:29: note: declared here
  263 |         "starts_with") bool startswith(StringRef Prefix) const {
      |                             ^~~~~~~~~~
/scratch/chenyuan-data/SAGEN/llvm/llvm-4/clang/lib/Analysis/plugins/SAGenTestHandling/SAGenTestChecker.cpp:349:76: warning: ‘bool llvm::StringRef::startswith(llvm::StringRef) const’ is deprecated: Use starts_with instead [-Wdeprecated-declarations]
  349 |   if (LRef.startswith("err") || LRef.startswith("error") || LRef.startswith("out"))
      |                                                             ~~~~~~~~~~~~~~~^~~~~~~
In file included from /scratch/chenyuan-data/SAGEN/llvm/llvm-4/llvm/include/llvm/ADT/SmallString.h:18,
                 from /scratch/chenyuan-data/SAGEN/llvm/llvm-4/llvm/include/llvm/ADT/APFixedPoint.h:22,
                 from /scratch/chenyuan-data/SAGEN/llvm/llvm-4/clang/include/clang/AST/APValue.h:17,
                 from /scratch/chenyuan-data/SAGEN/llvm/llvm-4/clang/include/clang/AST/Stmt.h:16,
                 from /scratch/chenyuan-data/SAGEN/llvm/llvm-4/clang/include/clang/Analysis/PathDiagnostic.h:16,
                 from /scratch/chenyuan-data/SAGEN/llvm/llvm-4/clang/include/clang/StaticAnalyzer/Core/BugReporter/BugReporter.h:17,
                 from /scratch/chenyuan-data/SAGEN/llvm/llvm-4/clang/lib/Analysis/plugins/SAGenTestHandling/SAGenTestChecker.cpp:1:
/scratch/chenyuan-data/SAGEN/llvm/llvm-4/llvm/include/llvm/ADT/StringRef.h:263:29: note: declared here
  263 |         "starts_with") bool startswith(StringRef Prefix) const {
      |                             ^~~~~~~~~~
