/scratch/chenyuan-data/SAGEN/llvm/llvm-2/clang/lib/Analysis/plugins/SAGenTestHandling/SAGenTestChecker.cpp: In member function ‘bool {anonymous}::SAGenTestChecker::isDirectWidenedUseTo64(const clang::Expr*, clang::ento::CheckerContext&, const clang::Stmt*&, const clang::Decl*&) const’:
/scratch/chenyuan-data/SAGEN/llvm/llvm-2/clang/lib/Analysis/plugins/SAGenTestHandling/SAGenTestChecker.cpp:180:21: warning: unused variable ‘Ret’ [-Wunused-variable]
  180 |     if (const auto *Ret = dyn_cast_or_null<ReturnStmt>(PStmt)) {
      |                     ^~~
/scratch/chenyuan-data/SAGEN/llvm/llvm-2/clang/lib/Analysis/plugins/SAGenTestHandling/SAGenTestChecker.cpp: In member function ‘bool {anonymous}::SAGenTestChecker::getMaxForExpr(const clang::Expr*, clang::ento::CheckerContext&, llvm::APSInt&) const’:
/scratch/chenyuan-data/SAGEN/llvm/llvm-2/clang/lib/Analysis/plugins/SAGenTestHandling/SAGenTestChecker.cpp:247:11: warning: ISO C++ does not support ‘__int128’ for ‘L’ [-Wpedantic]
  247 |           __int128 L = LMax.isSigned() ? (__int128)LMax.getExtValue()
      |           ^~~~~~~~
/scratch/chenyuan-data/SAGEN/llvm/llvm-2/clang/lib/Analysis/plugins/SAGenTestHandling/SAGenTestChecker.cpp:247:43: warning: ISO C++ does not support ‘__int128’ for ‘type name’ [-Wpedantic]
  247 |           __int128 L = LMax.isSigned() ? (__int128)LMax.getExtValue()
      |                                           ^~~~~~~~
/scratch/chenyuan-data/SAGEN/llvm/llvm-2/clang/lib/Analysis/plugins/SAGenTestHandling/SAGenTestChecker.cpp:248:43: warning: ISO C++ does not support ‘__int128’ for ‘type name’ [-Wpedantic]
  248 |                                        : (__int128)LMax.getZExtValue();
      |                                           ^~~~~~~~
/scratch/chenyuan-data/SAGEN/llvm/llvm-2/clang/lib/Analysis/plugins/SAGenTestHandling/SAGenTestChecker.cpp:249:11: warning: ISO C++ does not support ‘__int128’ for ‘R’ [-Wpedantic]
  249 |           __int128 R = RMax.isSigned() ? (__int128)RMax.getExtValue()
      |           ^~~~~~~~
/scratch/chenyuan-data/SAGEN/llvm/llvm-2/clang/lib/Analysis/plugins/SAGenTestHandling/SAGenTestChecker.cpp:249:43: warning: ISO C++ does not support ‘__int128’ for ‘type name’ [-Wpedantic]
  249 |           __int128 R = RMax.isSigned() ? (__int128)RMax.getExtValue()
      |                                           ^~~~~~~~
/scratch/chenyuan-data/SAGEN/llvm/llvm-2/clang/lib/Analysis/plugins/SAGenTestHandling/SAGenTestChecker.cpp:250:43: warning: ISO C++ does not support ‘__int128’ for ‘type name’ [-Wpedantic]
  250 |                                        : (__int128)RMax.getZExtValue();
      |                                           ^~~~~~~~
/scratch/chenyuan-data/SAGEN/llvm/llvm-2/clang/lib/Analysis/plugins/SAGenTestHandling/SAGenTestChecker.cpp:251:11: warning: ISO C++ does not support ‘__int128’ for ‘S’ [-Wpedantic]
  251 |           __int128 S = BO->getOpcode() == BO_Add ? (L + R) : (L - R);
      |           ^~~~~~~~
/scratch/chenyuan-data/SAGEN/llvm/llvm-2/clang/lib/Analysis/plugins/SAGenTestHandling/SAGenTestChecker.cpp:252:43: warning: ISO C++ does not support ‘__int128’ for ‘type name’ [-Wpedantic]
  252 |           uint64_t UB = S < 0 ? 0 : (S > (__int128)UINT64_MAX ? UINT64_MAX : (uint64_t)S);
      |                                           ^~~~~~~~
/scratch/chenyuan-data/SAGEN/llvm/llvm-2/clang/lib/Analysis/plugins/SAGenTestHandling/SAGenTestChecker.cpp: In member function ‘bool {anonymous}::SAGenTestChecker::looksLikeSizeContext(const clang::Stmt*, const clang::Decl*, const clang::BinaryOperator*, clang::ento::CheckerContext&) const’:
/scratch/chenyuan-data/SAGEN/llvm/llvm-2/clang/lib/Analysis/plugins/SAGenTestHandling/SAGenTestChecker.cpp:362:21: warning: unused variable ‘Ret’ [-Wunused-variable]
  362 |     if (const auto *Ret = dyn_cast_or_null<ReturnStmt>(UseSiteStmt)) {
      |                     ^~~
/scratch/chenyuan-data/SAGEN/llvm/llvm-2/clang/lib/Analysis/plugins/SAGenTestHandling/SAGenTestChecker.cpp: In member function ‘bool {anonymous}::SAGenTestChecker::looksLikeNonSizeEncodingContext(const clang::Stmt*, const clang::Decl*, clang::ento::CheckerContext&) const’:
/scratch/chenyuan-data/SAGEN/llvm/llvm-2/clang/lib/Analysis/plugins/SAGenTestHandling/SAGenTestChecker.cpp:411:21: warning: unused variable ‘Ret’ [-Wunused-variable]
  411 |     if (const auto *Ret = dyn_cast_or_null<ReturnStmt>(UseSiteStmt)) {
      |                     ^~~
