[  0%] Built target llvm_vcsrevision_h
[  0%] Built target SAGenTestPlugin_exports
[  0%] Built target LLVMDemangle
[  0%] Built target obj.clangSupport
[  0%] Built target obj.LLVMTableGenCommon
[  4%] Built target LLVMSupportBlake3
[ 12%] Built target LLVMSupport
[ 12%] Built target clangSupport
[ 12%] Built target LLVMTableGen
[ 12%] Built target LLVMBitstreamReader
[ 12%] Built target LLVMDebugInfoMSF
[ 16%] Built target LLVMOption
[ 16%] Built target LLVMDebugInfoCodeView
[ 16%] Built target llvm-min-tblgen
[ 16%] Built target clang-tblgen
[ 16%] Building GenVT.inc...
[ 16%] Building RISCVTargetParserDef.inc...
[ 16%] Building OMP.h.inc...
[ 16%] Building Attributes.inc...
[ 20%] Building AttrTextNodeDump.inc...
[ 20%] Building Attrs.inc...
[ 20%] Building NodeClasses.inc...
[ 20%] Built target vt_gen
[ 20%] Building OMP.inc...
[ 20%] Building AttrImpl.inc...
[ 20%] Building IntrinsicEnums.inc...
[ 24%] Building IntrinsicImpl.inc...
[ 24%] Built target ClangSyntaxNodeClasses
[ 24%] Built target omp_gen
[ 24%] Built target ClangAttrTextDump
[ 24%] Built target ClangAttrClasses
[ 24%] Built target ClangAttrImpl
[ 24%] Building AttrNodeTraverse.inc...
[ 24%] Building AttrVisitor.inc...
[ 24%] Building StmtNodes.inc...
[ 24%] Building DeclNodes.inc...
[ 24%] Building TypeNodes.inc...
[ 24%] Built target ClangAttrTraverse
[ 24%] Built target ClangStmtNodes
[ 24%] Built target ClangDeclNodes
[ 24%] Built target ClangAttrVisitor
[ 24%] Built target ClangTypeNodes
[ 24%] Building AbstractBasicReader.inc...
[ 24%] Building AbstractTypeReader.inc...
[ 24%] Building AbstractBasicWriter.inc...
[ 24%] Building AbstractTypeWriter.inc...
[ 24%] Building CommentNodes.inc...
[ 24%] Built target ClangAbstractBasicWriter
[ 24%] Built target ClangAbstractBasicReader
[ 24%] Built target ClangAbstractTypeReader
[ 24%] Built target ClangAbstractTypeWriter
[ 24%] Built target ClangCommentNodes
[ 24%] Building IntrinsicsAArch64.h...
[ 24%] Building IntrinsicsAMDGPU.h...
[ 24%] Building IntrinsicsARM.h...
[ 24%] Building CommentHTMLTags.inc...
[ 24%] Building CommentHTMLTagsProperties.inc...
[ 24%] Built target ClangCommentHTMLTags
[ 24%] Built target ClangCommentHTMLTagsProperties
[ 24%] Building CommentHTMLNamedCharacterReferences.inc...
[ 24%] Built target ClangCommentHTMLNamedCharacterReferences
[ 24%] Building CommentCommandInfo.inc...
[ 24%] Built target ClangCommentCommandInfo
[ 24%] Building CommentCommandList.inc...
[ 24%] Built target ClangCommentCommandList
[ 24%] Building StmtDataCollectors.inc...
[ 24%] Built target StmtDataCollectors
[ 24%] Building DiagnosticAnalysisKinds.inc...
[ 24%] Building DiagnosticASTKinds.inc...
[ 24%] Built target ClangDiagnosticAnalysis
[ 24%] Built target ClangDiagnosticAST
[ 24%] Building DiagnosticCommentKinds.inc...
[ 24%] Building IntrinsicsBPF.h...
[ 24%] Building DiagnosticCommonKinds.inc...
[ 24%] Building IntrinsicsDirectX.h...
[ 24%] Built target ClangDiagnosticComment
[ 24%] Building IntrinsicsHexagon.h...
[ 24%] Built target ClangDiagnosticCommon
[ 24%] Building DiagnosticCrossTUKinds.inc...
[ 24%] Building DiagnosticDriverKinds.inc...
[ 24%] Building DiagnosticLexKinds.inc...
[ 24%] Building DiagnosticFrontendKinds.inc...
[ 24%] Built target ClangDiagnosticCrossTU
[ 24%] Building IntrinsicsLoongArch.h...
[ 24%] Built target ClangDiagnosticDriver
[ 24%] Built target ClangDiagnosticFrontend
[ 24%] Built target ClangDiagnosticLex
[ 24%] Building IntrinsicsMips.h...
[ 24%] Building DiagnosticParseKinds.inc...
[ 24%] Building DiagnosticRefactoringKinds.inc...
[ 24%] Built target ClangDiagnosticParse
[ 24%] Built target ClangDiagnosticRefactoring
[ 24%] Building IntrinsicsNVPTX.h...
[ 24%] Building DiagnosticSemaKinds.inc...
[ 24%] Building DiagnosticSerializationKinds.inc...
[ 24%] Built target ClangDiagnosticSerialization
[ 24%] Building IntrinsicsPowerPC.h...
[ 24%] Built target ClangDiagnosticSema
[ 24%] Building IntrinsicsR600.h...
[ 24%] Building DiagnosticGroups.inc...
[ 24%] Building IntrinsicsRISCV.h...
[ 24%] Built target ClangDiagnosticGroups
[ 24%] Building DiagnosticIndexName.inc...
[ 24%] Building IntrinsicsSPIRV.h...
[ 24%] Building IntrinsicsS390.h...
[ 24%] Built target ClangDiagnosticIndexName
[ 24%] Building AttrList.inc...
[ 24%] Building IntrinsicsWebAssembly.h...
[ 24%] Built target ClangAttrList
[ 24%] Building AttrLeftSideCanPrintList.inc...
[ 24%] Built target ClangAttrCanPrintLeftList
[ 24%] Building AttrLeftSideMustPrintList.inc...
[ 24%] Built target ClangAttrMustPrintLeftList
[ 24%] Building AttrSubMatchRulesList.inc...
[ 24%] Building IntrinsicsX86.h...
[ 24%] Building RegularKeywordAttrInfo.inc...
[ 24%] Built target ClangAttrSubjectMatchRuleList
[ 24%] Building AttrHasAttributeImpl.inc...
[ 24%] Building IntrinsicsXCore.h...
[ 24%] Built target ClangRegularKeywordAttrInfo
[ 24%] Building IntrinsicsVE.h...
[ 24%] Built target ClangAttrHasAttributeImpl
[ 24%] Building arm_neon.inc...
[ 24%] Built target ClangARMNeon
[ 24%] Building arm_fp16.inc...
[ 24%] Building arm_mve_builtins.inc...
[ 24%] Built target ClangARMFP16
[ 24%] Building arm_mve_builtin_cg.inc...
[ 24%] Built target RISCVTargetParserTableGen
[ 24%] Building arm_mve_builtin_sema.inc...
[ 24%] Built target ClangARMMveBuiltinsDef
[ 24%] Building arm_mve_builtin_aliases.inc...
[ 24%] Building arm_sve_builtins.inc...
[ 24%] Built target ClangARMMveBuiltinCG
[ 24%] Built target ClangARMMveBuiltinSema
[ 24%] Building arm_sve_builtin_cg.inc...
[ 24%] Built target ClangARMMveBuiltinAliases
[ 24%] Building arm_sve_typeflags.inc...
[ 24%] Building arm_sve_sema_rangechecks.inc...
[ 24%] Building arm_sve_streaming_attrs.inc...
[ 24%] Built target ClangARMSveTypeFlags
[ 24%] Building arm_sme_builtins.inc...
[ 24%] Building arm_sme_builtin_cg.inc...
[ 24%] Built target ClangARMSveStreamingAttrs
[ 24%] Built target ClangARMSmeBuiltins
[ 24%] Built target ClangARMSmeBuiltinCG
[ 24%] Building arm_sme_sema_rangechecks.inc...
[ 24%] Building arm_sme_streaming_attrs.inc...
[ 24%] Built target ClangARMSveBuiltins
[ 24%] Building arm_sme_builtins_za_state.inc...
[ 24%] Built target ClangARMSmeSemaRangeChecks
[ 24%] Built target ClangARMSmeStreamingAttrs
[ 24%] Built target ClangARMSmeBuiltinsZAState
[ 24%] Building arm_cde_builtins.inc...
[ 24%] Built target intrinsics_gen
[ 24%] Built target ClangARMSveBuiltinCG
[ 24%] Built target ClangARMSveSemaRangeChecks
[ 24%] Building arm_cde_builtin_sema.inc...
[ 24%] Building arm_cde_builtin_cg.inc...
[ 28%] Building arm_cde_builtin_aliases.inc...
[ 28%] Built target ClangARMCdeBuiltinsDef
[ 28%] Building riscv_vector_builtins.inc...
[ 28%] Building riscv_vector_builtin_cg.inc...
[ 28%] Built target ClangARMCdeBuiltinSema
[ 28%] Built target ClangARMCdeBuiltinAliases
[ 28%] Building riscv_vector_builtin_sema.inc...
[ 28%] Built target ClangARMCdeBuiltinCG
[ 28%] Building riscv_sifive_vector_builtins.inc...
[ 28%] Building riscv_sifive_vector_builtin_cg.inc...
[ 28%] Built target ClangRISCVSiFiveVectorBuiltins
[ 28%] Building riscv_sifive_vector_builtin_sema.inc...
[ 28%] Built target ClangRISCVSiFiveVectorBuiltinCG
[ 28%] Built target LLVMCodeGenTypes
[ 28%] Built target LLVMTableGenGlobalISel
[ 28%] Built target ClangRISCVSiFiveVectorBuiltinSema
[ 28%] Building AttrParserStringSwitches.inc...
[ 28%] Building AttrSubMatchRulesParserStringSwitches.inc...
[ 28%] Building AttrTemplateInstantiate.inc...
[ 28%] Building AttrParsedAttrList.inc...
[ 28%] Building AttrParsedAttrKinds.inc...
[ 28%] Built target ClangAttrParserStringSwitches
[ 28%] Built target ClangAttrSubMatchRulesParserStringSwitches
[ 28%] Built target ClangAttrTemplateInstantiate
[ 28%] Built target ClangAttrParsedAttrList
[ 28%] Built target ClangAttrParsedAttrKinds
[ 28%] Building AttrSpellingListIndex.inc...
[ 28%] Building AttrParsedAttrImpl.inc...
[ 28%] Building AttrPCHWrite.inc...
[ 28%] Building AttrPCHRead.inc...
[ 28%] Building Checkers.inc...
[ 28%] Built target ClangAttrSpellingListIndex
[ 28%] Built target ClangAttrPCHRead
[ 28%] Built target ClangAttrPCHWrite
[ 28%] Built target ClangSACheckers
[ 28%] Built target ClangAttrParsedAttrImpl
[ 28%] Built target ClangRISCVVectorBuiltins
[ 28%] Building Nodes.inc...
[ 28%] Built target ClangRISCVVectorBuiltinSema
[ 28%] Built target ClangRISCVVectorBuiltinCG
[ 28%] Built target LLVMDebugInfoBTF
[ 28%] Built target LLVMTargetParser
[ 28%] Built target ClangSyntaxNodeList
[ 28%] Built target LLVMRemarks
[ 28%] Built target LLVMWindowsDriver
[ 28%] Built target LLVMBinaryFormat
[ 32%] Built target llvm-tblgen
[ 32%] Building Options.inc...
[ 32%] Built target LLVMTextAPI
[ 36%] Built target LLVMMC
[ 40%] Built target LLVMCore
[ 40%] Built target LLVMBitReader
[ 40%] Built target ClangDriverOptions
[ 40%] Built target LLVMFrontendHLSL
[ 40%] Built target LLVMAsmParser
[ 40%] Built target LLVMMCParser
[ 40%] Built target clang-tablegen-targets
[ 40%] Built target LLVMIRReader
[ 40%] Building Opcodes.inc...
[ 40%] Building OpenCLBuiltins.inc...
[ 40%] Building AttrDocTable.inc...
[ 40%] Built target obj.clangAPINotes
[ 40%] Built target obj.clangASTMatchers
[ 40%] Built target Opcodes
[ 40%] Built target obj.clangLex
[ 40%] Built target obj.clangParse
[ 40%] Built target ClangAttrDocTable
[ 44%] Built target obj.clangBasic
[ 44%] Built target obj.clangEdit
[ 44%] Built target obj.clangRewrite
[ 44%] Built target obj.clangCrossTU
[ 48%] Built target obj.clangAnalysis
[ 52%] Built target obj.clangSerialization
[ 52%] Built target obj.clangToolingCore
[ 52%] Built target obj.clangToolingInclusions
[ 52%] Built target obj.clangIndex
[ 52%] Built target ClangOpenCLBuiltinsImpl
[ 52%] Built target obj.clangFrontend
[ 52%] Built target obj.clangFormat
[ 56%] Built target obj.clangDriver
[ 56%] Built target obj.clangStaticAnalyzerFrontend
[ 56%] Built target LLVMObject
[ 60%] Built target obj.clangStaticAnalyzerCore
[ 60%] Built target obj.clangSema
[ 64%] Built target LLVMDebugInfoDWARF
[ 68%] Built target obj.clangAST
[ 72%] Built target LLVMDebugInfoPDB
[ 76%] Built target obj.clangStaticAnalyzerCheckers
[ 76%] Built target LLVMSymbolize
[ 76%] Built target LLVMProfileData
[ 80%] Built target LLVMAnalysis
[ 88%] Built target LLVMTransformUtils
[ 92%] Built target LLVMFrontendOffloading
[ 92%] Built target LLVMAggressiveInstCombine
[ 92%] Built target LLVMInstCombine
[ 96%] Built target LLVMScalarOpts
[ 96%] Built target LLVMFrontendOpenMP
[ 96%] Built target clangBasic
[ 96%] Built target clangAPINotes
[ 96%] Built target clangLex
[ 96%] Built target clangDriver
[ 96%] Built target clangRewrite
[ 96%] Built target clangAST
[ 96%] Built target clangToolingCore
[ 96%] Built target clangASTMatchers
[ 96%] Built target clangEdit
[100%] Built target clangToolingInclusions
[100%] Built target clangAnalysis
[100%] Built target clangFormat
[100%] Built target clangSema
[100%] Built target clangSerialization
[100%] Built target clangParse
[100%] Built target clangFrontend
[100%] Built target clangIndex
[100%] Built target clangCrossTU
[100%] Built target clangStaticAnalyzerCore
[100%] Built target clangStaticAnalyzerCheckers
[100%] Built target clangStaticAnalyzerFrontend
Consolidate compiler generated dependencies of target SAGenTestPlugin
[100%] Building CXX object tools/clang/lib/Analysis/plugins/SAGenTestHandling/CMakeFiles/SAGenTestPlugin.dir/SAGenTestChecker.cpp.o
[100%] Linking CXX shared module ../../../../../../lib/SAGenTestPlugin.so
[100%] Built target SAGenTestPlugin
