/scratch/chenyuan-data/SAGEN/llvm/llvm-2/clang/lib/Analysis/plugins/SAGenTestHandling/SAGenTestChecker.cpp: In static member function ‘static bool {anonymous}::SAGenTestChecker::hasImplicitPadding(clang::QualType, clang::ASTContext&)’:
/scratch/chenyuan-data/SAGEN/llvm/llvm-2/clang/lib/Analysis/plugins/SAGenTestHandling/SAGenTestChecker.cpp:239:32: error: invalid use of incomplete type ‘const class clang::ASTRecordLayout’
  239 |     uint64_t FieldOffsetBits = Layout.getFieldOffset(Index);
      |                                ^~~~~~
In file included from /scratch/chenyuan-data/SAGEN/llvm/llvm-2/clang/include/clang/AST/DeclTemplate.h:18,
                 from /scratch/chenyuan-data/SAGEN/llvm/llvm-2/clang/include/clang/AST/ExprCXX.h:22,
                 from /scratch/chenyuan-data/SAGEN/llvm/llvm-2/clang/include/clang/Analysis/CFG.h:18,
                 from /scratch/chenyuan-data/SAGEN/llvm/llvm-2/clang/include/clang/Analysis/AnalysisDeclContext.h:22,
                 from /scratch/chenyuan-data/SAGEN/llvm/llvm-2/clang/include/clang/Analysis/PathDiagnostic.h:17,
                 from /scratch/chenyuan-data/SAGEN/llvm/llvm-2/clang/include/clang/StaticAnalyzer/Core/BugReporter/BugReporter.h:17,
                 from /scratch/chenyuan-data/SAGEN/llvm/llvm-2/clang/lib/Analysis/plugins/SAGenTestHandling/SAGenTestChecker.cpp:1:
/scratch/chenyuan-data/SAGEN/llvm/llvm-2/clang/include/clang/AST/ASTContext.h:57:7: note: forward declaration of ‘class clang::ASTRecordLayout’
   57 | class ASTRecordLayout;
      |       ^~~~~~~~~~~~~~~
/scratch/chenyuan-data/SAGEN/llvm/llvm-2/clang/lib/Analysis/plugins/SAGenTestHandling/SAGenTestChecker.cpp: At global scope:
/scratch/chenyuan-data/SAGEN/llvm/llvm-2/clang/lib/Analysis/plugins/SAGenTestHandling/SAGenTestChecker.cpp:267:6: warning: ‘void {anonymous}::SAGenTestChecker::markPartiallyInit(clang::ento::ProgramStateRef&, const clang::VarDecl*) const’ defined but not used [-Wunused-function]
  267 | void SAGenTestChecker::markPartiallyInit(ProgramStateRef &State, const VarDecl *VD) const {
      |      ^~~~~~~~~~~~~~~~
/scratch/chenyuan-data/SAGEN/llvm/llvm-2/clang/lib/Analysis/plugins/SAGenTestHandling/SAGenTestChecker.cpp:261:6: warning: ‘void {anonymous}::SAGenTestChecker::markZeroCleared(clang::ento::ProgramStateRef&, const clang::VarDecl*) const’ defined but not used [-Wunused-function]
  261 | void SAGenTestChecker::markZeroCleared(ProgramStateRef &State, const VarDecl *VD) const {
      |      ^~~~~~~~~~~~~~~~
make[3]: *** [tools/clang/lib/Analysis/plugins/SAGenTestHandling/CMakeFiles/SAGenTestPlugin.dir/build.make:76: tools/clang/lib/Analysis/plugins/SAGenTestHandling/CMakeFiles/SAGenTestPlugin.dir/SAGenTestChecker.cpp.o] Error 1
make[2]: *** [CMakeFiles/Makefile2:29772: tools/clang/lib/Analysis/plugins/SAGenTestHandling/CMakeFiles/SAGenTestPlugin.dir/all] Error 2
make[1]: *** [CMakeFiles/Makefile2:29779: tools/clang/lib/Analysis/plugins/SAGenTestHandling/CMakeFiles/SAGenTestPlugin.dir/rule] Error 2
make: *** [Makefile:7495: SAGenTestPlugin] Error 2
